[1.470s] Invoking command in '/home/tony/IntegracionRobotica/ros2_ws/src/link_act': PYTHONPATH=/home/tony/IntegracionRobotica/ros2_ws/build/link_act/prefix_override:/usr/lib/python3/dist-packages/colcon_core/task/python/colcon_distutils_commands:/home/tony/IntegracionRobotica/ros2_ws/install/link_act/lib/python3.10/site-packages:${PYTHONPATH} /usr/bin/python3 -W ignore:setup.py install is deprecated -W ignore:easy_install command is deprecated setup.py egg_info --egg-base ../../build/link_act build --build-base /home/tony/IntegracionRobotica/ros2_ws/build/link_act/build install --record /home/tony/IntegracionRobotica/ros2_ws/build/link_act/install.log --single-version-externally-managed install_data
[1.701s] running egg_info
[1.702s] writing ../../build/link_act/link_act.egg-info/PKG-INFO
[1.702s] writing dependency_links to ../../build/link_act/link_act.egg-info/dependency_links.txt
[1.702s] writing entry points to ../../build/link_act/link_act.egg-info/entry_points.txt
[1.702s] writing requirements to ../../build/link_act/link_act.egg-info/requires.txt
[1.702s] writing top-level names to ../../build/link_act/link_act.egg-info/top_level.txt
[1.704s] reading manifest file '../../build/link_act/link_act.egg-info/SOURCES.txt'
[1.704s] adding license file 'LICENSE'
[1.705s] writing manifest file '../../build/link_act/link_act.egg-info/SOURCES.txt'
[1.705s] running build
[1.705s] running build_py
[1.705s] running install
[1.706s] running install_lib
[1.707s] running install_data
[1.707s] running install_egg_info
[1.709s] removing '/home/tony/IntegracionRobotica/ros2_ws/install/link_act/lib/python3.10/site-packages/link_act-0.0.0-py3.10.egg-info' (and everything under it)
[1.709s] Copying ../../build/link_act/link_act.egg-info to /home/tony/IntegracionRobotica/ros2_ws/install/link_act/lib/python3.10/site-packages/link_act-0.0.0-py3.10.egg-info
[1.710s] running install_scripts
[1.730s] Installing puzzle_drone script to /home/tony/IntegracionRobotica/ros2_ws/install/link_act/lib/link_act
[1.730s] writing list of installed files to '/home/tony/IntegracionRobotica/ros2_ws/build/link_act/install.log'
[1.756s] Invoked command in '/home/tony/IntegracionRobotica/ros2_ws/src/link_act' returned '0': PYTHONPATH=/home/tony/IntegracionRobotica/ros2_ws/build/link_act/prefix_override:/usr/lib/python3/dist-packages/colcon_core/task/python/colcon_distutils_commands:/home/tony/IntegracionRobotica/ros2_ws/install/link_act/lib/python3.10/site-packages:${PYTHONPATH} /usr/bin/python3 -W ignore:setup.py install is deprecated -W ignore:easy_install command is deprecated setup.py egg_info --egg-base ../../build/link_act build --build-base /home/tony/IntegracionRobotica/ros2_ws/build/link_act/build install --record /home/tony/IntegracionRobotica/ros2_ws/build/link_act/install.log --single-version-externally-managed install_data
