[0.111s] DEBUG:colcon:Command line arguments: ['/usr/bin/colcon', 'build']
[0.111s] DEBUG:colcon:Parsed command line arguments: Namespace(log_base=None, log_level=None, verb_name='build', build_base='build', install_base='install', merge_install=False, symlink_install=False, test_result_base=None, continue_on_error=False, executor='parallel', parallel_workers=22, event_handlers=None, ignore_user_meta=False, metas=['./colcon.meta'], base_paths=['.'], packages_ignore=None, packages_ignore_regex=None, paths=None, packages_up_to=None, packages_up_to_regex=None, packages_above=None, packages_above_and_dependencies=None, packages_above_depth=None, packages_select_by_dep=None, packages_skip_by_dep=None, packages_skip_up_to=None, packages_select_build_failed=False, packages_skip_build_finished=False, packages_select_test_failures=False, packages_skip_test_passed=False, packages_select=None, packages_skip=None, packages_select_regex=None, packages_skip_regex=None, packages_start=None, packages_end=None, allow_overriding=[], cmake_args=None, cmake_target=None, cmake_target_skip_unavailable=False, cmake_clean_cache=False, cmake_clean_first=False, cmake_force_configure=False, ament_cmake_args=None, catkin_cmake_args=None, catkin_skip_building_tests=False, mixin_files=None, mixin=None, verb_parser=<colcon_mixin.mixin.mixin_argument.MixinArgumentDecorator object at 0x7fc24e19c070>, verb_extension=<colcon_core.verb.build.BuildVerb object at 0x7fc24e15ba30>, main=<bound method BuildVerb.main of <colcon_core.verb.build.BuildVerb object at 0x7fc24e15ba30>>, mixin_verb=('build',))
[0.272s] Level 1:colcon.colcon_core.package_discovery:discover_packages(colcon_meta) check parameters
[0.272s] Level 1:colcon.colcon_core.package_discovery:discover_packages(recursive) check parameters
[0.272s] Level 1:colcon.colcon_core.package_discovery:discover_packages(ignore) check parameters
[0.272s] Level 1:colcon.colcon_core.package_discovery:discover_packages(path) check parameters
[0.272s] Level 1:colcon.colcon_core.package_discovery:discover_packages(colcon_meta) discover
[0.272s] Level 1:colcon.colcon_core.package_discovery:discover_packages(recursive) discover
[0.272s] INFO:colcon.colcon_core.package_discovery:Crawling recursively for packages in '/home/tony/IntegracionRobotica/ros2_ws'
[0.272s] Level 1:colcon.colcon_core.package_identification:_identify(.) by extensions ['ignore', 'ignore_ament_install']
[0.272s] Level 1:colcon.colcon_core.package_identification:_identify(.) by extension 'ignore'
[0.272s] Level 1:colcon.colcon_core.package_identification:_identify(.) by extension 'ignore_ament_install'
[0.272s] Level 1:colcon.colcon_core.package_identification:_identify(.) by extensions ['colcon_pkg']
[0.272s] Level 1:colcon.colcon_core.package_identification:_identify(.) by extension 'colcon_pkg'
[0.272s] Level 1:colcon.colcon_core.package_identification:_identify(.) by extensions ['colcon_meta']
[0.272s] Level 1:colcon.colcon_core.package_identification:_identify(.) by extension 'colcon_meta'
[0.272s] Level 1:colcon.colcon_core.package_identification:_identify(.) by extensions ['ros']
[0.272s] Level 1:colcon.colcon_core.package_identification:_identify(.) by extension 'ros'
[0.283s] Level 1:colcon.colcon_core.package_identification:_identify(.) by extensions ['cmake', 'python']
[0.283s] Level 1:colcon.colcon_core.package_identification:_identify(.) by extension 'cmake'
[0.283s] Level 1:colcon.colcon_core.package_identification:_identify(.) by extension 'python'
[0.283s] Level 1:colcon.colcon_core.package_identification:_identify(.) by extensions ['python_setup_py']
[0.283s] Level 1:colcon.colcon_core.package_identification:_identify(.) by extension 'python_setup_py'
[0.283s] Level 1:colcon.colcon_core.package_identification:_identify(build) by extensions ['ignore', 'ignore_ament_install']
[0.283s] Level 1:colcon.colcon_core.package_identification:_identify(build) by extension 'ignore'
[0.283s] Level 1:colcon.colcon_core.package_identification:_identify(build) ignored
[0.284s] Level 1:colcon.colcon_core.package_identification:_identify(install) by extensions ['ignore', 'ignore_ament_install']
[0.284s] Level 1:colcon.colcon_core.package_identification:_identify(install) by extension 'ignore'
[0.284s] Level 1:colcon.colcon_core.package_identification:_identify(install) ignored
[0.284s] Level 1:colcon.colcon_core.package_identification:_identify(log) by extensions ['ignore', 'ignore_ament_install']
[0.284s] Level 1:colcon.colcon_core.package_identification:_identify(log) by extension 'ignore'
[0.284s] Level 1:colcon.colcon_core.package_identification:_identify(log) ignored
[0.284s] Level 1:colcon.colcon_core.package_identification:_identify(src) by extensions ['ignore', 'ignore_ament_install']
[0.284s] Level 1:colcon.colcon_core.package_identification:_identify(src) by extension 'ignore'
[0.284s] Level 1:colcon.colcon_core.package_identification:_identify(src) by extension 'ignore_ament_install'
[0.284s] Level 1:colcon.colcon_core.package_identification:_identify(src) by extensions ['colcon_pkg']
[0.284s] Level 1:colcon.colcon_core.package_identification:_identify(src) by extension 'colcon_pkg'
[0.284s] Level 1:colcon.colcon_core.package_identification:_identify(src) by extensions ['colcon_meta']
[0.284s] Level 1:colcon.colcon_core.package_identification:_identify(src) by extension 'colcon_meta'
[0.284s] Level 1:colcon.colcon_core.package_identification:_identify(src) by extensions ['ros']
[0.284s] Level 1:colcon.colcon_core.package_identification:_identify(src) by extension 'ros'
[0.284s] Level 1:colcon.colcon_core.package_identification:_identify(src) by extensions ['cmake', 'python']
[0.284s] Level 1:colcon.colcon_core.package_identification:_identify(src) by extension 'cmake'
[0.285s] Level 1:colcon.colcon_core.package_identification:_identify(src) by extension 'python'
[0.285s] Level 1:colcon.colcon_core.package_identification:_identify(src) by extensions ['python_setup_py']
[0.285s] Level 1:colcon.colcon_core.package_identification:_identify(src) by extension 'python_setup_py'
[0.285s] Level 1:colcon.colcon_core.package_identification:_identify(src/link_act) by extensions ['ignore', 'ignore_ament_install']
[0.285s] Level 1:colcon.colcon_core.package_identification:_identify(src/link_act) by extension 'ignore'
[0.285s] Level 1:colcon.colcon_core.package_identification:_identify(src/link_act) by extension 'ignore_ament_install'
[0.285s] Level 1:colcon.colcon_core.package_identification:_identify(src/link_act) by extensions ['colcon_pkg']
[0.285s] Level 1:colcon.colcon_core.package_identification:_identify(src/link_act) by extension 'colcon_pkg'
[0.285s] Level 1:colcon.colcon_core.package_identification:_identify(src/link_act) by extensions ['colcon_meta']
[0.285s] Level 1:colcon.colcon_core.package_identification:_identify(src/link_act) by extension 'colcon_meta'
[0.285s] Level 1:colcon.colcon_core.package_identification:_identify(src/link_act) by extensions ['ros']
[0.285s] Level 1:colcon.colcon_core.package_identification:_identify(src/link_act) by extension 'ros'
[0.289s] DEBUG:colcon.colcon_core.package_identification:Package 'src/link_act' with type 'ros.ament_python' and name 'link_act'
[0.289s] Level 1:colcon.colcon_core.package_identification:_identify(src/puzzlebot2_sim) by extensions ['ignore', 'ignore_ament_install']
[0.289s] Level 1:colcon.colcon_core.package_identification:_identify(src/puzzlebot2_sim) by extension 'ignore'
[0.289s] Level 1:colcon.colcon_core.package_identification:_identify(src/puzzlebot2_sim) by extension 'ignore_ament_install'
[0.289s] Level 1:colcon.colcon_core.package_identification:_identify(src/puzzlebot2_sim) by extensions ['colcon_pkg']
[0.289s] Level 1:colcon.colcon_core.package_identification:_identify(src/puzzlebot2_sim) by extension 'colcon_pkg'
[0.289s] Level 1:colcon.colcon_core.package_identification:_identify(src/puzzlebot2_sim) by extensions ['colcon_meta']
[0.289s] Level 1:colcon.colcon_core.package_identification:_identify(src/puzzlebot2_sim) by extension 'colcon_meta'
[0.289s] Level 1:colcon.colcon_core.package_identification:_identify(src/puzzlebot2_sim) by extensions ['ros']
[0.289s] Level 1:colcon.colcon_core.package_identification:_identify(src/puzzlebot2_sim) by extension 'ros'
[0.290s] DEBUG:colcon.colcon_core.package_identification:Package 'src/puzzlebot2_sim' with type 'ros.ament_python' and name 'puzzlebot2_sim'
[0.291s] Level 1:colcon.colcon_core.package_identification:_identify(src/puzzlebot_sim) by extensions ['ignore', 'ignore_ament_install']
[0.291s] Level 1:colcon.colcon_core.package_identification:_identify(src/puzzlebot_sim) by extension 'ignore'
[0.291s] Level 1:colcon.colcon_core.package_identification:_identify(src/puzzlebot_sim) by extension 'ignore_ament_install'
[0.291s] Level 1:colcon.colcon_core.package_identification:_identify(src/puzzlebot_sim) by extensions ['colcon_pkg']
[0.291s] Level 1:colcon.colcon_core.package_identification:_identify(src/puzzlebot_sim) by extension 'colcon_pkg'
[0.291s] Level 1:colcon.colcon_core.package_identification:_identify(src/puzzlebot_sim) by extensions ['colcon_meta']
[0.291s] Level 1:colcon.colcon_core.package_identification:_identify(src/puzzlebot_sim) by extension 'colcon_meta'
[0.291s] Level 1:colcon.colcon_core.package_identification:_identify(src/puzzlebot_sim) by extensions ['ros']
[0.291s] Level 1:colcon.colcon_core.package_identification:_identify(src/puzzlebot_sim) by extension 'ros'
[0.292s] DEBUG:colcon.colcon_core.package_identification:Package 'src/puzzlebot_sim' with type 'ros.ament_python' and name 'puzzlebot_sim'
[0.292s] Level 1:colcon.colcon_core.package_identification:_identify(src/tf_examples) by extensions ['ignore', 'ignore_ament_install']
[0.292s] Level 1:colcon.colcon_core.package_identification:_identify(src/tf_examples) by extension 'ignore'
[0.292s] Level 1:colcon.colcon_core.package_identification:_identify(src/tf_examples) by extension 'ignore_ament_install'
[0.292s] Level 1:colcon.colcon_core.package_identification:_identify(src/tf_examples) by extensions ['colcon_pkg']
[0.292s] Level 1:colcon.colcon_core.package_identification:_identify(src/tf_examples) by extension 'colcon_pkg'
[0.292s] Level 1:colcon.colcon_core.package_identification:_identify(src/tf_examples) by extensions ['colcon_meta']
[0.292s] Level 1:colcon.colcon_core.package_identification:_identify(src/tf_examples) by extension 'colcon_meta'
[0.292s] Level 1:colcon.colcon_core.package_identification:_identify(src/tf_examples) by extensions ['ros']
[0.292s] Level 1:colcon.colcon_core.package_identification:_identify(src/tf_examples) by extension 'ros'
[0.293s] DEBUG:colcon.colcon_core.package_identification:Package 'src/tf_examples' with type 'ros.ament_python' and name 'tf_examples'
[0.293s] Level 1:colcon.colcon_core.package_discovery:discover_packages(recursive) using defaults
[0.293s] Level 1:colcon.colcon_core.package_discovery:discover_packages(ignore) discover
[0.294s] Level 1:colcon.colcon_core.package_discovery:discover_packages(ignore) using defaults
[0.294s] Level 1:colcon.colcon_core.package_discovery:discover_packages(path) discover
[0.294s] Level 1:colcon.colcon_core.package_discovery:discover_packages(path) using defaults
[0.322s] Level 1:colcon.colcon_core.package_discovery:discover_packages(prefix_path) check parameters
[0.322s] Level 1:colcon.colcon_core.package_discovery:discover_packages(prefix_path) discover
[0.324s] DEBUG:colcon.colcon_installed_package_information.package_discovery:Found 5 installed packages in /home/tony/IntegracionRobotica/ros2_ws/install
[0.326s] DEBUG:colcon.colcon_installed_package_information.package_discovery:Found 442 installed packages in /opt/ros/humble
[0.328s] Level 1:colcon.colcon_core.package_discovery:discover_packages(prefix_path) using defaults
[0.378s] Level 5:colcon.colcon_core.verb:set package 'link_act' build argument 'cmake_args' from command line to 'None'
[0.378s] Level 5:colcon.colcon_core.verb:set package 'link_act' build argument 'cmake_target' from command line to 'None'
[0.378s] Level 5:colcon.colcon_core.verb:set package 'link_act' build argument 'cmake_target_skip_unavailable' from command line to 'False'
[0.378s] Level 5:colcon.colcon_core.verb:set package 'link_act' build argument 'cmake_clean_cache' from command line to 'False'
[0.378s] Level 5:colcon.colcon_core.verb:set package 'link_act' build argument 'cmake_clean_first' from command line to 'False'
[0.378s] Level 5:colcon.colcon_core.verb:set package 'link_act' build argument 'cmake_force_configure' from command line to 'False'
[0.378s] Level 5:colcon.colcon_core.verb:set package 'link_act' build argument 'ament_cmake_args' from command line to 'None'
[0.378s] Level 5:colcon.colcon_core.verb:set package 'link_act' build argument 'catkin_cmake_args' from command line to 'None'
[0.378s] Level 5:colcon.colcon_core.verb:set package 'link_act' build argument 'catkin_skip_building_tests' from command line to 'False'
[0.378s] DEBUG:colcon.colcon_core.verb:Building package 'link_act' with the following arguments: {'ament_cmake_args': None, 'build_base': '/home/tony/IntegracionRobotica/ros2_ws/build/link_act', 'catkin_cmake_args': None, 'catkin_skip_building_tests': False, 'cmake_args': None, 'cmake_clean_cache': False, 'cmake_clean_first': False, 'cmake_force_configure': False, 'cmake_target': None, 'cmake_target_skip_unavailable': False, 'install_base': '/home/tony/IntegracionRobotica/ros2_ws/install/link_act', 'merge_install': False, 'path': '/home/tony/IntegracionRobotica/ros2_ws/src/link_act', 'symlink_install': False, 'test_result_base': None}
[0.379s] Level 5:colcon.colcon_core.verb:set package 'puzzlebot2_sim' build argument 'cmake_args' from command line to 'None'
[0.379s] Level 5:colcon.colcon_core.verb:set package 'puzzlebot2_sim' build argument 'cmake_target' from command line to 'None'
[0.379s] Level 5:colcon.colcon_core.verb:set package 'puzzlebot2_sim' build argument 'cmake_target_skip_unavailable' from command line to 'False'
[0.379s] Level 5:colcon.colcon_core.verb:set package 'puzzlebot2_sim' build argument 'cmake_clean_cache' from command line to 'False'
[0.379s] Level 5:colcon.colcon_core.verb:set package 'puzzlebot2_sim' build argument 'cmake_clean_first' from command line to 'False'
[0.379s] Level 5:colcon.colcon_core.verb:set package 'puzzlebot2_sim' build argument 'cmake_force_configure' from command line to 'False'
[0.379s] Level 5:colcon.colcon_core.verb:set package 'puzzlebot2_sim' build argument 'ament_cmake_args' from command line to 'None'
[0.379s] Level 5:colcon.colcon_core.verb:set package 'puzzlebot2_sim' build argument 'catkin_cmake_args' from command line to 'None'
[0.379s] Level 5:colcon.colcon_core.verb:set package 'puzzlebot2_sim' build argument 'catkin_skip_building_tests' from command line to 'False'
[0.379s] DEBUG:colcon.colcon_core.verb:Building package 'puzzlebot2_sim' with the following arguments: {'ament_cmake_args': None, 'build_base': '/home/tony/IntegracionRobotica/ros2_ws/build/puzzlebot2_sim', 'catkin_cmake_args': None, 'catkin_skip_building_tests': False, 'cmake_args': None, 'cmake_clean_cache': False, 'cmake_clean_first': False, 'cmake_force_configure': False, 'cmake_target': None, 'cmake_target_skip_unavailable': False, 'install_base': '/home/tony/IntegracionRobotica/ros2_ws/install/puzzlebot2_sim', 'merge_install': False, 'path': '/home/tony/IntegracionRobotica/ros2_ws/src/puzzlebot2_sim', 'symlink_install': False, 'test_result_base': None}
[0.379s] Level 5:colcon.colcon_core.verb:set package 'puzzlebot_sim' build argument 'cmake_args' from command line to 'None'
[0.379s] Level 5:colcon.colcon_core.verb:set package 'puzzlebot_sim' build argument 'cmake_target' from command line to 'None'
[0.379s] Level 5:colcon.colcon_core.verb:set package 'puzzlebot_sim' build argument 'cmake_target_skip_unavailable' from command line to 'False'
[0.379s] Level 5:colcon.colcon_core.verb:set package 'puzzlebot_sim' build argument 'cmake_clean_cache' from command line to 'False'
[0.379s] Level 5:colcon.colcon_core.verb:set package 'puzzlebot_sim' build argument 'cmake_clean_first' from command line to 'False'
[0.379s] Level 5:colcon.colcon_core.verb:set package 'puzzlebot_sim' build argument 'cmake_force_configure' from command line to 'False'
[0.379s] Level 5:colcon.colcon_core.verb:set package 'puzzlebot_sim' build argument 'ament_cmake_args' from command line to 'None'
[0.379s] Level 5:colcon.colcon_core.verb:set package 'puzzlebot_sim' build argument 'catkin_cmake_args' from command line to 'None'
[0.379s] Level 5:colcon.colcon_core.verb:set package 'puzzlebot_sim' build argument 'catkin_skip_building_tests' from command line to 'False'
[0.379s] DEBUG:colcon.colcon_core.verb:Building package 'puzzlebot_sim' with the following arguments: {'ament_cmake_args': None, 'build_base': '/home/tony/IntegracionRobotica/ros2_ws/build/puzzlebot_sim', 'catkin_cmake_args': None, 'catkin_skip_building_tests': False, 'cmake_args': None, 'cmake_clean_cache': False, 'cmake_clean_first': False, 'cmake_force_configure': False, 'cmake_target': None, 'cmake_target_skip_unavailable': False, 'install_base': '/home/tony/IntegracionRobotica/ros2_ws/install/puzzlebot_sim', 'merge_install': False, 'path': '/home/tony/IntegracionRobotica/ros2_ws/src/puzzlebot_sim', 'symlink_install': False, 'test_result_base': None}
[0.380s] Level 5:colcon.colcon_core.verb:set package 'tf_examples' build argument 'cmake_args' from command line to 'None'
[0.380s] Level 5:colcon.colcon_core.verb:set package 'tf_examples' build argument 'cmake_target' from command line to 'None'
[0.380s] Level 5:colcon.colcon_core.verb:set package 'tf_examples' build argument 'cmake_target_skip_unavailable' from command line to 'False'
[0.380s] Level 5:colcon.colcon_core.verb:set package 'tf_examples' build argument 'cmake_clean_cache' from command line to 'False'
[0.380s] Level 5:colcon.colcon_core.verb:set package 'tf_examples' build argument 'cmake_clean_first' from command line to 'False'
[0.380s] Level 5:colcon.colcon_core.verb:set package 'tf_examples' build argument 'cmake_force_configure' from command line to 'False'
[0.380s] Level 5:colcon.colcon_core.verb:set package 'tf_examples' build argument 'ament_cmake_args' from command line to 'None'
[0.380s] Level 5:colcon.colcon_core.verb:set package 'tf_examples' build argument 'catkin_cmake_args' from command line to 'None'
[0.380s] Level 5:colcon.colcon_core.verb:set package 'tf_examples' build argument 'catkin_skip_building_tests' from command line to 'False'
[0.380s] DEBUG:colcon.colcon_core.verb:Building package 'tf_examples' with the following arguments: {'ament_cmake_args': None, 'build_base': '/home/tony/IntegracionRobotica/ros2_ws/build/tf_examples', 'catkin_cmake_args': None, 'catkin_skip_building_tests': False, 'cmake_args': None, 'cmake_clean_cache': False, 'cmake_clean_first': False, 'cmake_force_configure': False, 'cmake_target': None, 'cmake_target_skip_unavailable': False, 'install_base': '/home/tony/IntegracionRobotica/ros2_ws/install/tf_examples', 'merge_install': False, 'path': '/home/tony/IntegracionRobotica/ros2_ws/src/tf_examples', 'symlink_install': False, 'test_result_base': None}
[0.380s] INFO:colcon.colcon_core.executor:Executing jobs using 'parallel' executor
[0.381s] DEBUG:colcon.colcon_parallel_executor.executor.parallel:run_until_complete
[0.382s] INFO:colcon.colcon_ros.task.ament_python.build:Building ROS package in '/home/tony/IntegracionRobotica/ros2_ws/src/link_act' with build type 'ament_python'
[0.382s] Level 1:colcon.colcon_core.shell:create_environment_hook('link_act', 'ament_prefix_path')
[0.384s] INFO:colcon.colcon_core.plugin_system:Skipping extension 'colcon_core.shell.bat': Not used on non-Windows systems
[0.384s] INFO:colcon.colcon_core.shell:Creating environment hook '/home/tony/IntegracionRobotica/ros2_ws/install/link_act/share/link_act/hook/ament_prefix_path.ps1'
[0.385s] INFO:colcon.colcon_core.shell:Creating environment descriptor '/home/tony/IntegracionRobotica/ros2_ws/install/link_act/share/link_act/hook/ament_prefix_path.dsv'
[0.386s] INFO:colcon.colcon_core.shell:Creating environment hook '/home/tony/IntegracionRobotica/ros2_ws/install/link_act/share/link_act/hook/ament_prefix_path.sh'
[0.387s] INFO:colcon.colcon_core.shell:Skip shell extension 'powershell' for command environment: Not usable outside of PowerShell
[0.387s] DEBUG:colcon.colcon_core.shell:Skip shell extension 'dsv' for command environment
[0.391s] INFO:colcon.colcon_ros.task.ament_python.build:Building ROS package in '/home/tony/IntegracionRobotica/ros2_ws/src/puzzlebot2_sim' with build type 'ament_python'
[0.391s] Level 1:colcon.colcon_core.shell:create_environment_hook('puzzlebot2_sim', 'ament_prefix_path')
[0.392s] INFO:colcon.colcon_core.shell:Creating environment hook '/home/tony/IntegracionRobotica/ros2_ws/install/puzzlebot2_sim/share/puzzlebot2_sim/hook/ament_prefix_path.ps1'
[0.392s] INFO:colcon.colcon_core.shell:Creating environment descriptor '/home/tony/IntegracionRobotica/ros2_ws/install/puzzlebot2_sim/share/puzzlebot2_sim/hook/ament_prefix_path.dsv'
[0.392s] INFO:colcon.colcon_core.shell:Creating environment hook '/home/tony/IntegracionRobotica/ros2_ws/install/puzzlebot2_sim/share/puzzlebot2_sim/hook/ament_prefix_path.sh'
[0.393s] INFO:colcon.colcon_core.shell:Skip shell extension 'powershell' for command environment: Not usable outside of PowerShell
[0.393s] DEBUG:colcon.colcon_core.shell:Skip shell extension 'dsv' for command environment
[0.397s] INFO:colcon.colcon_ros.task.ament_python.build:Building ROS package in '/home/tony/IntegracionRobotica/ros2_ws/src/puzzlebot_sim' with build type 'ament_python'
[0.398s] Level 1:colcon.colcon_core.shell:create_environment_hook('puzzlebot_sim', 'ament_prefix_path')
[0.398s] INFO:colcon.colcon_core.shell:Creating environment hook '/home/tony/IntegracionRobotica/ros2_ws/install/puzzlebot_sim/share/puzzlebot_sim/hook/ament_prefix_path.ps1'
[0.398s] INFO:colcon.colcon_core.shell:Creating environment descriptor '/home/tony/IntegracionRobotica/ros2_ws/install/puzzlebot_sim/share/puzzlebot_sim/hook/ament_prefix_path.dsv'
[0.399s] INFO:colcon.colcon_core.shell:Creating environment hook '/home/tony/IntegracionRobotica/ros2_ws/install/puzzlebot_sim/share/puzzlebot_sim/hook/ament_prefix_path.sh'
[0.400s] INFO:colcon.colcon_core.shell:Skip shell extension 'powershell' for command environment: Not usable outside of PowerShell
[0.400s] DEBUG:colcon.colcon_core.shell:Skip shell extension 'dsv' for command environment
[0.403s] INFO:colcon.colcon_ros.task.ament_python.build:Building ROS package in '/home/tony/IntegracionRobotica/ros2_ws/src/tf_examples' with build type 'ament_python'
[0.404s] Level 1:colcon.colcon_core.shell:create_environment_hook('tf_examples', 'ament_prefix_path')
[0.404s] INFO:colcon.colcon_core.shell:Creating environment hook '/home/tony/IntegracionRobotica/ros2_ws/install/tf_examples/share/tf_examples/hook/ament_prefix_path.ps1'
[0.404s] INFO:colcon.colcon_core.shell:Creating environment descriptor '/home/tony/IntegracionRobotica/ros2_ws/install/tf_examples/share/tf_examples/hook/ament_prefix_path.dsv'
[0.405s] INFO:colcon.colcon_core.shell:Creating environment hook '/home/tony/IntegracionRobotica/ros2_ws/install/tf_examples/share/tf_examples/hook/ament_prefix_path.sh'
[0.405s] INFO:colcon.colcon_core.shell:Skip shell extension 'powershell' for command environment: Not usable outside of PowerShell
[0.405s] DEBUG:colcon.colcon_core.shell:Skip shell extension 'dsv' for command environment
[0.684s] INFO:colcon.colcon_core.task.python.build:Building Python package in '/home/tony/IntegracionRobotica/ros2_ws/src/link_act'
[0.685s] INFO:colcon.colcon_core.shell:Skip shell extension 'powershell' for command environment: Not usable outside of PowerShell
[0.685s] DEBUG:colcon.colcon_core.shell:Skip shell extension 'dsv' for command environment
[0.969s] INFO:colcon.colcon_core.task.python.build:Building Python package in '/home/tony/IntegracionRobotica/ros2_ws/src/puzzlebot2_sim'
[0.969s] INFO:colcon.colcon_core.shell:Skip shell extension 'powershell' for command environment: Not usable outside of PowerShell
[0.969s] DEBUG:colcon.colcon_core.shell:Skip shell extension 'dsv' for command environment
[1.226s] INFO:colcon.colcon_core.task.python.build:Building Python package in '/home/tony/IntegracionRobotica/ros2_ws/src/puzzlebot_sim'
[1.226s] INFO:colcon.colcon_core.shell:Skip shell extension 'powershell' for command environment: Not usable outside of PowerShell
[1.226s] DEBUG:colcon.colcon_core.shell:Skip shell extension 'dsv' for command environment
[1.505s] INFO:colcon.colcon_core.task.python.build:Building Python package in '/home/tony/IntegracionRobotica/ros2_ws/src/tf_examples'
[1.505s] INFO:colcon.colcon_core.shell:Skip shell extension 'powershell' for command environment: Not usable outside of PowerShell
[1.505s] DEBUG:colcon.colcon_core.shell:Skip shell extension 'dsv' for command environment
[1.929s] DEBUG:colcon.colcon_core.event_handler.log_command:Invoking command in '/home/tony/IntegracionRobotica/ros2_ws/src/puzzlebot2_sim': PYTHONPATH=/home/tony/IntegracionRobotica/ros2_ws/build/puzzlebot2_sim/prefix_override:/usr/lib/python3/dist-packages/colcon_core/task/python/colcon_distutils_commands:/home/tony/IntegracionRobotica/ros2_ws/install/puzzlebot2_sim/lib/python3.10/site-packages:${PYTHONPATH} /usr/bin/python3 -W ignore:setup.py install is deprecated -W ignore:easy_install command is deprecated setup.py egg_info --egg-base ../../build/puzzlebot2_sim build --build-base /home/tony/IntegracionRobotica/ros2_ws/build/puzzlebot2_sim/build install --record /home/tony/IntegracionRobotica/ros2_ws/build/puzzlebot2_sim/install.log --single-version-externally-managed install_data
[1.934s] DEBUG:colcon.colcon_core.event_handler.log_command:Invoking command in '/home/tony/IntegracionRobotica/ros2_ws/src/puzzlebot_sim': PYTHONPATH=/home/tony/IntegracionRobotica/ros2_ws/build/puzzlebot_sim/prefix_override:/usr/lib/python3/dist-packages/colcon_core/task/python/colcon_distutils_commands:/home/tony/IntegracionRobotica/ros2_ws/install/puzzlebot_sim/lib/python3.10/site-packages:${PYTHONPATH} /usr/bin/python3 -W ignore:setup.py install is deprecated -W ignore:easy_install command is deprecated setup.py egg_info --egg-base ../../build/puzzlebot_sim build --build-base /home/tony/IntegracionRobotica/ros2_ws/build/puzzlebot_sim/build install --record /home/tony/IntegracionRobotica/ros2_ws/build/puzzlebot_sim/install.log --single-version-externally-managed install_data
[1.936s] DEBUG:colcon.colcon_core.event_handler.log_command:Invoking command in '/home/tony/IntegracionRobotica/ros2_ws/src/tf_examples': PYTHONPATH=/home/tony/IntegracionRobotica/ros2_ws/build/tf_examples/prefix_override:/usr/lib/python3/dist-packages/colcon_core/task/python/colcon_distutils_commands:/home/tony/IntegracionRobotica/ros2_ws/install/tf_examples/lib/python3.10/site-packages:${PYTHONPATH} /usr/bin/python3 -W ignore:setup.py install is deprecated -W ignore:easy_install command is deprecated setup.py egg_info --egg-base ../../build/tf_examples build --build-base /home/tony/IntegracionRobotica/ros2_ws/build/tf_examples/build install --record /home/tony/IntegracionRobotica/ros2_ws/build/tf_examples/install.log --single-version-externally-managed install_data
[1.944s] DEBUG:colcon.colcon_core.event_handler.log_command:Invoking command in '/home/tony/IntegracionRobotica/ros2_ws/src/link_act': PYTHONPATH=/home/tony/IntegracionRobotica/ros2_ws/build/link_act/prefix_override:/usr/lib/python3/dist-packages/colcon_core/task/python/colcon_distutils_commands:/home/tony/IntegracionRobotica/ros2_ws/install/link_act/lib/python3.10/site-packages:${PYTHONPATH} /usr/bin/python3 -W ignore:setup.py install is deprecated -W ignore:easy_install command is deprecated setup.py egg_info --egg-base ../../build/link_act build --build-base /home/tony/IntegracionRobotica/ros2_ws/build/link_act/build install --record /home/tony/IntegracionRobotica/ros2_ws/build/link_act/install.log --single-version-externally-managed install_data
[2.223s] DEBUG:colcon.colcon_core.event_handler.log_command:Invoked command in '/home/tony/IntegracionRobotica/ros2_ws/src/puzzlebot_sim' returned '0': PYTHONPATH=/home/tony/IntegracionRobotica/ros2_ws/build/puzzlebot_sim/prefix_override:/usr/lib/python3/dist-packages/colcon_core/task/python/colcon_distutils_commands:/home/tony/IntegracionRobotica/ros2_ws/install/puzzlebot_sim/lib/python3.10/site-packages:${PYTHONPATH} /usr/bin/python3 -W ignore:setup.py install is deprecated -W ignore:easy_install command is deprecated setup.py egg_info --egg-base ../../build/puzzlebot_sim build --build-base /home/tony/IntegracionRobotica/ros2_ws/build/puzzlebot_sim/build install --record /home/tony/IntegracionRobotica/ros2_ws/build/puzzlebot_sim/install.log --single-version-externally-managed install_data
[2.229s] Level 1:colcon.colcon_core.environment:checking '/home/tony/IntegracionRobotica/ros2_ws/install/puzzlebot_sim' for CMake module files
[2.229s] Level 1:colcon.colcon_core.environment:checking '/home/tony/IntegracionRobotica/ros2_ws/install/puzzlebot_sim' for CMake config files
[2.230s] Level 1:colcon.colcon_core.environment:checking '/home/tony/IntegracionRobotica/ros2_ws/install/puzzlebot_sim/lib'
[2.231s] Level 1:colcon.colcon_core.environment:checking '/home/tony/IntegracionRobotica/ros2_ws/install/puzzlebot_sim/bin'
[2.231s] Level 1:colcon.colcon_core.environment:checking '/home/tony/IntegracionRobotica/ros2_ws/install/puzzlebot_sim/lib/pkgconfig/puzzlebot_sim.pc'
[2.231s] Level 1:colcon.colcon_core.environment:checking '/home/tony/IntegracionRobotica/ros2_ws/install/puzzlebot_sim/lib/python3.10/site-packages'
[2.231s] Level 1:colcon.colcon_core.shell:create_environment_hook('puzzlebot_sim', 'pythonpath')
[2.232s] INFO:colcon.colcon_core.shell:Creating environment hook '/home/tony/IntegracionRobotica/ros2_ws/install/puzzlebot_sim/share/puzzlebot_sim/hook/pythonpath.ps1'
[2.232s] INFO:colcon.colcon_core.shell:Creating environment descriptor '/home/tony/IntegracionRobotica/ros2_ws/install/puzzlebot_sim/share/puzzlebot_sim/hook/pythonpath.dsv'
[2.233s] INFO:colcon.colcon_core.shell:Creating environment hook '/home/tony/IntegracionRobotica/ros2_ws/install/puzzlebot_sim/share/puzzlebot_sim/hook/pythonpath.sh'
[2.233s] Level 1:colcon.colcon_core.environment:checking '/home/tony/IntegracionRobotica/ros2_ws/install/puzzlebot_sim/bin'
[2.233s] Level 1:colcon.colcon_core.environment:create_environment_scripts_only(puzzlebot_sim)
[2.234s] INFO:colcon.colcon_core.shell:Creating package script '/home/tony/IntegracionRobotica/ros2_ws/install/puzzlebot_sim/share/puzzlebot_sim/package.ps1'
[2.235s] INFO:colcon.colcon_core.shell:Creating package descriptor '/home/tony/IntegracionRobotica/ros2_ws/install/puzzlebot_sim/share/puzzlebot_sim/package.dsv'
[2.236s] INFO:colcon.colcon_core.shell:Creating package script '/home/tony/IntegracionRobotica/ros2_ws/install/puzzlebot_sim/share/puzzlebot_sim/package.sh'
[2.238s] INFO:colcon.colcon_core.shell:Creating package script '/home/tony/IntegracionRobotica/ros2_ws/install/puzzlebot_sim/share/puzzlebot_sim/package.bash'
[2.240s] INFO:colcon.colcon_core.shell:Creating package script '/home/tony/IntegracionRobotica/ros2_ws/install/puzzlebot_sim/share/puzzlebot_sim/package.zsh'
[2.241s] Level 1:colcon.colcon_core.environment:create_file_with_runtime_dependencies(/home/tony/IntegracionRobotica/ros2_ws/install/puzzlebot_sim/share/colcon-core/packages/puzzlebot_sim)
[2.243s] Level 1:colcon.colcon_core.environment:checking '/home/tony/IntegracionRobotica/ros2_ws/install/tf_examples' for CMake module files
[2.244s] Level 1:colcon.colcon_core.environment:checking '/home/tony/IntegracionRobotica/ros2_ws/install/tf_examples' for CMake config files
[2.244s] DEBUG:colcon.colcon_core.event_handler.log_command:Invoked command in '/home/tony/IntegracionRobotica/ros2_ws/src/tf_examples' returned '0': PYTHONPATH=/home/tony/IntegracionRobotica/ros2_ws/build/tf_examples/prefix_override:/usr/lib/python3/dist-packages/colcon_core/task/python/colcon_distutils_commands:/home/tony/IntegracionRobotica/ros2_ws/install/tf_examples/lib/python3.10/site-packages:${PYTHONPATH} /usr/bin/python3 -W ignore:setup.py install is deprecated -W ignore:easy_install command is deprecated setup.py egg_info --egg-base ../../build/tf_examples build --build-base /home/tony/IntegracionRobotica/ros2_ws/build/tf_examples/build install --record /home/tony/IntegracionRobotica/ros2_ws/build/tf_examples/install.log --single-version-externally-managed install_data
[2.244s] Level 1:colcon.colcon_core.environment:checking '/home/tony/IntegracionRobotica/ros2_ws/install/tf_examples/lib'
[2.244s] Level 1:colcon.colcon_core.environment:checking '/home/tony/IntegracionRobotica/ros2_ws/install/tf_examples/bin'
[2.245s] Level 1:colcon.colcon_core.environment:checking '/home/tony/IntegracionRobotica/ros2_ws/install/tf_examples/lib/pkgconfig/tf_examples.pc'
[2.245s] Level 1:colcon.colcon_core.environment:checking '/home/tony/IntegracionRobotica/ros2_ws/install/tf_examples/lib/python3.10/site-packages'
[2.245s] Level 1:colcon.colcon_core.shell:create_environment_hook('tf_examples', 'pythonpath')
[2.245s] INFO:colcon.colcon_core.shell:Creating environment hook '/home/tony/IntegracionRobotica/ros2_ws/install/tf_examples/share/tf_examples/hook/pythonpath.ps1'
[2.246s] INFO:colcon.colcon_core.shell:Creating environment descriptor '/home/tony/IntegracionRobotica/ros2_ws/install/tf_examples/share/tf_examples/hook/pythonpath.dsv'
[2.246s] INFO:colcon.colcon_core.shell:Creating environment hook '/home/tony/IntegracionRobotica/ros2_ws/install/tf_examples/share/tf_examples/hook/pythonpath.sh'
[2.246s] Level 1:colcon.colcon_core.environment:checking '/home/tony/IntegracionRobotica/ros2_ws/install/tf_examples/bin'
[2.247s] Level 1:colcon.colcon_core.environment:create_environment_scripts_only(tf_examples)
[2.247s] INFO:colcon.colcon_core.shell:Creating package script '/home/tony/IntegracionRobotica/ros2_ws/install/tf_examples/share/tf_examples/package.ps1'
[2.247s] INFO:colcon.colcon_core.shell:Creating package descriptor '/home/tony/IntegracionRobotica/ros2_ws/install/tf_examples/share/tf_examples/package.dsv'
[2.248s] INFO:colcon.colcon_core.shell:Creating package script '/home/tony/IntegracionRobotica/ros2_ws/install/tf_examples/share/tf_examples/package.sh'
[2.248s] INFO:colcon.colcon_core.shell:Creating package script '/home/tony/IntegracionRobotica/ros2_ws/install/tf_examples/share/tf_examples/package.bash'
[2.248s] INFO:colcon.colcon_core.shell:Creating package script '/home/tony/IntegracionRobotica/ros2_ws/install/tf_examples/share/tf_examples/package.zsh'
[2.249s] Level 1:colcon.colcon_core.environment:create_file_with_runtime_dependencies(/home/tony/IntegracionRobotica/ros2_ws/install/tf_examples/share/colcon-core/packages/tf_examples)
[2.249s] Level 1:colcon.colcon_core.environment:checking '/home/tony/IntegracionRobotica/ros2_ws/install/puzzlebot2_sim' for CMake module files
[2.250s] Level 1:colcon.colcon_core.environment:checking '/home/tony/IntegracionRobotica/ros2_ws/install/puzzlebot2_sim' for CMake config files
[2.251s] DEBUG:colcon.colcon_core.event_handler.log_command:Invoked command in '/home/tony/IntegracionRobotica/ros2_ws/src/puzzlebot2_sim' returned '0': PYTHONPATH=/home/tony/IntegracionRobotica/ros2_ws/build/puzzlebot2_sim/prefix_override:/usr/lib/python3/dist-packages/colcon_core/task/python/colcon_distutils_commands:/home/tony/IntegracionRobotica/ros2_ws/install/puzzlebot2_sim/lib/python3.10/site-packages:${PYTHONPATH} /usr/bin/python3 -W ignore:setup.py install is deprecated -W ignore:easy_install command is deprecated setup.py egg_info --egg-base ../../build/puzzlebot2_sim build --build-base /home/tony/IntegracionRobotica/ros2_ws/build/puzzlebot2_sim/build install --record /home/tony/IntegracionRobotica/ros2_ws/build/puzzlebot2_sim/install.log --single-version-externally-managed install_data
[2.251s] Level 1:colcon.colcon_core.environment:checking '/home/tony/IntegracionRobotica/ros2_ws/install/puzzlebot2_sim/lib'
[2.251s] Level 1:colcon.colcon_core.environment:checking '/home/tony/IntegracionRobotica/ros2_ws/install/puzzlebot2_sim/bin'
[2.251s] Level 1:colcon.colcon_core.environment:checking '/home/tony/IntegracionRobotica/ros2_ws/install/puzzlebot2_sim/lib/pkgconfig/puzzlebot2_sim.pc'
[2.252s] Level 1:colcon.colcon_core.environment:checking '/home/tony/IntegracionRobotica/ros2_ws/install/puzzlebot2_sim/lib/python3.10/site-packages'
[2.252s] Level 1:colcon.colcon_core.shell:create_environment_hook('puzzlebot2_sim', 'pythonpath')
[2.252s] INFO:colcon.colcon_core.shell:Creating environment hook '/home/tony/IntegracionRobotica/ros2_ws/install/puzzlebot2_sim/share/puzzlebot2_sim/hook/pythonpath.ps1'
[2.252s] INFO:colcon.colcon_core.shell:Creating environment descriptor '/home/tony/IntegracionRobotica/ros2_ws/install/puzzlebot2_sim/share/puzzlebot2_sim/hook/pythonpath.dsv'
[2.253s] INFO:colcon.colcon_core.shell:Creating environment hook '/home/tony/IntegracionRobotica/ros2_ws/install/puzzlebot2_sim/share/puzzlebot2_sim/hook/pythonpath.sh'
[2.253s] Level 1:colcon.colcon_core.environment:checking '/home/tony/IntegracionRobotica/ros2_ws/install/puzzlebot2_sim/bin'
[2.253s] Level 1:colcon.colcon_core.environment:create_environment_scripts_only(puzzlebot2_sim)
[2.253s] INFO:colcon.colcon_core.shell:Creating package script '/home/tony/IntegracionRobotica/ros2_ws/install/puzzlebot2_sim/share/puzzlebot2_sim/package.ps1'
[2.254s] INFO:colcon.colcon_core.shell:Creating package descriptor '/home/tony/IntegracionRobotica/ros2_ws/install/puzzlebot2_sim/share/puzzlebot2_sim/package.dsv'
[2.254s] INFO:colcon.colcon_core.shell:Creating package script '/home/tony/IntegracionRobotica/ros2_ws/install/puzzlebot2_sim/share/puzzlebot2_sim/package.sh'
[2.255s] INFO:colcon.colcon_core.shell:Creating package script '/home/tony/IntegracionRobotica/ros2_ws/install/puzzlebot2_sim/share/puzzlebot2_sim/package.bash'
[2.255s] INFO:colcon.colcon_core.shell:Creating package script '/home/tony/IntegracionRobotica/ros2_ws/install/puzzlebot2_sim/share/puzzlebot2_sim/package.zsh'
[2.255s] Level 1:colcon.colcon_core.environment:create_file_with_runtime_dependencies(/home/tony/IntegracionRobotica/ros2_ws/install/puzzlebot2_sim/share/colcon-core/packages/puzzlebot2_sim)
[2.256s] Level 1:colcon.colcon_core.environment:checking '/home/tony/IntegracionRobotica/ros2_ws/install/link_act' for CMake module files
[2.257s] DEBUG:colcon.colcon_core.event_handler.log_command:Invoked command in '/home/tony/IntegracionRobotica/ros2_ws/src/link_act' returned '0': PYTHONPATH=/home/tony/IntegracionRobotica/ros2_ws/build/link_act/prefix_override:/usr/lib/python3/dist-packages/colcon_core/task/python/colcon_distutils_commands:/home/tony/IntegracionRobotica/ros2_ws/install/link_act/lib/python3.10/site-packages:${PYTHONPATH} /usr/bin/python3 -W ignore:setup.py install is deprecated -W ignore:easy_install command is deprecated setup.py egg_info --egg-base ../../build/link_act build --build-base /home/tony/IntegracionRobotica/ros2_ws/build/link_act/build install --record /home/tony/IntegracionRobotica/ros2_ws/build/link_act/install.log --single-version-externally-managed install_data
[2.257s] Level 1:colcon.colcon_core.environment:checking '/home/tony/IntegracionRobotica/ros2_ws/install/link_act' for CMake config files
[2.257s] Level 1:colcon.colcon_core.environment:checking '/home/tony/IntegracionRobotica/ros2_ws/install/link_act/lib'
[2.257s] Level 1:colcon.colcon_core.environment:checking '/home/tony/IntegracionRobotica/ros2_ws/install/link_act/bin'
[2.257s] Level 1:colcon.colcon_core.environment:checking '/home/tony/IntegracionRobotica/ros2_ws/install/link_act/lib/pkgconfig/link_act.pc'
[2.258s] Level 1:colcon.colcon_core.environment:checking '/home/tony/IntegracionRobotica/ros2_ws/install/link_act/lib/python3.10/site-packages'
[2.258s] Level 1:colcon.colcon_core.shell:create_environment_hook('link_act', 'pythonpath')
[2.258s] INFO:colcon.colcon_core.shell:Creating environment hook '/home/tony/IntegracionRobotica/ros2_ws/install/link_act/share/link_act/hook/pythonpath.ps1'
[2.258s] INFO:colcon.colcon_core.shell:Creating environment descriptor '/home/tony/IntegracionRobotica/ros2_ws/install/link_act/share/link_act/hook/pythonpath.dsv'
[2.259s] INFO:colcon.colcon_core.shell:Creating environment hook '/home/tony/IntegracionRobotica/ros2_ws/install/link_act/share/link_act/hook/pythonpath.sh'
[2.259s] Level 1:colcon.colcon_core.environment:checking '/home/tony/IntegracionRobotica/ros2_ws/install/link_act/bin'
[2.259s] Level 1:colcon.colcon_core.environment:create_environment_scripts_only(link_act)
[2.260s] INFO:colcon.colcon_core.shell:Creating package script '/home/tony/IntegracionRobotica/ros2_ws/install/link_act/share/link_act/package.ps1'
[2.260s] INFO:colcon.colcon_core.shell:Creating package descriptor '/home/tony/IntegracionRobotica/ros2_ws/install/link_act/share/link_act/package.dsv'
[2.260s] INFO:colcon.colcon_core.shell:Creating package script '/home/tony/IntegracionRobotica/ros2_ws/install/link_act/share/link_act/package.sh'
[2.261s] INFO:colcon.colcon_core.shell:Creating package script '/home/tony/IntegracionRobotica/ros2_ws/install/link_act/share/link_act/package.bash'
[2.261s] INFO:colcon.colcon_core.shell:Creating package script '/home/tony/IntegracionRobotica/ros2_ws/install/link_act/share/link_act/package.zsh'
[2.261s] Level 1:colcon.colcon_core.environment:create_file_with_runtime_dependencies(/home/tony/IntegracionRobotica/ros2_ws/install/link_act/share/colcon-core/packages/link_act)
[2.262s] DEBUG:colcon.colcon_parallel_executor.executor.parallel:closing loop
[2.262s] DEBUG:colcon.colcon_parallel_executor.executor.parallel:loop closed
[2.262s] DEBUG:colcon.colcon_parallel_executor.executor.parallel:run_until_complete finished with '0'
[2.262s] DEBUG:colcon.colcon_core.event_reactor:joining thread
[2.268s] INFO:colcon.colcon_core.plugin_system:Skipping extension 'colcon_notification.desktop_notification.terminal_notifier': Not used on non-Darwin systems
[2.268s] INFO:colcon.colcon_core.plugin_system:Skipping extension 'colcon_notification.desktop_notification.win32': Not used on non-Windows systems
[2.268s] INFO:colcon.colcon_notification.desktop_notification:Sending desktop notification using 'notify2'
[2.295s] DEBUG:colcon.colcon_core.event_reactor:joined thread
[2.296s] INFO:colcon.colcon_core.shell:Creating prefix script '/home/tony/IntegracionRobotica/ros2_ws/install/local_setup.ps1'
[2.297s] INFO:colcon.colcon_core.shell:Creating prefix util module '/home/tony/IntegracionRobotica/ros2_ws/install/_local_setup_util_ps1.py'
[2.299s] INFO:colcon.colcon_core.shell:Creating prefix chain script '/home/tony/IntegracionRobotica/ros2_ws/install/setup.ps1'
[2.300s] INFO:colcon.colcon_core.shell:Creating prefix script '/home/tony/IntegracionRobotica/ros2_ws/install/local_setup.sh'
[2.301s] INFO:colcon.colcon_core.shell:Creating prefix util module '/home/tony/IntegracionRobotica/ros2_ws/install/_local_setup_util_sh.py'
[2.302s] INFO:colcon.colcon_core.shell:Creating prefix chain script '/home/tony/IntegracionRobotica/ros2_ws/install/setup.sh'
[2.303s] INFO:colcon.colcon_core.shell:Creating prefix script '/home/tony/IntegracionRobotica/ros2_ws/install/local_setup.bash'
[2.304s] INFO:colcon.colcon_core.shell:Creating prefix chain script '/home/tony/IntegracionRobotica/ros2_ws/install/setup.bash'
[2.305s] INFO:colcon.colcon_core.shell:Creating prefix script '/home/tony/IntegracionRobotica/ros2_ws/install/local_setup.zsh'
[2.306s] INFO:colcon.colcon_core.shell:Creating prefix chain script '/home/tony/IntegracionRobotica/ros2_ws/install/setup.zsh'
