[0.672s] Invoking command in '/home/tony/IntegracionRobotica/ros2_ws/src/link_act': PYTHONPATH=/home/tony/IntegracionRobotica/ros2_ws/build/link_act/prefix_override:/usr/lib/python3/dist-packages/colcon_core/task/python/colcon_distutils_commands:/home/tony/IntegracionRobotica/ros2_ws/install/link_act/lib/python3.10/site-packages:${PYTHONPATH} /usr/bin/python3 -W ignore:setup.py install is deprecated -W ignore:easy_install command is deprecated setup.py egg_info --egg-base ../../build/link_act build --build-base /home/tony/IntegracionRobotica/ros2_ws/build/link_act/build install --record /home/tony/IntegracionRobotica/ros2_ws/build/link_act/install.log --single-version-externally-managed install_data
[0.790s] running egg_info
[0.791s] writing ../../build/link_act/link_act.egg-info/PKG-INFO
[0.791s] writing dependency_links to ../../build/link_act/link_act.egg-info/dependency_links.txt
[0.791s] writing entry points to ../../build/link_act/link_act.egg-info/entry_points.txt
[0.791s] writing requirements to ../../build/link_act/link_act.egg-info/requires.txt
[0.791s] writing top-level names to ../../build/link_act/link_act.egg-info/top_level.txt
[0.792s] reading manifest file '../../build/link_act/link_act.egg-info/SOURCES.txt'
[0.792s] adding license file 'LICENSE'
[0.792s] writing manifest file '../../build/link_act/link_act.egg-info/SOURCES.txt'
[0.792s] running build
[0.792s] running build_py
[0.792s] copying link_act/__init__.py -> /home/tony/IntegracionRobotica/ros2_ws/build/link_act/build/lib/link_act
[0.792s] copying link_act/puzzle_drone.py -> /home/tony/IntegracionRobotica/ros2_ws/build/link_act/build/lib/link_act
[0.793s] running install
[0.793s] running install_lib
[0.793s] copying /home/tony/IntegracionRobotica/ros2_ws/build/link_act/build/lib/link_act/__init__.py -> /home/tony/IntegracionRobotica/ros2_ws/install/link_act/lib/python3.10/site-packages/link_act
[0.793s] copying /home/tony/IntegracionRobotica/ros2_ws/build/link_act/build/lib/link_act/puzzle_drone.py -> /home/tony/IntegracionRobotica/ros2_ws/install/link_act/lib/python3.10/site-packages/link_act
[0.793s] byte-compiling /home/tony/IntegracionRobotica/ros2_ws/install/link_act/lib/python3.10/site-packages/link_act/__init__.py to __init__.cpython-310.pyc
[0.794s] byte-compiling /home/tony/IntegracionRobotica/ros2_ws/install/link_act/lib/python3.10/site-packages/link_act/puzzle_drone.py to puzzle_drone.cpython-310.pyc
[0.794s] running install_data
[0.794s] copying resource/link_act -> /home/tony/IntegracionRobotica/ros2_ws/install/link_act/share/ament_index/resource_index/packages
[0.794s] copying package.xml -> /home/tony/IntegracionRobotica/ros2_ws/install/link_act/share/link_act
[0.794s] copying launch/cylinder_launch.py -> /home/tony/IntegracionRobotica/ros2_ws/install/link_act/share/link_act/launch
[0.794s] copying launch/puzzledrone_launch.py -> /home/tony/IntegracionRobotica/ros2_ws/install/link_act/share/link_act/launch
[0.794s] copying rviz/puzzledrone.rviz -> /home/tony/IntegracionRobotica/ros2_ws/install/link_act/share/link_act/rviz
[0.794s] copying meshes/base_210mm.stl -> /home/tony/IntegracionRobotica/ros2_ws/install/link_act/share/link_act/meshes
[0.795s] copying meshes/propeller_ccw_puller_5in.stl -> /home/tony/IntegracionRobotica/ros2_ws/install/link_act/share/link_act/meshes
[0.795s] copying meshes/propeller_cw_puller_5in.stl -> /home/tony/IntegracionRobotica/ros2_ws/install/link_act/share/link_act/meshes
[0.795s] copying urdf/cylinder.urdf -> /home/tony/IntegracionRobotica/ros2_ws/install/link_act/share/link_act/urdf
[0.796s] copying urdf/puzzle_drone.urdf -> /home/tony/IntegracionRobotica/ros2_ws/install/link_act/share/link_act/urdf
[0.796s] running install_egg_info
[0.797s] removing '/home/tony/IntegracionRobotica/ros2_ws/install/link_act/lib/python3.10/site-packages/link_act-0.0.0-py3.10.egg-info' (and everything under it)
[0.797s] Copying ../../build/link_act/link_act.egg-info to /home/tony/IntegracionRobotica/ros2_ws/install/link_act/lib/python3.10/site-packages/link_act-0.0.0-py3.10.egg-info
[0.797s] running install_scripts
[0.809s] Installing puzzle_drone script to /home/tony/IntegracionRobotica/ros2_ws/install/link_act/lib/link_act
[0.809s] writing list of installed files to '/home/tony/IntegracionRobotica/ros2_ws/build/link_act/install.log'
[0.835s] Invoked command in '/home/tony/IntegracionRobotica/ros2_ws/src/link_act' returned '0': PYTHONPATH=/home/tony/IntegracionRobotica/ros2_ws/build/link_act/prefix_override:/usr/lib/python3/dist-packages/colcon_core/task/python/colcon_distutils_commands:/home/tony/IntegracionRobotica/ros2_ws/install/link_act/lib/python3.10/site-packages:${PYTHONPATH} /usr/bin/python3 -W ignore:setup.py install is deprecated -W ignore:easy_install command is deprecated setup.py egg_info --egg-base ../../build/link_act build --build-base /home/tony/IntegracionRobotica/ros2_ws/build/link_act/build install --record /home/tony/IntegracionRobotica/ros2_ws/build/link_act/install.log --single-version-externally-managed install_data
