[0.436s] Invoking command in '/home/tony/IntegracionRobotica/ros2_ws/src/tf_examples': PYTHONPATH=/home/tony/IntegracionRobotica/ros2_ws/build/tf_examples/prefix_override:/usr/lib/python3/dist-packages/colcon_core/task/python/colcon_distutils_commands:/home/tony/IntegracionRobotica/ros2_ws/install/tf_examples/lib/python3.10/site-packages:${PYTHONPATH} /usr/bin/python3 -W ignore:setup.py install is deprecated -W ignore:easy_install command is deprecated setup.py egg_info --egg-base ../../build/tf_examples build --build-base /home/tony/IntegracionRobotica/ros2_ws/build/tf_examples/build install --record /home/tony/IntegracionRobotica/ros2_ws/build/tf_examples/install.log --single-version-externally-managed install_data
[0.552s] running egg_info
[0.553s] writing ../../build/tf_examples/tf_examples.egg-info/PKG-INFO
[0.553s] writing dependency_links to ../../build/tf_examples/tf_examples.egg-info/dependency_links.txt
[0.554s] writing entry points to ../../build/tf_examples/tf_examples.egg-info/entry_points.txt
[0.554s] writing requirements to ../../build/tf_examples/tf_examples.egg-info/requires.txt
[0.554s] writing top-level names to ../../build/tf_examples/tf_examples.egg-info/top_level.txt
[0.554s] reading manifest file '../../build/tf_examples/tf_examples.egg-info/SOURCES.txt'
[0.554s] adding license file 'LICENSE'
[0.554s] writing manifest file '../../build/tf_examples/tf_examples.egg-info/SOURCES.txt'
[0.554s] running build
[0.555s] running build_py
[0.555s] running install
[0.555s] running install_lib
[0.556s] running install_data
[0.556s] running install_egg_info
[0.556s] removing '/home/tony/IntegracionRobotica/ros2_ws/install/tf_examples/lib/python3.10/site-packages/tf_examples-0.0.0-py3.10.egg-info' (and everything under it)
[0.556s] Copying ../../build/tf_examples/tf_examples.egg-info to /home/tony/IntegracionRobotica/ros2_ws/install/tf_examples/lib/python3.10/site-packages/tf_examples-0.0.0-py3.10.egg-info
[0.557s] running install_scripts
[0.568s] Installing static_tf script to /home/tony/IntegracionRobotica/ros2_ws/install/tf_examples/lib/tf_examples
[0.568s] writing list of installed files to '/home/tony/IntegracionRobotica/ros2_ws/build/tf_examples/install.log'
[0.594s] Invoked command in '/home/tony/IntegracionRobotica/ros2_ws/src/tf_examples' returned '0': PYTHONPATH=/home/tony/IntegracionRobotica/ros2_ws/build/tf_examples/prefix_override:/usr/lib/python3/dist-packages/colcon_core/task/python/colcon_distutils_commands:/home/tony/IntegracionRobotica/ros2_ws/install/tf_examples/lib/python3.10/site-packages:${PYTHONPATH} /usr/bin/python3 -W ignore:setup.py install is deprecated -W ignore:easy_install command is deprecated setup.py egg_info --egg-base ../../build/tf_examples build --build-base /home/tony/IntegracionRobotica/ros2_ws/build/tf_examples/build install --record /home/tony/IntegracionRobotica/ros2_ws/build/tf_examples/install.log --single-version-externally-managed install_data
