[1.414s] Invoking command in '/home/tony/IntegracionRobotica/ros2_ws/src/puzzlebot_sim': PYTHONPATH=/home/tony/IntegracionRobotica/ros2_ws/build/puzzlebot_sim/prefix_override:/usr/lib/python3/dist-packages/colcon_core/task/python/colcon_distutils_commands:/home/tony/IntegracionRobotica/ros2_ws/install/puzzlebot_sim/lib/python3.10/site-packages:${PYTHONPATH} /usr/bin/python3 -W ignore:setup.py install is deprecated -W ignore:easy_install command is deprecated setup.py egg_info --egg-base ../../build/puzzlebot_sim build --build-base /home/tony/IntegracionRobotica/ros2_ws/build/puzzlebot_sim/build install --record /home/tony/IntegracionRobotica/ros2_ws/build/puzzlebot_sim/install.log --single-version-externally-managed install_data
[1.656s] running egg_info
[1.657s] writing ../../build/puzzlebot_sim/puzzlebot_sim.egg-info/PKG-INFO
[1.657s] writing dependency_links to ../../build/puzzlebot_sim/puzzlebot_sim.egg-info/dependency_links.txt
[1.657s] writing entry points to ../../build/puzzlebot_sim/puzzlebot_sim.egg-info/entry_points.txt
[1.658s] writing requirements to ../../build/puzzlebot_sim/puzzlebot_sim.egg-info/requires.txt
[1.658s] writing top-level names to ../../build/puzzlebot_sim/puzzlebot_sim.egg-info/top_level.txt
[1.659s] reading manifest file '../../build/puzzlebot_sim/puzzlebot_sim.egg-info/SOURCES.txt'
[1.659s] adding license file 'LICENSE'
[1.660s] writing manifest file '../../build/puzzlebot_sim/puzzlebot_sim.egg-info/SOURCES.txt'
[1.660s] running build
[1.660s] running build_py
[1.661s] copying puzzlebot_sim/localisation.py -> /home/tony/IntegracionRobotica/ros2_ws/build/puzzlebot_sim/build/lib/puzzlebot_sim
[1.661s] copying puzzlebot_sim/kinematic_model_node.py -> /home/tony/IntegracionRobotica/ros2_ws/build/puzzlebot_sim/build/lib/puzzlebot_sim
[1.661s] running install
[1.661s] running install_lib
[1.662s] copying /home/tony/IntegracionRobotica/ros2_ws/build/puzzlebot_sim/build/lib/puzzlebot_sim/localisation.py -> /home/tony/IntegracionRobotica/ros2_ws/install/puzzlebot_sim/lib/python3.10/site-packages/puzzlebot_sim
[1.662s] copying /home/tony/IntegracionRobotica/ros2_ws/build/puzzlebot_sim/build/lib/puzzlebot_sim/kinematic_model_node.py -> /home/tony/IntegracionRobotica/ros2_ws/install/puzzlebot_sim/lib/python3.10/site-packages/puzzlebot_sim
[1.663s] byte-compiling /home/tony/IntegracionRobotica/ros2_ws/install/puzzlebot_sim/lib/python3.10/site-packages/puzzlebot_sim/localisation.py to localisation.cpython-310.pyc
[1.664s] byte-compiling /home/tony/IntegracionRobotica/ros2_ws/install/puzzlebot_sim/lib/python3.10/site-packages/puzzlebot_sim/kinematic_model_node.py to kinematic_model_node.cpython-310.pyc
[1.664s] running install_data
[1.665s] running install_egg_info
[1.666s] removing '/home/tony/IntegracionRobotica/ros2_ws/install/puzzlebot_sim/lib/python3.10/site-packages/puzzlebot_sim-0.0.0-py3.10.egg-info' (and everything under it)
[1.667s] Copying ../../build/puzzlebot_sim/puzzlebot_sim.egg-info to /home/tony/IntegracionRobotica/ros2_ws/install/puzzlebot_sim/lib/python3.10/site-packages/puzzlebot_sim-0.0.0-py3.10.egg-info
[1.667s] running install_scripts
[1.688s] Installing joint_state_publisher script to /home/tony/IntegracionRobotica/ros2_ws/install/puzzlebot_sim/lib/puzzlebot_sim
[1.688s] Installing localisation script to /home/tony/IntegracionRobotica/ros2_ws/install/puzzlebot_sim/lib/puzzlebot_sim
[1.688s] Installing point_stabilisation script to /home/tony/IntegracionRobotica/ros2_ws/install/puzzlebot_sim/lib/puzzlebot_sim
[1.688s] Installing puzzlebot_kinematic_model script to /home/tony/IntegracionRobotica/ros2_ws/install/puzzlebot_sim/lib/puzzlebot_sim
[1.689s] Installing puzzlebot_sim script to /home/tony/IntegracionRobotica/ros2_ws/install/puzzlebot_sim/lib/puzzlebot_sim
[1.689s] writing list of installed files to '/home/tony/IntegracionRobotica/ros2_ws/build/puzzlebot_sim/install.log'
[1.723s] Invoked command in '/home/tony/IntegracionRobotica/ros2_ws/src/puzzlebot_sim' returned '0': PYTHONPATH=/home/tony/IntegracionRobotica/ros2_ws/build/puzzlebot_sim/prefix_override:/usr/lib/python3/dist-packages/colcon_core/task/python/colcon_distutils_commands:/home/tony/IntegracionRobotica/ros2_ws/install/puzzlebot_sim/lib/python3.10/site-packages:${PYTHONPATH} /usr/bin/python3 -W ignore:setup.py install is deprecated -W ignore:easy_install command is deprecated setup.py egg_info --egg-base ../../build/puzzlebot_sim build --build-base /home/tony/IntegracionRobotica/ros2_ws/build/puzzlebot_sim/build install --record /home/tony/IntegracionRobotica/ros2_ws/build/puzzlebot_sim/install.log --single-version-externally-managed install_data
