[1.537s] Invoking command in '/home/tony/IntegracionRobotica/ros2_ws/src/puzzlebot2_sim': PYTHONPATH=/home/tony/IntegracionRobotica/ros2_ws/build/puzzlebot2_sim/prefix_override:/usr/lib/python3/dist-packages/colcon_core/task/python/colcon_distutils_commands:/home/tony/IntegracionRobotica/ros2_ws/install/puzzlebot2_sim/lib/python3.10/site-packages:${PYTHONPATH} /usr/bin/python3 -W ignore:setup.py install is deprecated -W ignore:easy_install command is deprecated setup.py egg_info --egg-base ../../build/puzzlebot2_sim build --build-base /home/tony/IntegracionRobotica/ros2_ws/build/puzzlebot2_sim/build install --record /home/tony/IntegracionRobotica/ros2_ws/build/puzzlebot2_sim/install.log --single-version-externally-managed install_data
[1.782s] running egg_info
[1.783s] writing ../../build/puzzlebot2_sim/puzzlebot2_sim.egg-info/PKG-INFO
[1.783s] writing dependency_links to ../../build/puzzlebot2_sim/puzzlebot2_sim.egg-info/dependency_links.txt
[1.783s] writing entry points to ../../build/puzzlebot2_sim/puzzlebot2_sim.egg-info/entry_points.txt
[1.783s] writing requirements to ../../build/puzzlebot2_sim/puzzlebot2_sim.egg-info/requires.txt
[1.784s] writing top-level names to ../../build/puzzlebot2_sim/puzzlebot2_sim.egg-info/top_level.txt
[1.785s] reading manifest file '../../build/puzzlebot2_sim/puzzlebot2_sim.egg-info/SOURCES.txt'
[1.785s] adding license file 'LICENSE'
[1.786s] writing manifest file '../../build/puzzlebot2_sim/puzzlebot2_sim.egg-info/SOURCES.txt'
[1.786s] running build
[1.787s] running build_py
[1.787s] running install
[1.787s] running install_lib
[1.788s] running install_data
[1.788s] running install_egg_info
[1.790s] removing '/home/tony/IntegracionRobotica/ros2_ws/install/puzzlebot2_sim/lib/python3.10/site-packages/puzzlebot2_sim-0.0.0-py3.10.egg-info' (and everything under it)
[1.790s] Copying ../../build/puzzlebot2_sim/puzzlebot2_sim.egg-info to /home/tony/IntegracionRobotica/ros2_ws/install/puzzlebot2_sim/lib/python3.10/site-packages/puzzlebot2_sim-0.0.0-py3.10.egg-info
[1.791s] running install_scripts
[1.811s] Installing joint_state_pub script to /home/tony/IntegracionRobotica/ros2_ws/install/puzzlebot2_sim/lib/puzzlebot_sim
[1.811s] Installing localisation script to /home/tony/IntegracionRobotica/ros2_ws/install/puzzlebot2_sim/lib/puzzlebot_sim
[1.811s] Installing point_stabilisation_control script to /home/tony/IntegracionRobotica/ros2_ws/install/puzzlebot2_sim/lib/puzzlebot_sim
[1.811s] Installing puzzlebot_sim script to /home/tony/IntegracionRobotica/ros2_ws/install/puzzlebot2_sim/lib/puzzlebot_sim
[1.812s] writing list of installed files to '/home/tony/IntegracionRobotica/ros2_ws/build/puzzlebot2_sim/install.log'
[1.859s] Invoked command in '/home/tony/IntegracionRobotica/ros2_ws/src/puzzlebot2_sim' returned '0': PYTHONPATH=/home/tony/IntegracionRobotica/ros2_ws/build/puzzlebot2_sim/prefix_override:/usr/lib/python3/dist-packages/colcon_core/task/python/colcon_distutils_commands:/home/tony/IntegracionRobotica/ros2_ws/install/puzzlebot2_sim/lib/python3.10/site-packages:${PYTHONPATH} /usr/bin/python3 -W ignore:setup.py install is deprecated -W ignore:easy_install command is deprecated setup.py egg_info --egg-base ../../build/puzzlebot2_sim build --build-base /home/tony/IntegracionRobotica/ros2_ws/build/puzzlebot2_sim/build install --record /home/tony/IntegracionRobotica/ros2_ws/build/puzzlebot2_sim/install.log --single-version-externally-managed install_data
