[0.057s] DEBUG:colcon:Command line arguments: ['/usr/bin/colcon', 'build']
[0.057s] DEBUG:colcon:Parsed command line arguments: Namespace(log_base=None, log_level=None, verb_name='build', build_base='build', install_base='install', merge_install=False, symlink_install=False, test_result_base=None, continue_on_error=False, executor='parallel', parallel_workers=22, event_handlers=None, ignore_user_meta=False, metas=['./colcon.meta'], base_paths=['.'], packages_ignore=None, packages_ignore_regex=None, paths=None, packages_up_to=None, packages_up_to_regex=None, packages_above=None, packages_above_and_dependencies=None, packages_above_depth=None, packages_select_by_dep=None, packages_skip_by_dep=None, packages_skip_up_to=None, packages_select_build_failed=False, packages_skip_build_finished=False, packages_select_test_failures=False, packages_skip_test_passed=False, packages_select=None, packages_skip=None, packages_select_regex=None, packages_skip_regex=None, packages_start=None, packages_end=None, allow_overriding=[], cmake_args=None, cmake_target=None, cmake_target_skip_unavailable=False, cmake_clean_cache=False, cmake_clean_first=False, cmake_force_configure=False, ament_cmake_args=None, catkin_cmake_args=None, catkin_skip_building_tests=False, mixin_files=None, mixin=None, verb_parser=<colcon_mixin.mixin.mixin_argument.MixinArgumentDecorator object at 0x70450ed53910>, verb_extension=<colcon_core.verb.build.BuildVerb object at 0x70450ed53340>, main=<bound method BuildVerb.main of <colcon_core.verb.build.BuildVerb object at 0x70450ed53340>>, mixin_verb=('build',))
[0.142s] Level 1:colcon.colcon_core.package_discovery:discover_packages(colcon_meta) check parameters
[0.142s] Level 1:colcon.colcon_core.package_discovery:discover_packages(recursive) check parameters
[0.143s] Level 1:colcon.colcon_core.package_discovery:discover_packages(ignore) check parameters
[0.143s] Level 1:colcon.colcon_core.package_discovery:discover_packages(path) check parameters
[0.143s] Level 1:colcon.colcon_core.package_discovery:discover_packages(colcon_meta) discover
[0.143s] Level 1:colcon.colcon_core.package_discovery:discover_packages(recursive) discover
[0.143s] INFO:colcon.colcon_core.package_discovery:Crawling recursively for packages in '/home/tony/IntegracionRobotica/ros2_ws'
[0.143s] Level 1:colcon.colcon_core.package_identification:_identify(.) by extensions ['ignore', 'ignore_ament_install']
[0.143s] Level 1:colcon.colcon_core.package_identification:_identify(.) by extension 'ignore'
[0.143s] Level 1:colcon.colcon_core.package_identification:_identify(.) by extension 'ignore_ament_install'
[0.143s] Level 1:colcon.colcon_core.package_identification:_identify(.) by extensions ['colcon_pkg']
[0.143s] Level 1:colcon.colcon_core.package_identification:_identify(.) by extension 'colcon_pkg'
[0.143s] Level 1:colcon.colcon_core.package_identification:_identify(.) by extensions ['colcon_meta']
[0.143s] Level 1:colcon.colcon_core.package_identification:_identify(.) by extension 'colcon_meta'
[0.143s] Level 1:colcon.colcon_core.package_identification:_identify(.) by extensions ['ros']
[0.143s] Level 1:colcon.colcon_core.package_identification:_identify(.) by extension 'ros'
[0.149s] Level 1:colcon.colcon_core.package_identification:_identify(.) by extensions ['cmake', 'python']
[0.149s] Level 1:colcon.colcon_core.package_identification:_identify(.) by extension 'cmake'
[0.149s] Level 1:colcon.colcon_core.package_identification:_identify(.) by extension 'python'
[0.149s] Level 1:colcon.colcon_core.package_identification:_identify(.) by extensions ['python_setup_py']
[0.149s] Level 1:colcon.colcon_core.package_identification:_identify(.) by extension 'python_setup_py'
[0.149s] Level 1:colcon.colcon_core.package_identification:_identify(build) by extensions ['ignore', 'ignore_ament_install']
[0.149s] Level 1:colcon.colcon_core.package_identification:_identify(build) by extension 'ignore'
[0.149s] Level 1:colcon.colcon_core.package_identification:_identify(build) ignored
[0.149s] Level 1:colcon.colcon_core.package_identification:_identify(install) by extensions ['ignore', 'ignore_ament_install']
[0.149s] Level 1:colcon.colcon_core.package_identification:_identify(install) by extension 'ignore'
[0.149s] Level 1:colcon.colcon_core.package_identification:_identify(install) ignored
[0.149s] Level 1:colcon.colcon_core.package_identification:_identify(log) by extensions ['ignore', 'ignore_ament_install']
[0.149s] Level 1:colcon.colcon_core.package_identification:_identify(log) by extension 'ignore'
[0.149s] Level 1:colcon.colcon_core.package_identification:_identify(log) ignored
[0.149s] Level 1:colcon.colcon_core.package_identification:_identify(src) by extensions ['ignore', 'ignore_ament_install']
[0.149s] Level 1:colcon.colcon_core.package_identification:_identify(src) by extension 'ignore'
[0.149s] Level 1:colcon.colcon_core.package_identification:_identify(src) by extension 'ignore_ament_install'
[0.149s] Level 1:colcon.colcon_core.package_identification:_identify(src) by extensions ['colcon_pkg']
[0.149s] Level 1:colcon.colcon_core.package_identification:_identify(src) by extension 'colcon_pkg'
[0.150s] Level 1:colcon.colcon_core.package_identification:_identify(src) by extensions ['colcon_meta']
[0.150s] Level 1:colcon.colcon_core.package_identification:_identify(src) by extension 'colcon_meta'
[0.150s] Level 1:colcon.colcon_core.package_identification:_identify(src) by extensions ['ros']
[0.150s] Level 1:colcon.colcon_core.package_identification:_identify(src) by extension 'ros'
[0.150s] Level 1:colcon.colcon_core.package_identification:_identify(src) by extensions ['cmake', 'python']
[0.150s] Level 1:colcon.colcon_core.package_identification:_identify(src) by extension 'cmake'
[0.150s] Level 1:colcon.colcon_core.package_identification:_identify(src) by extension 'python'
[0.150s] Level 1:colcon.colcon_core.package_identification:_identify(src) by extensions ['python_setup_py']
[0.150s] Level 1:colcon.colcon_core.package_identification:_identify(src) by extension 'python_setup_py'
[0.150s] Level 1:colcon.colcon_core.package_identification:_identify(src/joints_act) by extensions ['ignore', 'ignore_ament_install']
[0.150s] Level 1:colcon.colcon_core.package_identification:_identify(src/joints_act) by extension 'ignore'
[0.150s] Level 1:colcon.colcon_core.package_identification:_identify(src/joints_act) by extension 'ignore_ament_install'
[0.150s] Level 1:colcon.colcon_core.package_identification:_identify(src/joints_act) by extensions ['colcon_pkg']
[0.150s] Level 1:colcon.colcon_core.package_identification:_identify(src/joints_act) by extension 'colcon_pkg'
[0.150s] Level 1:colcon.colcon_core.package_identification:_identify(src/joints_act) by extensions ['colcon_meta']
[0.150s] Level 1:colcon.colcon_core.package_identification:_identify(src/joints_act) by extension 'colcon_meta'
[0.150s] Level 1:colcon.colcon_core.package_identification:_identify(src/joints_act) by extensions ['ros']
[0.150s] Level 1:colcon.colcon_core.package_identification:_identify(src/joints_act) by extension 'ros'
[0.152s] DEBUG:colcon.colcon_core.package_identification:Package 'src/joints_act' with type 'ros.ament_python' and name 'joints_act'
[0.152s] Level 1:colcon.colcon_core.package_identification:_identify(src/puzzlebot_sim) by extensions ['ignore', 'ignore_ament_install']
[0.152s] Level 1:colcon.colcon_core.package_identification:_identify(src/puzzlebot_sim) by extension 'ignore'
[0.152s] Level 1:colcon.colcon_core.package_identification:_identify(src/puzzlebot_sim) by extension 'ignore_ament_install'
[0.152s] Level 1:colcon.colcon_core.package_identification:_identify(src/puzzlebot_sim) by extensions ['colcon_pkg']
[0.152s] Level 1:colcon.colcon_core.package_identification:_identify(src/puzzlebot_sim) by extension 'colcon_pkg'
[0.152s] Level 1:colcon.colcon_core.package_identification:_identify(src/puzzlebot_sim) by extensions ['colcon_meta']
[0.152s] Level 1:colcon.colcon_core.package_identification:_identify(src/puzzlebot_sim) by extension 'colcon_meta'
[0.152s] Level 1:colcon.colcon_core.package_identification:_identify(src/puzzlebot_sim) by extensions ['ros']
[0.152s] Level 1:colcon.colcon_core.package_identification:_identify(src/puzzlebot_sim) by extension 'ros'
[0.153s] DEBUG:colcon.colcon_core.package_identification:Package 'src/puzzlebot_sim' with type 'ros.ament_python' and name 'puzzlebot_sim'
[0.153s] Level 1:colcon.colcon_core.package_identification:_identify(src/tf_examples) by extensions ['ignore', 'ignore_ament_install']
[0.153s] Level 1:colcon.colcon_core.package_identification:_identify(src/tf_examples) by extension 'ignore'
[0.153s] Level 1:colcon.colcon_core.package_identification:_identify(src/tf_examples) by extension 'ignore_ament_install'
[0.153s] Level 1:colcon.colcon_core.package_identification:_identify(src/tf_examples) by extensions ['colcon_pkg']
[0.153s] Level 1:colcon.colcon_core.package_identification:_identify(src/tf_examples) by extension 'colcon_pkg'
[0.153s] Level 1:colcon.colcon_core.package_identification:_identify(src/tf_examples) by extensions ['colcon_meta']
[0.153s] Level 1:colcon.colcon_core.package_identification:_identify(src/tf_examples) by extension 'colcon_meta'
[0.153s] Level 1:colcon.colcon_core.package_identification:_identify(src/tf_examples) by extensions ['ros']
[0.153s] Level 1:colcon.colcon_core.package_identification:_identify(src/tf_examples) by extension 'ros'
[0.154s] DEBUG:colcon.colcon_core.package_identification:Package 'src/tf_examples' with type 'ros.ament_python' and name 'tf_examples'
[0.154s] Level 1:colcon.colcon_core.package_discovery:discover_packages(recursive) using defaults
[0.154s] Level 1:colcon.colcon_core.package_discovery:discover_packages(ignore) discover
[0.154s] Level 1:colcon.colcon_core.package_discovery:discover_packages(ignore) using defaults
[0.154s] Level 1:colcon.colcon_core.package_discovery:discover_packages(path) discover
[0.154s] Level 1:colcon.colcon_core.package_discovery:discover_packages(path) using defaults
[0.171s] Level 1:colcon.colcon_core.package_discovery:discover_packages(prefix_path) check parameters
[0.171s] Level 1:colcon.colcon_core.package_discovery:discover_packages(prefix_path) discover
[0.172s] DEBUG:colcon.colcon_installed_package_information.package_discovery:Found 3 installed packages in /home/tony/IntegracionRobotica/ros2_ws/install
[0.173s] DEBUG:colcon.colcon_installed_package_information.package_discovery:Found 442 installed packages in /opt/ros/humble
[0.174s] Level 1:colcon.colcon_core.package_discovery:discover_packages(prefix_path) using defaults
[0.200s] Level 5:colcon.colcon_core.verb:set package 'joints_act' build argument 'cmake_args' from command line to 'None'
[0.200s] Level 5:colcon.colcon_core.verb:set package 'joints_act' build argument 'cmake_target' from command line to 'None'
[0.200s] Level 5:colcon.colcon_core.verb:set package 'joints_act' build argument 'cmake_target_skip_unavailable' from command line to 'False'
[0.200s] Level 5:colcon.colcon_core.verb:set package 'joints_act' build argument 'cmake_clean_cache' from command line to 'False'
[0.200s] Level 5:colcon.colcon_core.verb:set package 'joints_act' build argument 'cmake_clean_first' from command line to 'False'
[0.200s] Level 5:colcon.colcon_core.verb:set package 'joints_act' build argument 'cmake_force_configure' from command line to 'False'
[0.200s] Level 5:colcon.colcon_core.verb:set package 'joints_act' build argument 'ament_cmake_args' from command line to 'None'
[0.200s] Level 5:colcon.colcon_core.verb:set package 'joints_act' build argument 'catkin_cmake_args' from command line to 'None'
[0.200s] Level 5:colcon.colcon_core.verb:set package 'joints_act' build argument 'catkin_skip_building_tests' from command line to 'False'
[0.200s] DEBUG:colcon.colcon_core.verb:Building package 'joints_act' with the following arguments: {'ament_cmake_args': None, 'build_base': '/home/tony/IntegracionRobotica/ros2_ws/build/joints_act', 'catkin_cmake_args': None, 'catkin_skip_building_tests': False, 'cmake_args': None, 'cmake_clean_cache': False, 'cmake_clean_first': False, 'cmake_force_configure': False, 'cmake_target': None, 'cmake_target_skip_unavailable': False, 'install_base': '/home/tony/IntegracionRobotica/ros2_ws/install/joints_act', 'merge_install': False, 'path': '/home/tony/IntegracionRobotica/ros2_ws/src/joints_act', 'symlink_install': False, 'test_result_base': None}
[0.201s] Level 5:colcon.colcon_core.verb:set package 'puzzlebot_sim' build argument 'cmake_args' from command line to 'None'
[0.201s] Level 5:colcon.colcon_core.verb:set package 'puzzlebot_sim' build argument 'cmake_target' from command line to 'None'
[0.201s] Level 5:colcon.colcon_core.verb:set package 'puzzlebot_sim' build argument 'cmake_target_skip_unavailable' from command line to 'False'
[0.201s] Level 5:colcon.colcon_core.verb:set package 'puzzlebot_sim' build argument 'cmake_clean_cache' from command line to 'False'
[0.201s] Level 5:colcon.colcon_core.verb:set package 'puzzlebot_sim' build argument 'cmake_clean_first' from command line to 'False'
[0.201s] Level 5:colcon.colcon_core.verb:set package 'puzzlebot_sim' build argument 'cmake_force_configure' from command line to 'False'
[0.201s] Level 5:colcon.colcon_core.verb:set package 'puzzlebot_sim' build argument 'ament_cmake_args' from command line to 'None'
[0.201s] Level 5:colcon.colcon_core.verb:set package 'puzzlebot_sim' build argument 'catkin_cmake_args' from command line to 'None'
[0.201s] Level 5:colcon.colcon_core.verb:set package 'puzzlebot_sim' build argument 'catkin_skip_building_tests' from command line to 'False'
[0.201s] DEBUG:colcon.colcon_core.verb:Building package 'puzzlebot_sim' with the following arguments: {'ament_cmake_args': None, 'build_base': '/home/tony/IntegracionRobotica/ros2_ws/build/puzzlebot_sim', 'catkin_cmake_args': None, 'catkin_skip_building_tests': False, 'cmake_args': None, 'cmake_clean_cache': False, 'cmake_clean_first': False, 'cmake_force_configure': False, 'cmake_target': None, 'cmake_target_skip_unavailable': False, 'install_base': '/home/tony/IntegracionRobotica/ros2_ws/install/puzzlebot_sim', 'merge_install': False, 'path': '/home/tony/IntegracionRobotica/ros2_ws/src/puzzlebot_sim', 'symlink_install': False, 'test_result_base': None}
[0.201s] Level 5:colcon.colcon_core.verb:set package 'tf_examples' build argument 'cmake_args' from command line to 'None'
[0.201s] Level 5:colcon.colcon_core.verb:set package 'tf_examples' build argument 'cmake_target' from command line to 'None'
[0.201s] Level 5:colcon.colcon_core.verb:set package 'tf_examples' build argument 'cmake_target_skip_unavailable' from command line to 'False'
[0.201s] Level 5:colcon.colcon_core.verb:set package 'tf_examples' build argument 'cmake_clean_cache' from command line to 'False'
[0.201s] Level 5:colcon.colcon_core.verb:set package 'tf_examples' build argument 'cmake_clean_first' from command line to 'False'
[0.201s] Level 5:colcon.colcon_core.verb:set package 'tf_examples' build argument 'cmake_force_configure' from command line to 'False'
[0.201s] Level 5:colcon.colcon_core.verb:set package 'tf_examples' build argument 'ament_cmake_args' from command line to 'None'
[0.201s] Level 5:colcon.colcon_core.verb:set package 'tf_examples' build argument 'catkin_cmake_args' from command line to 'None'
[0.201s] Level 5:colcon.colcon_core.verb:set package 'tf_examples' build argument 'catkin_skip_building_tests' from command line to 'False'
[0.201s] DEBUG:colcon.colcon_core.verb:Building package 'tf_examples' with the following arguments: {'ament_cmake_args': None, 'build_base': '/home/tony/IntegracionRobotica/ros2_ws/build/tf_examples', 'catkin_cmake_args': None, 'catkin_skip_building_tests': False, 'cmake_args': None, 'cmake_clean_cache': False, 'cmake_clean_first': False, 'cmake_force_configure': False, 'cmake_target': None, 'cmake_target_skip_unavailable': False, 'install_base': '/home/tony/IntegracionRobotica/ros2_ws/install/tf_examples', 'merge_install': False, 'path': '/home/tony/IntegracionRobotica/ros2_ws/src/tf_examples', 'symlink_install': False, 'test_result_base': None}
[0.201s] INFO:colcon.colcon_core.executor:Executing jobs using 'parallel' executor
[0.202s] DEBUG:colcon.colcon_parallel_executor.executor.parallel:run_until_complete
[0.202s] INFO:colcon.colcon_ros.task.ament_python.build:Building ROS package in '/home/tony/IntegracionRobotica/ros2_ws/src/joints_act' with build type 'ament_python'
[0.202s] Level 1:colcon.colcon_core.shell:create_environment_hook('joints_act', 'ament_prefix_path')
[0.203s] INFO:colcon.colcon_core.plugin_system:Skipping extension 'colcon_core.shell.bat': Not used on non-Windows systems
[0.203s] INFO:colcon.colcon_core.shell:Creating environment hook '/home/tony/IntegracionRobotica/ros2_ws/install/joints_act/share/joints_act/hook/ament_prefix_path.ps1'
[0.204s] INFO:colcon.colcon_core.shell:Creating environment descriptor '/home/tony/IntegracionRobotica/ros2_ws/install/joints_act/share/joints_act/hook/ament_prefix_path.dsv'
[0.204s] INFO:colcon.colcon_core.shell:Creating environment hook '/home/tony/IntegracionRobotica/ros2_ws/install/joints_act/share/joints_act/hook/ament_prefix_path.sh'
[0.204s] INFO:colcon.colcon_core.shell:Skip shell extension 'powershell' for command environment: Not usable outside of PowerShell
[0.205s] DEBUG:colcon.colcon_core.shell:Skip shell extension 'dsv' for command environment
[0.207s] INFO:colcon.colcon_ros.task.ament_python.build:Building ROS package in '/home/tony/IntegracionRobotica/ros2_ws/src/puzzlebot_sim' with build type 'ament_python'
[0.207s] Level 1:colcon.colcon_core.shell:create_environment_hook('puzzlebot_sim', 'ament_prefix_path')
[0.207s] INFO:colcon.colcon_core.shell:Creating environment hook '/home/tony/IntegracionRobotica/ros2_ws/install/puzzlebot_sim/share/puzzlebot_sim/hook/ament_prefix_path.ps1'
[0.207s] INFO:colcon.colcon_core.shell:Creating environment descriptor '/home/tony/IntegracionRobotica/ros2_ws/install/puzzlebot_sim/share/puzzlebot_sim/hook/ament_prefix_path.dsv'
[0.207s] INFO:colcon.colcon_core.shell:Creating environment hook '/home/tony/IntegracionRobotica/ros2_ws/install/puzzlebot_sim/share/puzzlebot_sim/hook/ament_prefix_path.sh'
[0.208s] INFO:colcon.colcon_core.shell:Skip shell extension 'powershell' for command environment: Not usable outside of PowerShell
[0.208s] DEBUG:colcon.colcon_core.shell:Skip shell extension 'dsv' for command environment
[0.209s] INFO:colcon.colcon_ros.task.ament_python.build:Building ROS package in '/home/tony/IntegracionRobotica/ros2_ws/src/tf_examples' with build type 'ament_python'
[0.209s] Level 1:colcon.colcon_core.shell:create_environment_hook('tf_examples', 'ament_prefix_path')
[0.210s] INFO:colcon.colcon_core.shell:Creating environment hook '/home/tony/IntegracionRobotica/ros2_ws/install/tf_examples/share/tf_examples/hook/ament_prefix_path.ps1'
[0.210s] INFO:colcon.colcon_core.shell:Creating environment descriptor '/home/tony/IntegracionRobotica/ros2_ws/install/tf_examples/share/tf_examples/hook/ament_prefix_path.dsv'
[0.210s] INFO:colcon.colcon_core.shell:Creating environment hook '/home/tony/IntegracionRobotica/ros2_ws/install/tf_examples/share/tf_examples/hook/ament_prefix_path.sh'
[0.210s] INFO:colcon.colcon_core.shell:Skip shell extension 'powershell' for command environment: Not usable outside of PowerShell
[0.210s] DEBUG:colcon.colcon_core.shell:Skip shell extension 'dsv' for command environment
[0.354s] INFO:colcon.colcon_core.task.python.build:Building Python package in '/home/tony/IntegracionRobotica/ros2_ws/src/joints_act'
[0.354s] INFO:colcon.colcon_core.shell:Skip shell extension 'powershell' for command environment: Not usable outside of PowerShell
[0.354s] DEBUG:colcon.colcon_core.shell:Skip shell extension 'dsv' for command environment
[0.495s] INFO:colcon.colcon_core.task.python.build:Building Python package in '/home/tony/IntegracionRobotica/ros2_ws/src/puzzlebot_sim'
[0.496s] INFO:colcon.colcon_core.shell:Skip shell extension 'powershell' for command environment: Not usable outside of PowerShell
[0.496s] DEBUG:colcon.colcon_core.shell:Skip shell extension 'dsv' for command environment
[0.635s] INFO:colcon.colcon_core.task.python.build:Building Python package in '/home/tony/IntegracionRobotica/ros2_ws/src/tf_examples'
[0.636s] INFO:colcon.colcon_core.shell:Skip shell extension 'powershell' for command environment: Not usable outside of PowerShell
[0.636s] DEBUG:colcon.colcon_core.shell:Skip shell extension 'dsv' for command environment
[0.840s] DEBUG:colcon.colcon_core.event_handler.log_command:Invoking command in '/home/tony/IntegracionRobotica/ros2_ws/src/joints_act': PYTHONPATH=/home/tony/IntegracionRobotica/ros2_ws/build/joints_act/prefix_override:/usr/lib/python3/dist-packages/colcon_core/task/python/colcon_distutils_commands:/home/tony/IntegracionRobotica/ros2_ws/install/joints_act/lib/python3.10/site-packages:${PYTHONPATH} /usr/bin/python3 -W ignore:setup.py install is deprecated -W ignore:easy_install command is deprecated setup.py egg_info --egg-base ../../build/joints_act build --build-base /home/tony/IntegracionRobotica/ros2_ws/build/joints_act/build install --record /home/tony/IntegracionRobotica/ros2_ws/build/joints_act/install.log --single-version-externally-managed install_data
[0.850s] DEBUG:colcon.colcon_core.event_handler.log_command:Invoking command in '/home/tony/IntegracionRobotica/ros2_ws/src/puzzlebot_sim': PYTHONPATH=/home/tony/IntegracionRobotica/ros2_ws/build/puzzlebot_sim/prefix_override:/usr/lib/python3/dist-packages/colcon_core/task/python/colcon_distutils_commands:/home/tony/IntegracionRobotica/ros2_ws/install/puzzlebot_sim/lib/python3.10/site-packages:${PYTHONPATH} /usr/bin/python3 -W ignore:setup.py install is deprecated -W ignore:easy_install command is deprecated setup.py egg_info --egg-base ../../build/puzzlebot_sim build --build-base /home/tony/IntegracionRobotica/ros2_ws/build/puzzlebot_sim/build install --record /home/tony/IntegracionRobotica/ros2_ws/build/puzzlebot_sim/install.log --single-version-externally-managed install_data
[0.854s] DEBUG:colcon.colcon_core.event_handler.log_command:Invoking command in '/home/tony/IntegracionRobotica/ros2_ws/src/tf_examples': PYTHONPATH=/home/tony/IntegracionRobotica/ros2_ws/build/tf_examples/prefix_override:/usr/lib/python3/dist-packages/colcon_core/task/python/colcon_distutils_commands:/home/tony/IntegracionRobotica/ros2_ws/install/tf_examples/lib/python3.10/site-packages:${PYTHONPATH} /usr/bin/python3 -W ignore:setup.py install is deprecated -W ignore:easy_install command is deprecated setup.py egg_info --egg-base ../../build/tf_examples build --build-base /home/tony/IntegracionRobotica/ros2_ws/build/tf_examples/build install --record /home/tony/IntegracionRobotica/ros2_ws/build/tf_examples/install.log --single-version-externally-managed install_data
[1.007s] DEBUG:colcon.colcon_core.event_handler.log_command:Invoked command in '/home/tony/IntegracionRobotica/ros2_ws/src/tf_examples' returned '0': PYTHONPATH=/home/tony/IntegracionRobotica/ros2_ws/build/tf_examples/prefix_override:/usr/lib/python3/dist-packages/colcon_core/task/python/colcon_distutils_commands:/home/tony/IntegracionRobotica/ros2_ws/install/tf_examples/lib/python3.10/site-packages:${PYTHONPATH} /usr/bin/python3 -W ignore:setup.py install is deprecated -W ignore:easy_install command is deprecated setup.py egg_info --egg-base ../../build/tf_examples build --build-base /home/tony/IntegracionRobotica/ros2_ws/build/tf_examples/build install --record /home/tony/IntegracionRobotica/ros2_ws/build/tf_examples/install.log --single-version-externally-managed install_data
[1.008s] Level 1:colcon.colcon_core.environment:checking '/home/tony/IntegracionRobotica/ros2_ws/install/tf_examples' for CMake module files
[1.009s] Level 1:colcon.colcon_core.environment:checking '/home/tony/IntegracionRobotica/ros2_ws/install/tf_examples' for CMake config files
[1.009s] Level 1:colcon.colcon_core.environment:checking '/home/tony/IntegracionRobotica/ros2_ws/install/tf_examples/lib'
[1.009s] Level 1:colcon.colcon_core.environment:checking '/home/tony/IntegracionRobotica/ros2_ws/install/tf_examples/bin'
[1.009s] Level 1:colcon.colcon_core.environment:checking '/home/tony/IntegracionRobotica/ros2_ws/install/tf_examples/lib/pkgconfig/tf_examples.pc'
[1.009s] Level 1:colcon.colcon_core.environment:checking '/home/tony/IntegracionRobotica/ros2_ws/install/tf_examples/lib/python3.10/site-packages'
[1.009s] Level 1:colcon.colcon_core.shell:create_environment_hook('tf_examples', 'pythonpath')
[1.010s] INFO:colcon.colcon_core.shell:Creating environment hook '/home/tony/IntegracionRobotica/ros2_ws/install/tf_examples/share/tf_examples/hook/pythonpath.ps1'
[1.010s] INFO:colcon.colcon_core.shell:Creating environment descriptor '/home/tony/IntegracionRobotica/ros2_ws/install/tf_examples/share/tf_examples/hook/pythonpath.dsv'
[1.010s] INFO:colcon.colcon_core.shell:Creating environment hook '/home/tony/IntegracionRobotica/ros2_ws/install/tf_examples/share/tf_examples/hook/pythonpath.sh'
[1.011s] Level 1:colcon.colcon_core.environment:checking '/home/tony/IntegracionRobotica/ros2_ws/install/tf_examples/bin'
[1.011s] Level 1:colcon.colcon_core.environment:create_environment_scripts_only(tf_examples)
[1.011s] INFO:colcon.colcon_core.shell:Creating package script '/home/tony/IntegracionRobotica/ros2_ws/install/tf_examples/share/tf_examples/package.ps1'
[1.011s] INFO:colcon.colcon_core.shell:Creating package descriptor '/home/tony/IntegracionRobotica/ros2_ws/install/tf_examples/share/tf_examples/package.dsv'
[1.012s] INFO:colcon.colcon_core.shell:Creating package script '/home/tony/IntegracionRobotica/ros2_ws/install/tf_examples/share/tf_examples/package.sh'
[1.012s] INFO:colcon.colcon_core.shell:Creating package script '/home/tony/IntegracionRobotica/ros2_ws/install/tf_examples/share/tf_examples/package.bash'
[1.012s] INFO:colcon.colcon_core.shell:Creating package script '/home/tony/IntegracionRobotica/ros2_ws/install/tf_examples/share/tf_examples/package.zsh'
[1.013s] Level 1:colcon.colcon_core.environment:create_file_with_runtime_dependencies(/home/tony/IntegracionRobotica/ros2_ws/install/tf_examples/share/colcon-core/packages/tf_examples)
[1.013s] Level 1:colcon.colcon_core.environment:checking '/home/tony/IntegracionRobotica/ros2_ws/install/joints_act' for CMake module files
[1.014s] DEBUG:colcon.colcon_core.event_handler.log_command:Invoked command in '/home/tony/IntegracionRobotica/ros2_ws/src/joints_act' returned '0': PYTHONPATH=/home/tony/IntegracionRobotica/ros2_ws/build/joints_act/prefix_override:/usr/lib/python3/dist-packages/colcon_core/task/python/colcon_distutils_commands:/home/tony/IntegracionRobotica/ros2_ws/install/joints_act/lib/python3.10/site-packages:${PYTHONPATH} /usr/bin/python3 -W ignore:setup.py install is deprecated -W ignore:easy_install command is deprecated setup.py egg_info --egg-base ../../build/joints_act build --build-base /home/tony/IntegracionRobotica/ros2_ws/build/joints_act/build install --record /home/tony/IntegracionRobotica/ros2_ws/build/joints_act/install.log --single-version-externally-managed install_data
[1.014s] Level 1:colcon.colcon_core.environment:checking '/home/tony/IntegracionRobotica/ros2_ws/install/joints_act' for CMake config files
[1.014s] Level 1:colcon.colcon_core.environment:checking '/home/tony/IntegracionRobotica/ros2_ws/install/joints_act/lib'
[1.015s] Level 1:colcon.colcon_core.environment:checking '/home/tony/IntegracionRobotica/ros2_ws/install/joints_act/bin'
[1.015s] Level 1:colcon.colcon_core.environment:checking '/home/tony/IntegracionRobotica/ros2_ws/install/joints_act/lib/pkgconfig/joints_act.pc'
[1.015s] Level 1:colcon.colcon_core.environment:checking '/home/tony/IntegracionRobotica/ros2_ws/install/joints_act/lib/python3.10/site-packages'
[1.015s] Level 1:colcon.colcon_core.shell:create_environment_hook('joints_act', 'pythonpath')
[1.015s] INFO:colcon.colcon_core.shell:Creating environment hook '/home/tony/IntegracionRobotica/ros2_ws/install/joints_act/share/joints_act/hook/pythonpath.ps1'
[1.015s] INFO:colcon.colcon_core.shell:Creating environment descriptor '/home/tony/IntegracionRobotica/ros2_ws/install/joints_act/share/joints_act/hook/pythonpath.dsv'
[1.015s] INFO:colcon.colcon_core.shell:Creating environment hook '/home/tony/IntegracionRobotica/ros2_ws/install/joints_act/share/joints_act/hook/pythonpath.sh'
[1.016s] Level 1:colcon.colcon_core.environment:checking '/home/tony/IntegracionRobotica/ros2_ws/install/joints_act/bin'
[1.016s] Level 1:colcon.colcon_core.environment:create_environment_scripts_only(joints_act)
[1.016s] INFO:colcon.colcon_core.shell:Creating package script '/home/tony/IntegracionRobotica/ros2_ws/install/joints_act/share/joints_act/package.ps1'
[1.016s] INFO:colcon.colcon_core.shell:Creating package descriptor '/home/tony/IntegracionRobotica/ros2_ws/install/joints_act/share/joints_act/package.dsv'
[1.016s] INFO:colcon.colcon_core.shell:Creating package script '/home/tony/IntegracionRobotica/ros2_ws/install/joints_act/share/joints_act/package.sh'
[1.017s] INFO:colcon.colcon_core.shell:Creating package script '/home/tony/IntegracionRobotica/ros2_ws/install/joints_act/share/joints_act/package.bash'
[1.017s] INFO:colcon.colcon_core.shell:Creating package script '/home/tony/IntegracionRobotica/ros2_ws/install/joints_act/share/joints_act/package.zsh'
[1.017s] Level 1:colcon.colcon_core.environment:create_file_with_runtime_dependencies(/home/tony/IntegracionRobotica/ros2_ws/install/joints_act/share/colcon-core/packages/joints_act)
[1.019s] Level 1:colcon.colcon_core.environment:checking '/home/tony/IntegracionRobotica/ros2_ws/install/puzzlebot_sim' for CMake module files
[1.019s] DEBUG:colcon.colcon_core.event_handler.log_command:Invoked command in '/home/tony/IntegracionRobotica/ros2_ws/src/puzzlebot_sim' returned '0': PYTHONPATH=/home/tony/IntegracionRobotica/ros2_ws/build/puzzlebot_sim/prefix_override:/usr/lib/python3/dist-packages/colcon_core/task/python/colcon_distutils_commands:/home/tony/IntegracionRobotica/ros2_ws/install/puzzlebot_sim/lib/python3.10/site-packages:${PYTHONPATH} /usr/bin/python3 -W ignore:setup.py install is deprecated -W ignore:easy_install command is deprecated setup.py egg_info --egg-base ../../build/puzzlebot_sim build --build-base /home/tony/IntegracionRobotica/ros2_ws/build/puzzlebot_sim/build install --record /home/tony/IntegracionRobotica/ros2_ws/build/puzzlebot_sim/install.log --single-version-externally-managed install_data
[1.019s] Level 1:colcon.colcon_core.environment:checking '/home/tony/IntegracionRobotica/ros2_ws/install/puzzlebot_sim' for CMake config files
[1.020s] Level 1:colcon.colcon_core.environment:checking '/home/tony/IntegracionRobotica/ros2_ws/install/puzzlebot_sim/lib'
[1.020s] Level 1:colcon.colcon_core.environment:checking '/home/tony/IntegracionRobotica/ros2_ws/install/puzzlebot_sim/bin'
[1.020s] Level 1:colcon.colcon_core.environment:checking '/home/tony/IntegracionRobotica/ros2_ws/install/puzzlebot_sim/lib/pkgconfig/puzzlebot_sim.pc'
[1.020s] Level 1:colcon.colcon_core.environment:checking '/home/tony/IntegracionRobotica/ros2_ws/install/puzzlebot_sim/lib/python3.10/site-packages'
[1.020s] Level 1:colcon.colcon_core.shell:create_environment_hook('puzzlebot_sim', 'pythonpath')
[1.020s] INFO:colcon.colcon_core.shell:Creating environment hook '/home/tony/IntegracionRobotica/ros2_ws/install/puzzlebot_sim/share/puzzlebot_sim/hook/pythonpath.ps1'
[1.020s] INFO:colcon.colcon_core.shell:Creating environment descriptor '/home/tony/IntegracionRobotica/ros2_ws/install/puzzlebot_sim/share/puzzlebot_sim/hook/pythonpath.dsv'
[1.020s] INFO:colcon.colcon_core.shell:Creating environment hook '/home/tony/IntegracionRobotica/ros2_ws/install/puzzlebot_sim/share/puzzlebot_sim/hook/pythonpath.sh'
[1.021s] Level 1:colcon.colcon_core.environment:checking '/home/tony/IntegracionRobotica/ros2_ws/install/puzzlebot_sim/bin'
[1.021s] Level 1:colcon.colcon_core.environment:create_environment_scripts_only(puzzlebot_sim)
[1.021s] INFO:colcon.colcon_core.shell:Creating package script '/home/tony/IntegracionRobotica/ros2_ws/install/puzzlebot_sim/share/puzzlebot_sim/package.ps1'
[1.021s] INFO:colcon.colcon_core.shell:Creating package descriptor '/home/tony/IntegracionRobotica/ros2_ws/install/puzzlebot_sim/share/puzzlebot_sim/package.dsv'
[1.021s] INFO:colcon.colcon_core.shell:Creating package script '/home/tony/IntegracionRobotica/ros2_ws/install/puzzlebot_sim/share/puzzlebot_sim/package.sh'
[1.022s] INFO:colcon.colcon_core.shell:Creating package script '/home/tony/IntegracionRobotica/ros2_ws/install/puzzlebot_sim/share/puzzlebot_sim/package.bash'
[1.022s] INFO:colcon.colcon_core.shell:Creating package script '/home/tony/IntegracionRobotica/ros2_ws/install/puzzlebot_sim/share/puzzlebot_sim/package.zsh'
[1.022s] Level 1:colcon.colcon_core.environment:create_file_with_runtime_dependencies(/home/tony/IntegracionRobotica/ros2_ws/install/puzzlebot_sim/share/colcon-core/packages/puzzlebot_sim)
[1.022s] DEBUG:colcon.colcon_parallel_executor.executor.parallel:closing loop
[1.022s] DEBUG:colcon.colcon_parallel_executor.executor.parallel:loop closed
[1.022s] DEBUG:colcon.colcon_parallel_executor.executor.parallel:run_until_complete finished with '0'
[1.022s] DEBUG:colcon.colcon_core.event_reactor:joining thread
[1.025s] INFO:colcon.colcon_core.plugin_system:Skipping extension 'colcon_notification.desktop_notification.terminal_notifier': Not used on non-Darwin systems
[1.025s] INFO:colcon.colcon_core.plugin_system:Skipping extension 'colcon_notification.desktop_notification.win32': Not used on non-Windows systems
[1.025s] INFO:colcon.colcon_notification.desktop_notification:Sending desktop notification using 'notify2'
[1.031s] DEBUG:colcon.colcon_core.event_reactor:joined thread
[1.032s] INFO:colcon.colcon_core.shell:Creating prefix script '/home/tony/IntegracionRobotica/ros2_ws/install/local_setup.ps1'
[1.032s] INFO:colcon.colcon_core.shell:Creating prefix util module '/home/tony/IntegracionRobotica/ros2_ws/install/_local_setup_util_ps1.py'
[1.033s] INFO:colcon.colcon_core.shell:Creating prefix chain script '/home/tony/IntegracionRobotica/ros2_ws/install/setup.ps1'
[1.033s] INFO:colcon.colcon_core.shell:Creating prefix script '/home/tony/IntegracionRobotica/ros2_ws/install/local_setup.sh'
[1.034s] INFO:colcon.colcon_core.shell:Creating prefix util module '/home/tony/IntegracionRobotica/ros2_ws/install/_local_setup_util_sh.py'
[1.034s] INFO:colcon.colcon_core.shell:Creating prefix chain script '/home/tony/IntegracionRobotica/ros2_ws/install/setup.sh'
[1.035s] INFO:colcon.colcon_core.shell:Creating prefix script '/home/tony/IntegracionRobotica/ros2_ws/install/local_setup.bash'
[1.035s] INFO:colcon.colcon_core.shell:Creating prefix chain script '/home/tony/IntegracionRobotica/ros2_ws/install/setup.bash'
[1.035s] INFO:colcon.colcon_core.shell:Creating prefix script '/home/tony/IntegracionRobotica/ros2_ws/install/local_setup.zsh'
[1.036s] INFO:colcon.colcon_core.shell:Creating prefix chain script '/home/tony/IntegracionRobotica/ros2_ws/install/setup.zsh'
