running develop
running egg_info
creating tf_examples.egg-info
writing tf_examples.egg-info/PKG-INFO
writing dependency_links to tf_examples.egg-info/dependency_links.txt
writing entry points to tf_examples.egg-info/entry_points.txt
writing requirements to tf_examples.egg-info/requires.txt
writing top-level names to tf_examples.egg-info/top_level.txt
writing manifest file 'tf_examples.egg-info/SOURCES.txt'
reading manifest file 'tf_examples.egg-info/SOURCES.txt'
writing manifest file 'tf_examples.egg-info/SOURCES.txt'
running build_ext
Creating /home/tony/IntegracionRobotica/ros2_ws/install/tf_examples/lib/python3.10/site-packages/tf-examples.egg-link (link to .)
Installing static_tf script to /home/tony/IntegracionRobotica/ros2_ws/install/tf_examples/lib/tf_examples

Installed /home/tony/IntegracionRobotica/ros2_ws/build/tf_examples
running symlink_data
creating /home/tony/IntegracionRobotica/ros2_ws/install/tf_examples/share/ament_index
creating /home/tony/IntegracionRobotica/ros2_ws/install/tf_examples/share/ament_index/resource_index
creating /home/tony/IntegracionRobotica/ros2_ws/install/tf_examples/share/ament_index/resource_index/packages
symbolically linking /home/tony/IntegracionRobotica/ros2_ws/build/tf_examples/resource/tf_examples -> /home/tony/IntegracionRobotica/ros2_ws/install/tf_examples/share/ament_index/resource_index/packages
symbolically linking /home/tony/IntegracionRobotica/ros2_ws/build/tf_examples/package.xml -> /home/tony/IntegracionRobotica/ros2_ws/install/tf_examples/share/tf_examples
creating /home/tony/IntegracionRobotica/ros2_ws/install/tf_examples/share/tf_examples/launch
symbolically linking /home/tony/IntegracionRobotica/ros2_ws/build/tf_examples/launch/static_tf_launch.py -> /home/tony/IntegracionRobotica/ros2_ws/install/tf_examples/share/tf_examples/launch
