[0.799s] Invoking command in '/home/tony/IntegracionRobotica/ros2_ws/build/tf_examples': PYTHONPATH=/home/tony/IntegracionRobotica/ros2_ws/build/tf_examples/prefix_override:/usr/lib/python3/dist-packages/colcon_core/task/python/colcon_distutils_commands:/home/tony/IntegracionRobotica/ros2_ws/install/tf_examples/lib/python3.10/site-packages:${PYTHONPATH} /usr/bin/python3 -W ignore:setup.py install is deprecated -W ignore:easy_install command is deprecated setup.py develop --editable --build-directory /home/tony/IntegracionRobotica/ros2_ws/build/tf_examples/build --no-deps symlink_data
[0.950s] running develop
[1.045s] running egg_info
[1.045s] creating tf_examples.egg-info
[1.045s] writing tf_examples.egg-info/PKG-INFO
[1.045s] writing dependency_links to tf_examples.egg-info/dependency_links.txt
[1.045s] writing entry points to tf_examples.egg-info/entry_points.txt
[1.045s] writing requirements to tf_examples.egg-info/requires.txt
[1.045s] writing top-level names to tf_examples.egg-info/top_level.txt
[1.045s] writing manifest file 'tf_examples.egg-info/SOURCES.txt'
[1.046s] reading manifest file 'tf_examples.egg-info/SOURCES.txt'
[1.046s] writing manifest file 'tf_examples.egg-info/SOURCES.txt'
[1.047s] running build_ext
[1.047s] Creating /home/tony/IntegracionRobotica/ros2_ws/install/tf_examples/lib/python3.10/site-packages/tf-examples.egg-link (link to .)
[1.048s] Installing static_tf script to /home/tony/IntegracionRobotica/ros2_ws/install/tf_examples/lib/tf_examples
[1.048s] 
[1.048s] Installed /home/tony/IntegracionRobotica/ros2_ws/build/tf_examples
[1.048s] running symlink_data
[1.048s] creating /home/tony/IntegracionRobotica/ros2_ws/install/tf_examples/share/ament_index
[1.048s] creating /home/tony/IntegracionRobotica/ros2_ws/install/tf_examples/share/ament_index/resource_index
[1.048s] creating /home/tony/IntegracionRobotica/ros2_ws/install/tf_examples/share/ament_index/resource_index/packages
[1.048s] symbolically linking /home/tony/IntegracionRobotica/ros2_ws/build/tf_examples/resource/tf_examples -> /home/tony/IntegracionRobotica/ros2_ws/install/tf_examples/share/ament_index/resource_index/packages
[1.048s] symbolically linking /home/tony/IntegracionRobotica/ros2_ws/build/tf_examples/package.xml -> /home/tony/IntegracionRobotica/ros2_ws/install/tf_examples/share/tf_examples
[1.048s] creating /home/tony/IntegracionRobotica/ros2_ws/install/tf_examples/share/tf_examples/launch
[1.048s] symbolically linking /home/tony/IntegracionRobotica/ros2_ws/build/tf_examples/launch/static_tf_launch.py -> /home/tony/IntegracionRobotica/ros2_ws/install/tf_examples/share/tf_examples/launch
[1.069s] Invoked command in '/home/tony/IntegracionRobotica/ros2_ws/build/tf_examples' returned '0': PYTHONPATH=/home/tony/IntegracionRobotica/ros2_ws/build/tf_examples/prefix_override:/usr/lib/python3/dist-packages/colcon_core/task/python/colcon_distutils_commands:/home/tony/IntegracionRobotica/ros2_ws/install/tf_examples/lib/python3.10/site-packages:${PYTHONPATH} /usr/bin/python3 -W ignore:setup.py install is deprecated -W ignore:easy_install command is deprecated setup.py develop --editable --build-directory /home/tony/IntegracionRobotica/ros2_ws/build/tf_examples/build --no-deps symlink_data
