[1.472s] Invoking command in '/home/tony/IntegracionRobotica/ros2_ws/src/puzzlebot2_sim': PYTHONPATH=/home/tony/IntegracionRobotica/ros2_ws/build/puzzlebot2_sim/prefix_override:/usr/lib/python3/dist-packages/colcon_core/task/python/colcon_distutils_commands:/home/tony/IntegracionRobotica/ros2_ws/install/puzzlebot2_sim/lib/python3.10/site-packages:${PYTHONPATH} /usr/bin/python3 -W ignore:setup.py install is deprecated -W ignore:easy_install command is deprecated setup.py egg_info --egg-base ../../build/puzzlebot2_sim build --build-base /home/tony/IntegracionRobotica/ros2_ws/build/puzzlebot2_sim/build install --record /home/tony/IntegracionRobotica/ros2_ws/build/puzzlebot2_sim/install.log --single-version-externally-managed install_data
[1.696s] running egg_info
[1.698s] writing ../../build/puzzlebot2_sim/puzzlebot2_sim.egg-info/PKG-INFO
[1.698s] writing dependency_links to ../../build/puzzlebot2_sim/puzzlebot2_sim.egg-info/dependency_links.txt
[1.698s] writing entry points to ../../build/puzzlebot2_sim/puzzlebot2_sim.egg-info/entry_points.txt
[1.698s] writing requirements to ../../build/puzzlebot2_sim/puzzlebot2_sim.egg-info/requires.txt
[1.698s] writing top-level names to ../../build/puzzlebot2_sim/puzzlebot2_sim.egg-info/top_level.txt
[1.699s] reading manifest file '../../build/puzzlebot2_sim/puzzlebot2_sim.egg-info/SOURCES.txt'
[1.699s] adding license file 'LICENSE'
[1.700s] writing manifest file '../../build/puzzlebot2_sim/puzzlebot2_sim.egg-info/SOURCES.txt'
[1.700s] running build
[1.700s] running build_py
[1.700s] copying puzzlebot2_sim/puzzlebot_sim.py -> /home/tony/IntegracionRobotica/ros2_ws/build/puzzlebot2_sim/build/lib/puzzlebot2_sim
[1.701s] running install
[1.701s] running install_lib
[1.702s] copying /home/tony/IntegracionRobotica/ros2_ws/build/puzzlebot2_sim/build/lib/puzzlebot2_sim/puzzlebot_sim.py -> /home/tony/IntegracionRobotica/ros2_ws/install/puzzlebot2_sim/lib/python3.10/site-packages/puzzlebot2_sim
[1.702s] byte-compiling /home/tony/IntegracionRobotica/ros2_ws/install/puzzlebot2_sim/lib/python3.10/site-packages/puzzlebot2_sim/puzzlebot_sim.py to puzzlebot_sim.cpython-310.pyc
[1.703s] byte-compiling /home/tony/IntegracionRobotica/ros2_ws/install/puzzlebot2_sim/lib/python3.10/site-packages/puzzlebot2_sim/point_stabilisation_control.py to point_stabilisation_control.cpython-310.pyc
[1.703s] running install_data
[1.703s] Sorry: IndentationError: expected an indented block after function definition on line 10 (point_stabilisation_control.py, line 14)
[1.703s] running install_egg_info
[1.705s] removing '/home/tony/IntegracionRobotica/ros2_ws/install/puzzlebot2_sim/lib/python3.10/site-packages/puzzlebot2_sim-0.0.0-py3.10.egg-info' (and everything under it)
[1.705s] Copying ../../build/puzzlebot2_sim/puzzlebot2_sim.egg-info to /home/tony/IntegracionRobotica/ros2_ws/install/puzzlebot2_sim/lib/python3.10/site-packages/puzzlebot2_sim-0.0.0-py3.10.egg-info
[1.706s] running install_scripts
[1.726s] Installing joint_state_pub script to /home/tony/IntegracionRobotica/ros2_ws/install/puzzlebot2_sim/lib/puzzlebot_sim
[1.726s] Installing localisation script to /home/tony/IntegracionRobotica/ros2_ws/install/puzzlebot2_sim/lib/puzzlebot_sim
[1.726s] Installing point_stabilisation_control script to /home/tony/IntegracionRobotica/ros2_ws/install/puzzlebot2_sim/lib/puzzlebot_sim
[1.726s] Installing puzzlebot_sim script to /home/tony/IntegracionRobotica/ros2_ws/install/puzzlebot2_sim/lib/puzzlebot_sim
[1.727s] writing list of installed files to '/home/tony/IntegracionRobotica/ros2_ws/build/puzzlebot2_sim/install.log'
[1.764s] Invoked command in '/home/tony/IntegracionRobotica/ros2_ws/src/puzzlebot2_sim' returned '0': PYTHONPATH=/home/tony/IntegracionRobotica/ros2_ws/build/puzzlebot2_sim/prefix_override:/usr/lib/python3/dist-packages/colcon_core/task/python/colcon_distutils_commands:/home/tony/IntegracionRobotica/ros2_ws/install/puzzlebot2_sim/lib/python3.10/site-packages:${PYTHONPATH} /usr/bin/python3 -W ignore:setup.py install is deprecated -W ignore:easy_install command is deprecated setup.py egg_info --egg-base ../../build/puzzlebot2_sim build --build-base /home/tony/IntegracionRobotica/ros2_ws/build/puzzlebot2_sim/build install --record /home/tony/IntegracionRobotica/ros2_ws/build/puzzlebot2_sim/install.log --single-version-externally-managed install_data
