running develop
Removing /home/tony/IntegracionRobotica/ros2_ws/install/link_act/lib/python3.10/site-packages/link-act.egg-link (link to .)
running egg_info
writing ../../build/link_act/link_act.egg-info/PKG-INFO
writing dependency_links to ../../build/link_act/link_act.egg-info/dependency_links.txt
writing entry points to ../../build/link_act/link_act.egg-info/entry_points.txt
writing requirements to ../../build/link_act/link_act.egg-info/requires.txt
writing top-level names to ../../build/link_act/link_act.egg-info/top_level.txt
reading manifest file '../../build/link_act/link_act.egg-info/SOURCES.txt'
adding license file 'LICENSE'
writing manifest file '../../build/link_act/link_act.egg-info/SOURCES.txt'
running build
running build_py
creating /home/tony/IntegracionRobotica/ros2_ws/build/link_act/build
creating /home/tony/IntegracionRobotica/ros2_ws/build/link_act/build/lib
creating /home/tony/IntegracionRobotica/ros2_ws/build/link_act/build/lib/link_act
copying link_act/__init__.py -> /home/tony/IntegracionRobotica/ros2_ws/build/link_act/build/lib/link_act
copying link_act/puzzle_drone.py -> /home/tony/IntegracionRobotica/ros2_ws/build/link_act/build/lib/link_act
running install
running install_lib
creating /home/tony/IntegracionRobotica/ros2_ws/install/link_act/lib/python3.10/site-packages/link_act
copying /home/tony/IntegracionRobotica/ros2_ws/build/link_act/build/lib/link_act/__init__.py -> /home/tony/IntegracionRobotica/ros2_ws/install/link_act/lib/python3.10/site-packages/link_act
copying /home/tony/IntegracionRobotica/ros2_ws/build/link_act/build/lib/link_act/puzzle_drone.py -> /home/tony/IntegracionRobotica/ros2_ws/install/link_act/lib/python3.10/site-packages/link_act
byte-compiling /home/tony/IntegracionRobotica/ros2_ws/install/link_act/lib/python3.10/site-packages/link_act/__init__.py to __init__.cpython-310.pyc
byte-compiling /home/tony/IntegracionRobotica/ros2_ws/install/link_act/lib/python3.10/site-packages/link_act/puzzle_drone.py to puzzle_drone.cpython-310.pyc
running install_data
copying resource/link_act -> /home/tony/IntegracionRobotica/ros2_ws/install/link_act/share/ament_index/resource_index/packages
copying package.xml -> /home/tony/IntegracionRobotica/ros2_ws/install/link_act/share/link_act
copying launch/cylinder_launch.py -> /home/tony/IntegracionRobotica/ros2_ws/install/link_act/share/link_act/launch
copying launch/puzzledrone_launch.py -> /home/tony/IntegracionRobotica/ros2_ws/install/link_act/share/link_act/launch
copying rviz/puzzledrone.rviz -> /home/tony/IntegracionRobotica/ros2_ws/install/link_act/share/link_act/rviz
copying meshes/base_210mm.stl -> /home/tony/IntegracionRobotica/ros2_ws/install/link_act/share/link_act/meshes
copying meshes/propeller_ccw_puller_5in.stl -> /home/tony/IntegracionRobotica/ros2_ws/install/link_act/share/link_act/meshes
copying meshes/propeller_cw_puller_5in.stl -> /home/tony/IntegracionRobotica/ros2_ws/install/link_act/share/link_act/meshes
copying urdf/cylinder.urdf -> /home/tony/IntegracionRobotica/ros2_ws/install/link_act/share/link_act/urdf
copying urdf/puzzle_drone.urdf -> /home/tony/IntegracionRobotica/ros2_ws/install/link_act/share/link_act/urdf
running install_egg_info
Copying ../../build/link_act/link_act.egg-info to /home/tony/IntegracionRobotica/ros2_ws/install/link_act/lib/python3.10/site-packages/link_act-0.0.0-py3.10.egg-info
running install_scripts
Installing puzzle_drone script to /home/tony/IntegracionRobotica/ros2_ws/install/link_act/lib/link_act
writing list of installed files to '/home/tony/IntegracionRobotica/ros2_ws/build/link_act/install.log'
