[0.316s] Invoking command in '/home/tony/IntegracionRobotica/ros2_ws/src/tf_examples': PYTHONPATH=/home/tony/IntegracionRobotica/ros2_ws/build/tf_examples/prefix_override:/usr/lib/python3/dist-packages/colcon_core/task/python/colcon_distutils_commands:/home/tony/IntegracionRobotica/ros2_ws/install/tf_examples/lib/python3.10/site-packages:${PYTHONPATH} /usr/bin/python3 -W ignore:setup.py install is deprecated -W ignore:easy_install command is deprecated setup.py egg_info --egg-base ../../build/tf_examples build --build-base /home/tony/IntegracionRobotica/ros2_ws/build/tf_examples/build install --record /home/tony/IntegracionRobotica/ros2_ws/build/tf_examples/install.log --single-version-externally-managed install_data
[0.435s] running egg_info
[0.435s] writing ../../build/tf_examples/tf_examples.egg-info/PKG-INFO
[0.435s] writing dependency_links to ../../build/tf_examples/tf_examples.egg-info/dependency_links.txt
[0.435s] writing entry points to ../../build/tf_examples/tf_examples.egg-info/entry_points.txt
[0.435s] writing requirements to ../../build/tf_examples/tf_examples.egg-info/requires.txt
[0.435s] writing top-level names to ../../build/tf_examples/tf_examples.egg-info/top_level.txt
[0.436s] reading manifest file '../../build/tf_examples/tf_examples.egg-info/SOURCES.txt'
[0.436s] adding license file 'LICENSE'
[0.437s] writing manifest file '../../build/tf_examples/tf_examples.egg-info/SOURCES.txt'
[0.437s] running build
[0.437s] running build_py
[0.437s] copying tf_examples/static_tf.py -> /home/tony/IntegracionRobotica/ros2_ws/build/tf_examples/build/lib/tf_examples
[0.437s] running install
[0.437s] running install_lib
[0.438s] copying /home/tony/IntegracionRobotica/ros2_ws/build/tf_examples/build/lib/tf_examples/static_tf.py -> /home/tony/IntegracionRobotica/ros2_ws/install/tf_examples/lib/python3.10/site-packages/tf_examples
[0.438s] byte-compiling /home/tony/IntegracionRobotica/ros2_ws/install/tf_examples/lib/python3.10/site-packages/tf_examples/static_tf.py to static_tf.cpython-310.pyc
[0.438s] running install_data
[0.439s] copying launch/static_tf_launch.py -> /home/tony/IntegracionRobotica/ros2_ws/install/tf_examples/share/tf_examples/launch
[0.439s] running install_egg_info
[0.440s] removing '/home/tony/IntegracionRobotica/ros2_ws/install/tf_examples/lib/python3.10/site-packages/tf_examples-0.0.0-py3.10.egg-info' (and everything under it)
[0.441s] Copying ../../build/tf_examples/tf_examples.egg-info to /home/tony/IntegracionRobotica/ros2_ws/install/tf_examples/lib/python3.10/site-packages/tf_examples-0.0.0-py3.10.egg-info
[0.441s] running install_scripts
[0.454s] Installing static_tf script to /home/tony/IntegracionRobotica/ros2_ws/install/tf_examples/lib/tf_examples
[0.454s] writing list of installed files to '/home/tony/IntegracionRobotica/ros2_ws/build/tf_examples/install.log'
[0.467s] Invoked command in '/home/tony/IntegracionRobotica/ros2_ws/src/tf_examples' returned '0': PYTHONPATH=/home/tony/IntegracionRobotica/ros2_ws/build/tf_examples/prefix_override:/usr/lib/python3/dist-packages/colcon_core/task/python/colcon_distutils_commands:/home/tony/IntegracionRobotica/ros2_ws/install/tf_examples/lib/python3.10/site-packages:${PYTHONPATH} /usr/bin/python3 -W ignore:setup.py install is deprecated -W ignore:easy_install command is deprecated setup.py egg_info --egg-base ../../build/tf_examples build --build-base /home/tony/IntegracionRobotica/ros2_ws/build/tf_examples/build install --record /home/tony/IntegracionRobotica/ros2_ws/build/tf_examples/install.log --single-version-externally-managed install_data
