[0.820s] Invoking command in '/home/tony/IntegracionRobotica/ros2_ws/build/link_act': PYTHONPATH=/home/tony/IntegracionRobotica/ros2_ws/build/link_act/prefix_override:/usr/lib/python3/dist-packages/colcon_core/task/python/colcon_distutils_commands:/home/tony/IntegracionRobotica/ros2_ws/install/link_act/lib/python3.10/site-packages:${PYTHONPATH} /usr/bin/python3 -W ignore:setup.py install is deprecated -W ignore:easy_install command is deprecated setup.py develop --editable --build-directory /home/tony/IntegracionRobotica/ros2_ws/build/link_act/build --no-deps symlink_data
[0.990s] running develop
[1.089s] running egg_info
[1.089s] creating link_act.egg-info
[1.089s] writing link_act.egg-info/PKG-INFO
[1.089s] writing dependency_links to link_act.egg-info/dependency_links.txt
[1.089s] writing entry points to link_act.egg-info/entry_points.txt
[1.089s] writing requirements to link_act.egg-info/requires.txt
[1.089s] writing top-level names to link_act.egg-info/top_level.txt
[1.089s] writing manifest file 'link_act.egg-info/SOURCES.txt'
[1.091s] reading manifest file 'link_act.egg-info/SOURCES.txt'
[1.091s] writing manifest file 'link_act.egg-info/SOURCES.txt'
[1.092s] running build_ext
[1.092s] Creating /home/tony/IntegracionRobotica/ros2_ws/install/link_act/lib/python3.10/site-packages/link-act.egg-link (link to .)
[1.092s] Installing puzzle_drone script to /home/tony/IntegracionRobotica/ros2_ws/install/link_act/lib/link_act
[1.092s] 
[1.092s] Installed /home/tony/IntegracionRobotica/ros2_ws/build/link_act
[1.092s] running symlink_data
[1.092s] creating /home/tony/IntegracionRobotica/ros2_ws/install/link_act/share/ament_index
[1.093s] creating /home/tony/IntegracionRobotica/ros2_ws/install/link_act/share/ament_index/resource_index
[1.093s] creating /home/tony/IntegracionRobotica/ros2_ws/install/link_act/share/ament_index/resource_index/packages
[1.093s] symbolically linking /home/tony/IntegracionRobotica/ros2_ws/build/link_act/resource/link_act -> /home/tony/IntegracionRobotica/ros2_ws/install/link_act/share/ament_index/resource_index/packages
[1.093s] symbolically linking /home/tony/IntegracionRobotica/ros2_ws/build/link_act/package.xml -> /home/tony/IntegracionRobotica/ros2_ws/install/link_act/share/link_act
[1.093s] creating /home/tony/IntegracionRobotica/ros2_ws/install/link_act/share/link_act/launch
[1.093s] symbolically linking /home/tony/IntegracionRobotica/ros2_ws/build/link_act/launch/cylinder_launch.py -> /home/tony/IntegracionRobotica/ros2_ws/install/link_act/share/link_act/launch
[1.093s] symbolically linking /home/tony/IntegracionRobotica/ros2_ws/build/link_act/launch/puzzledrone_launch.py -> /home/tony/IntegracionRobotica/ros2_ws/install/link_act/share/link_act/launch
[1.093s] creating /home/tony/IntegracionRobotica/ros2_ws/install/link_act/share/link_act/config
[1.093s] creating /home/tony/IntegracionRobotica/ros2_ws/install/link_act/share/link_act/rviz
[1.093s] symbolically linking /home/tony/IntegracionRobotica/ros2_ws/build/link_act/rviz/puzzledrone.rviz -> /home/tony/IntegracionRobotica/ros2_ws/install/link_act/share/link_act/rviz
[1.093s] creating /home/tony/IntegracionRobotica/ros2_ws/install/link_act/share/link_act/meshes
[1.093s] symbolically linking /home/tony/IntegracionRobotica/ros2_ws/build/link_act/meshes/base_210mm.stl -> /home/tony/IntegracionRobotica/ros2_ws/install/link_act/share/link_act/meshes
[1.093s] symbolically linking /home/tony/IntegracionRobotica/ros2_ws/build/link_act/meshes/propeller_ccw_puller_5in.stl -> /home/tony/IntegracionRobotica/ros2_ws/install/link_act/share/link_act/meshes
[1.093s] symbolically linking /home/tony/IntegracionRobotica/ros2_ws/build/link_act/meshes/propeller_cw_puller_5in.stl -> /home/tony/IntegracionRobotica/ros2_ws/install/link_act/share/link_act/meshes
[1.093s] creating /home/tony/IntegracionRobotica/ros2_ws/install/link_act/share/link_act/urdf
[1.093s] symbolically linking /home/tony/IntegracionRobotica/ros2_ws/build/link_act/urdf/cylinder.urdf -> /home/tony/IntegracionRobotica/ros2_ws/install/link_act/share/link_act/urdf
[1.094s] symbolically linking /home/tony/IntegracionRobotica/ros2_ws/build/link_act/urdf/puzzle_drone.urdf -> /home/tony/IntegracionRobotica/ros2_ws/install/link_act/share/link_act/urdf
[1.116s] Invoked command in '/home/tony/IntegracionRobotica/ros2_ws/build/link_act' returned '0': PYTHONPATH=/home/tony/IntegracionRobotica/ros2_ws/build/link_act/prefix_override:/usr/lib/python3/dist-packages/colcon_core/task/python/colcon_distutils_commands:/home/tony/IntegracionRobotica/ros2_ws/install/link_act/lib/python3.10/site-packages:${PYTHONPATH} /usr/bin/python3 -W ignore:setup.py install is deprecated -W ignore:easy_install command is deprecated setup.py develop --editable --build-directory /home/tony/IntegracionRobotica/ros2_ws/build/link_act/build --no-deps symlink_data
