running develop
running egg_info
creating puzzlebot2_sim.egg-info
writing puzzlebot2_sim.egg-info/PKG-INFO
writing dependency_links to puzzlebot2_sim.egg-info/dependency_links.txt
writing entry points to puzzlebot2_sim.egg-info/entry_points.txt
writing requirements to puzzlebot2_sim.egg-info/requires.txt
writing top-level names to puzzlebot2_sim.egg-info/top_level.txt
writing manifest file 'puzzlebot2_sim.egg-info/SOURCES.txt'
reading manifest file 'puzzlebot2_sim.egg-info/SOURCES.txt'
writing manifest file 'puzzlebot2_sim.egg-info/SOURCES.txt'
running build_ext
Creating /home/tony/IntegracionRobotica/ros2_ws/install/puzzlebot2_sim/lib/python3.10/site-packages/puzzlebot2-sim.egg-link (link to .)
Installing joint_state_pub script to /home/tony/IntegracionRobotica/ros2_ws/install/puzzlebot2_sim/lib/puzzlebot_sim
Installing localisation script to /home/tony/IntegracionRobotica/ros2_ws/install/puzzlebot2_sim/lib/puzzlebot_sim
Installing point_stabilisation_control script to /home/tony/IntegracionRobotica/ros2_ws/install/puzzlebot2_sim/lib/puzzlebot_sim
Installing puzzlebot_sim script to /home/tony/IntegracionRobotica/ros2_ws/install/puzzlebot2_sim/lib/puzzlebot_sim

Installed /home/tony/IntegracionRobotica/ros2_ws/build/puzzlebot2_sim
running symlink_data
creating /home/tony/IntegracionRobotica/ros2_ws/install/puzzlebot2_sim/share/ament_index
creating /home/tony/IntegracionRobotica/ros2_ws/install/puzzlebot2_sim/share/ament_index/resource_index
creating /home/tony/IntegracionRobotica/ros2_ws/install/puzzlebot2_sim/share/ament_index/resource_index/packages
symbolically linking /home/tony/IntegracionRobotica/ros2_ws/build/puzzlebot2_sim/resource/puzzlebot2_sim -> /home/tony/IntegracionRobotica/ros2_ws/install/puzzlebot2_sim/share/ament_index/resource_index/packages
symbolically linking /home/tony/IntegracionRobotica/ros2_ws/build/puzzlebot2_sim/package.xml -> /home/tony/IntegracionRobotica/ros2_ws/install/puzzlebot2_sim/share/puzzlebot2_sim
creating /home/tony/IntegracionRobotica/ros2_ws/install/puzzlebot2_sim/share/puzzlebot2_sim/launch
symbolically linking /home/tony/IntegracionRobotica/ros2_ws/build/puzzlebot2_sim/launch/puzzlebot_sim_launch.py -> /home/tony/IntegracionRobotica/ros2_ws/install/puzzlebot2_sim/share/puzzlebot2_sim/launch
creating /home/tony/IntegracionRobotica/ros2_ws/install/puzzlebot2_sim/share/puzzlebot2_sim/config
creating /home/tony/IntegracionRobotica/ros2_ws/install/puzzlebot2_sim/share/puzzlebot2_sim/rviz
symbolically linking /home/tony/IntegracionRobotica/ros2_ws/build/puzzlebot2_sim/rviz/simple_puzzlebot_rviz.rviz -> /home/tony/IntegracionRobotica/ros2_ws/install/puzzlebot2_sim/share/puzzlebot2_sim/rviz
symbolically linking /home/tony/IntegracionRobotica/ros2_ws/build/puzzlebot2_sim/rviz/multi_puzzlebot_rviz.rviz -> /home/tony/IntegracionRobotica/ros2_ws/install/puzzlebot2_sim/share/puzzlebot2_sim/rviz
symbolically linking /home/tony/IntegracionRobotica/ros2_ws/build/puzzlebot2_sim/rviz/puzzlebot_rviz.rviz -> /home/tony/IntegracionRobotica/ros2_ws/install/puzzlebot2_sim/share/puzzlebot2_sim/rviz
creating /home/tony/IntegracionRobotica/ros2_ws/install/puzzlebot2_sim/share/puzzlebot2_sim/meshes
symbolically linking /home/tony/IntegracionRobotica/ros2_ws/build/puzzlebot2_sim/meshes/MCR2_puzzlebot_base.stl -> /home/tony/IntegracionRobotica/ros2_ws/install/puzzlebot2_sim/share/puzzlebot2_sim/meshes
symbolically linking /home/tony/IntegracionRobotica/ros2_ws/build/puzzlebot2_sim/meshes/MCR2_puzzlebot_jetson_lidar_base.stl -> /home/tony/IntegracionRobotica/ros2_ws/install/puzzlebot2_sim/share/puzzlebot2_sim/meshes
symbolically linking /home/tony/IntegracionRobotica/ros2_ws/build/puzzlebot2_sim/meshes/MCR2_caster_wheel.stl -> /home/tony/IntegracionRobotica/ros2_ws/install/puzzlebot2_sim/share/puzzlebot2_sim/meshes
symbolically linking /home/tony/IntegracionRobotica/ros2_ws/build/puzzlebot2_sim/meshes/MCR2_puzzlebot_jetson_base.stl -> /home/tony/IntegracionRobotica/ros2_ws/install/puzzlebot2_sim/share/puzzlebot2_sim/meshes
symbolically linking /home/tony/IntegracionRobotica/ros2_ws/build/puzzlebot2_sim/meshes/MCR2_wheel.stl -> /home/tony/IntegracionRobotica/ros2_ws/install/puzzlebot2_sim/share/puzzlebot2_sim/meshes
creating /home/tony/IntegracionRobotica/ros2_ws/install/puzzlebot2_sim/share/puzzlebot2_sim/urdf
symbolically linking /home/tony/IntegracionRobotica/ros2_ws/build/puzzlebot2_sim/urdf/puzzlebot.urdf -> /home/tony/IntegracionRobotica/ros2_ws/install/puzzlebot2_sim/share/puzzlebot2_sim/urdf
