[0.804s] Invoking command in '/home/tony/IntegracionRobotica/ros2_ws/build/puzzlebot2_sim': PYTHONPATH=/home/tony/IntegracionRobotica/ros2_ws/build/puzzlebot2_sim/prefix_override:/usr/lib/python3/dist-packages/colcon_core/task/python/colcon_distutils_commands:/home/tony/IntegracionRobotica/ros2_ws/install/puzzlebot2_sim/lib/python3.10/site-packages:${PYTHONPATH} /usr/bin/python3 -W ignore:setup.py install is deprecated -W ignore:easy_install command is deprecated setup.py develop --editable --build-directory /home/tony/IntegracionRobotica/ros2_ws/build/puzzlebot2_sim/build --no-deps symlink_data
[0.973s] running develop
[1.070s] running egg_info
[1.070s] creating puzzlebot2_sim.egg-info
[1.070s] writing puzzlebot2_sim.egg-info/PKG-INFO
[1.070s] writing dependency_links to puzzlebot2_sim.egg-info/dependency_links.txt
[1.070s] writing entry points to puzzlebot2_sim.egg-info/entry_points.txt
[1.070s] writing requirements to puzzlebot2_sim.egg-info/requires.txt
[1.070s] writing top-level names to puzzlebot2_sim.egg-info/top_level.txt
[1.070s] writing manifest file 'puzzlebot2_sim.egg-info/SOURCES.txt'
[1.071s] reading manifest file 'puzzlebot2_sim.egg-info/SOURCES.txt'
[1.072s] writing manifest file 'puzzlebot2_sim.egg-info/SOURCES.txt'
[1.073s] running build_ext
[1.073s] Creating /home/tony/IntegracionRobotica/ros2_ws/install/puzzlebot2_sim/lib/python3.10/site-packages/puzzlebot2-sim.egg-link (link to .)
[1.073s] Installing joint_state_pub script to /home/tony/IntegracionRobotica/ros2_ws/install/puzzlebot2_sim/lib/puzzlebot_sim
[1.073s] Installing localisation script to /home/tony/IntegracionRobotica/ros2_ws/install/puzzlebot2_sim/lib/puzzlebot_sim
[1.073s] Installing point_stabilisation_control script to /home/tony/IntegracionRobotica/ros2_ws/install/puzzlebot2_sim/lib/puzzlebot_sim
[1.073s] Installing puzzlebot_sim script to /home/tony/IntegracionRobotica/ros2_ws/install/puzzlebot2_sim/lib/puzzlebot_sim
[1.073s] 
[1.073s] Installed /home/tony/IntegracionRobotica/ros2_ws/build/puzzlebot2_sim
[1.074s] running symlink_data
[1.074s] creating /home/tony/IntegracionRobotica/ros2_ws/install/puzzlebot2_sim/share/ament_index
[1.074s] creating /home/tony/IntegracionRobotica/ros2_ws/install/puzzlebot2_sim/share/ament_index/resource_index
[1.074s] creating /home/tony/IntegracionRobotica/ros2_ws/install/puzzlebot2_sim/share/ament_index/resource_index/packages
[1.074s] symbolically linking /home/tony/IntegracionRobotica/ros2_ws/build/puzzlebot2_sim/resource/puzzlebot2_sim -> /home/tony/IntegracionRobotica/ros2_ws/install/puzzlebot2_sim/share/ament_index/resource_index/packages
[1.074s] symbolically linking /home/tony/IntegracionRobotica/ros2_ws/build/puzzlebot2_sim/package.xml -> /home/tony/IntegracionRobotica/ros2_ws/install/puzzlebot2_sim/share/puzzlebot2_sim
[1.074s] creating /home/tony/IntegracionRobotica/ros2_ws/install/puzzlebot2_sim/share/puzzlebot2_sim/launch
[1.074s] symbolically linking /home/tony/IntegracionRobotica/ros2_ws/build/puzzlebot2_sim/launch/puzzlebot_sim_launch.py -> /home/tony/IntegracionRobotica/ros2_ws/install/puzzlebot2_sim/share/puzzlebot2_sim/launch
[1.074s] creating /home/tony/IntegracionRobotica/ros2_ws/install/puzzlebot2_sim/share/puzzlebot2_sim/config
[1.074s] creating /home/tony/IntegracionRobotica/ros2_ws/install/puzzlebot2_sim/share/puzzlebot2_sim/rviz
[1.074s] symbolically linking /home/tony/IntegracionRobotica/ros2_ws/build/puzzlebot2_sim/rviz/simple_puzzlebot_rviz.rviz -> /home/tony/IntegracionRobotica/ros2_ws/install/puzzlebot2_sim/share/puzzlebot2_sim/rviz
[1.075s] symbolically linking /home/tony/IntegracionRobotica/ros2_ws/build/puzzlebot2_sim/rviz/multi_puzzlebot_rviz.rviz -> /home/tony/IntegracionRobotica/ros2_ws/install/puzzlebot2_sim/share/puzzlebot2_sim/rviz
[1.075s] symbolically linking /home/tony/IntegracionRobotica/ros2_ws/build/puzzlebot2_sim/rviz/puzzlebot_rviz.rviz -> /home/tony/IntegracionRobotica/ros2_ws/install/puzzlebot2_sim/share/puzzlebot2_sim/rviz
[1.075s] creating /home/tony/IntegracionRobotica/ros2_ws/install/puzzlebot2_sim/share/puzzlebot2_sim/meshes
[1.075s] symbolically linking /home/tony/IntegracionRobotica/ros2_ws/build/puzzlebot2_sim/meshes/MCR2_puzzlebot_base.stl -> /home/tony/IntegracionRobotica/ros2_ws/install/puzzlebot2_sim/share/puzzlebot2_sim/meshes
[1.075s] symbolically linking /home/tony/IntegracionRobotica/ros2_ws/build/puzzlebot2_sim/meshes/MCR2_puzzlebot_jetson_lidar_base.stl -> /home/tony/IntegracionRobotica/ros2_ws/install/puzzlebot2_sim/share/puzzlebot2_sim/meshes
[1.075s] symbolically linking /home/tony/IntegracionRobotica/ros2_ws/build/puzzlebot2_sim/meshes/MCR2_caster_wheel.stl -> /home/tony/IntegracionRobotica/ros2_ws/install/puzzlebot2_sim/share/puzzlebot2_sim/meshes
[1.075s] symbolically linking /home/tony/IntegracionRobotica/ros2_ws/build/puzzlebot2_sim/meshes/MCR2_puzzlebot_jetson_base.stl -> /home/tony/IntegracionRobotica/ros2_ws/install/puzzlebot2_sim/share/puzzlebot2_sim/meshes
[1.076s] symbolically linking /home/tony/IntegracionRobotica/ros2_ws/build/puzzlebot2_sim/meshes/MCR2_wheel.stl -> /home/tony/IntegracionRobotica/ros2_ws/install/puzzlebot2_sim/share/puzzlebot2_sim/meshes
[1.076s] creating /home/tony/IntegracionRobotica/ros2_ws/install/puzzlebot2_sim/share/puzzlebot2_sim/urdf
[1.076s] symbolically linking /home/tony/IntegracionRobotica/ros2_ws/build/puzzlebot2_sim/urdf/puzzlebot.urdf -> /home/tony/IntegracionRobotica/ros2_ws/install/puzzlebot2_sim/share/puzzlebot2_sim/urdf
[1.103s] Invoked command in '/home/tony/IntegracionRobotica/ros2_ws/build/puzzlebot2_sim' returned '0': PYTHONPATH=/home/tony/IntegracionRobotica/ros2_ws/build/puzzlebot2_sim/prefix_override:/usr/lib/python3/dist-packages/colcon_core/task/python/colcon_distutils_commands:/home/tony/IntegracionRobotica/ros2_ws/install/puzzlebot2_sim/lib/python3.10/site-packages:${PYTHONPATH} /usr/bin/python3 -W ignore:setup.py install is deprecated -W ignore:easy_install command is deprecated setup.py develop --editable --build-directory /home/tony/IntegracionRobotica/ros2_ws/build/puzzlebot2_sim/build --no-deps symlink_data
