[0.341s] Invoking command in '/home/tony/IntegracionRobotica/ros2_ws/src/puzzlebot_sim': PYTHONPATH=/home/tony/IntegracionRobotica/ros2_ws/build/puzzlebot_sim/prefix_override:/usr/lib/python3/dist-packages/colcon_core/task/python/colcon_distutils_commands:/home/tony/IntegracionRobotica/ros2_ws/install/puzzlebot_sim/lib/python3.10/site-packages:${PYTHONPATH} /usr/bin/python3 -W ignore:setup.py install is deprecated -W ignore:easy_install command is deprecated setup.py egg_info --egg-base ../../build/puzzlebot_sim build --build-base /home/tony/IntegracionRobotica/ros2_ws/build/puzzlebot_sim/build install --record /home/tony/IntegracionRobotica/ros2_ws/build/puzzlebot_sim/install.log --single-version-externally-managed install_data
[0.471s] running egg_info
[0.471s] creating ../../build/puzzlebot_sim/puzzlebot_sim.egg-info
[0.471s] writing ../../build/puzzlebot_sim/puzzlebot_sim.egg-info/PKG-INFO
[0.472s] writing dependency_links to ../../build/puzzlebot_sim/puzzlebot_sim.egg-info/dependency_links.txt
[0.472s] writing entry points to ../../build/puzzlebot_sim/puzzlebot_sim.egg-info/entry_points.txt
[0.472s] writing requirements to ../../build/puzzlebot_sim/puzzlebot_sim.egg-info/requires.txt
[0.472s] writing top-level names to ../../build/puzzlebot_sim/puzzlebot_sim.egg-info/top_level.txt
[0.472s] writing manifest file '../../build/puzzlebot_sim/puzzlebot_sim.egg-info/SOURCES.txt'
[0.473s] reading manifest file '../../build/puzzlebot_sim/puzzlebot_sim.egg-info/SOURCES.txt'
[0.473s] adding license file 'LICENSE'
[0.474s] writing manifest file '../../build/puzzlebot_sim/puzzlebot_sim.egg-info/SOURCES.txt'
[0.474s] running build
[0.474s] running build_py
[0.474s] creating /home/tony/IntegracionRobotica/ros2_ws/build/puzzlebot_sim/build
[0.474s] creating /home/tony/IntegracionRobotica/ros2_ws/build/puzzlebot_sim/build/lib
[0.474s] creating /home/tony/IntegracionRobotica/ros2_ws/build/puzzlebot_sim/build/lib/puzzlebot_sim
[0.474s] copying puzzlebot_sim/shapeDrawer.py -> /home/tony/IntegracionRobotica/ros2_ws/build/puzzlebot_sim/build/lib/puzzlebot_sim
[0.474s] copying puzzlebot_sim/moveFoward.py -> /home/tony/IntegracionRobotica/ros2_ws/build/puzzlebot_sim/build/lib/puzzlebot_sim
[0.474s] copying puzzlebot_sim/localisation.py -> /home/tony/IntegracionRobotica/ros2_ws/build/puzzlebot_sim/build/lib/puzzlebot_sim
[0.474s] copying puzzlebot_sim/joint_state_publisher.py -> /home/tony/IntegracionRobotica/ros2_ws/build/puzzlebot_sim/build/lib/puzzlebot_sim
[0.474s] copying puzzlebot_sim/__init__.py -> /home/tony/IntegracionRobotica/ros2_ws/build/puzzlebot_sim/build/lib/puzzlebot_sim
[0.474s] copying puzzlebot_sim/kinematic_model_node.py -> /home/tony/IntegracionRobotica/ros2_ws/build/puzzlebot_sim/build/lib/puzzlebot_sim
[0.475s] copying puzzlebot_sim/puzzlebot_sim.py -> /home/tony/IntegracionRobotica/ros2_ws/build/puzzlebot_sim/build/lib/puzzlebot_sim
[0.475s] copying puzzlebot_sim/point_stabilisation_controller.py -> /home/tony/IntegracionRobotica/ros2_ws/build/puzzlebot_sim/build/lib/puzzlebot_sim
[0.475s] running install
[0.475s] running install_lib
[0.475s] creating /home/tony/IntegracionRobotica/ros2_ws/install/puzzlebot_sim/lib/python3.10/site-packages/puzzlebot_sim
[0.475s] copying /home/tony/IntegracionRobotica/ros2_ws/build/puzzlebot_sim/build/lib/puzzlebot_sim/shapeDrawer.py -> /home/tony/IntegracionRobotica/ros2_ws/install/puzzlebot_sim/lib/python3.10/site-packages/puzzlebot_sim
[0.475s] copying /home/tony/IntegracionRobotica/ros2_ws/build/puzzlebot_sim/build/lib/puzzlebot_sim/moveFoward.py -> /home/tony/IntegracionRobotica/ros2_ws/install/puzzlebot_sim/lib/python3.10/site-packages/puzzlebot_sim
[0.475s] copying /home/tony/IntegracionRobotica/ros2_ws/build/puzzlebot_sim/build/lib/puzzlebot_sim/localisation.py -> /home/tony/IntegracionRobotica/ros2_ws/install/puzzlebot_sim/lib/python3.10/site-packages/puzzlebot_sim
[0.475s] copying /home/tony/IntegracionRobotica/ros2_ws/build/puzzlebot_sim/build/lib/puzzlebot_sim/joint_state_publisher.py -> /home/tony/IntegracionRobotica/ros2_ws/install/puzzlebot_sim/lib/python3.10/site-packages/puzzlebot_sim
[0.476s] copying /home/tony/IntegracionRobotica/ros2_ws/build/puzzlebot_sim/build/lib/puzzlebot_sim/__init__.py -> /home/tony/IntegracionRobotica/ros2_ws/install/puzzlebot_sim/lib/python3.10/site-packages/puzzlebot_sim
[0.476s] copying /home/tony/IntegracionRobotica/ros2_ws/build/puzzlebot_sim/build/lib/puzzlebot_sim/kinematic_model_node.py -> /home/tony/IntegracionRobotica/ros2_ws/install/puzzlebot_sim/lib/python3.10/site-packages/puzzlebot_sim
[0.476s] copying /home/tony/IntegracionRobotica/ros2_ws/build/puzzlebot_sim/build/lib/puzzlebot_sim/puzzlebot_sim.py -> /home/tony/IntegracionRobotica/ros2_ws/install/puzzlebot_sim/lib/python3.10/site-packages/puzzlebot_sim
[0.476s] copying /home/tony/IntegracionRobotica/ros2_ws/build/puzzlebot_sim/build/lib/puzzlebot_sim/point_stabilisation_controller.py -> /home/tony/IntegracionRobotica/ros2_ws/install/puzzlebot_sim/lib/python3.10/site-packages/puzzlebot_sim
[0.476s] byte-compiling /home/tony/IntegracionRobotica/ros2_ws/install/puzzlebot_sim/lib/python3.10/site-packages/puzzlebot_sim/shapeDrawer.py to shapeDrawer.cpython-310.pyc
[0.476s] byte-compiling /home/tony/IntegracionRobotica/ros2_ws/install/puzzlebot_sim/lib/python3.10/site-packages/puzzlebot_sim/moveFoward.py to moveFoward.cpython-310.pyc
[0.476s] byte-compiling /home/tony/IntegracionRobotica/ros2_ws/install/puzzlebot_sim/lib/python3.10/site-packages/puzzlebot_sim/localisation.py to localisation.cpython-310.pyc
[0.476s] byte-compiling /home/tony/IntegracionRobotica/ros2_ws/install/puzzlebot_sim/lib/python3.10/site-packages/puzzlebot_sim/joint_state_publisher.py to joint_state_publisher.cpython-310.pyc
[0.477s] byte-compiling /home/tony/IntegracionRobotica/ros2_ws/install/puzzlebot_sim/lib/python3.10/site-packages/puzzlebot_sim/__init__.py to __init__.cpython-310.pyc
[0.477s] byte-compiling /home/tony/IntegracionRobotica/ros2_ws/install/puzzlebot_sim/lib/python3.10/site-packages/puzzlebot_sim/kinematic_model_node.py to kinematic_model_node.cpython-310.pyc
[0.477s] byte-compiling /home/tony/IntegracionRobotica/ros2_ws/install/puzzlebot_sim/lib/python3.10/site-packages/puzzlebot_sim/puzzlebot_sim.py to puzzlebot_sim.cpython-310.pyc
[0.478s] byte-compiling /home/tony/IntegracionRobotica/ros2_ws/install/puzzlebot_sim/lib/python3.10/site-packages/puzzlebot_sim/point_stabilisation_controller.py to point_stabilisation_controller.cpython-310.pyc
[0.478s] running install_data
[0.478s] creating /home/tony/IntegracionRobotica/ros2_ws/install/puzzlebot_sim/share/ament_index
[0.478s] creating /home/tony/IntegracionRobotica/ros2_ws/install/puzzlebot_sim/share/ament_index/resource_index
[0.478s] creating /home/tony/IntegracionRobotica/ros2_ws/install/puzzlebot_sim/share/ament_index/resource_index/packages
[0.478s] copying resource/puzzlebot_sim -> /home/tony/IntegracionRobotica/ros2_ws/install/puzzlebot_sim/share/ament_index/resource_index/packages
[0.479s] copying package.xml -> /home/tony/IntegracionRobotica/ros2_ws/install/puzzlebot_sim/share/puzzlebot_sim
[0.479s] creating /home/tony/IntegracionRobotica/ros2_ws/install/puzzlebot_sim/share/puzzlebot_sim/launch
[0.479s] copying launch/puzzlebot_launch.py -> /home/tony/IntegracionRobotica/ros2_ws/install/puzzlebot_sim/share/puzzlebot_sim/launch
[0.479s] creating /home/tony/IntegracionRobotica/ros2_ws/install/puzzlebot_sim/share/puzzlebot_sim/config
[0.479s] creating /home/tony/IntegracionRobotica/ros2_ws/install/puzzlebot_sim/share/puzzlebot_sim/rviz
[0.479s] copying rviz/puzzlebot_rviz.rviz -> /home/tony/IntegracionRobotica/ros2_ws/install/puzzlebot_sim/share/puzzlebot_sim/rviz
[0.479s] creating /home/tony/IntegracionRobotica/ros2_ws/install/puzzlebot_sim/share/puzzlebot_sim/meshes
[0.479s] copying meshes/Puzzlebot_Wheel.stl -> /home/tony/IntegracionRobotica/ros2_ws/install/puzzlebot_sim/share/puzzlebot_sim/meshes
[0.479s] copying meshes/Puzzlebot_Jetson_Lidar_Edition_Base.stl -> /home/tony/IntegracionRobotica/ros2_ws/install/puzzlebot_sim/share/puzzlebot_sim/meshes
[0.480s] copying meshes/Puzzlebot_Caster_Wheel.stl -> /home/tony/IntegracionRobotica/ros2_ws/install/puzzlebot_sim/share/puzzlebot_sim/meshes
[0.480s] creating /home/tony/IntegracionRobotica/ros2_ws/install/puzzlebot_sim/share/puzzlebot_sim/urdf
[0.480s] copying urdf/puzzlebot.urdf -> /home/tony/IntegracionRobotica/ros2_ws/install/puzzlebot_sim/share/puzzlebot_sim/urdf
[0.481s] running install_egg_info
[0.482s] Copying ../../build/puzzlebot_sim/puzzlebot_sim.egg-info to /home/tony/IntegracionRobotica/ros2_ws/install/puzzlebot_sim/lib/python3.10/site-packages/puzzlebot_sim-0.0.0-py3.10.egg-info
[0.482s] running install_scripts
[0.494s] Installing joint_state_publisher script to /home/tony/IntegracionRobotica/ros2_ws/install/puzzlebot_sim/lib/puzzlebot_sim
[0.494s] Installing localisation script to /home/tony/IntegracionRobotica/ros2_ws/install/puzzlebot_sim/lib/puzzlebot_sim
[0.494s] Installing moveFoward script to /home/tony/IntegracionRobotica/ros2_ws/install/puzzlebot_sim/lib/puzzlebot_sim
[0.494s] Installing point_stabilisation_controller script to /home/tony/IntegracionRobotica/ros2_ws/install/puzzlebot_sim/lib/puzzlebot_sim
[0.494s] Installing puzzlebot_kinematic_model script to /home/tony/IntegracionRobotica/ros2_ws/install/puzzlebot_sim/lib/puzzlebot_sim
[0.494s] Installing puzzlebot_sim script to /home/tony/IntegracionRobotica/ros2_ws/install/puzzlebot_sim/lib/puzzlebot_sim
[0.494s] Installing shapeDrawer script to /home/tony/IntegracionRobotica/ros2_ws/install/puzzlebot_sim/lib/puzzlebot_sim
[0.494s] writing list of installed files to '/home/tony/IntegracionRobotica/ros2_ws/build/puzzlebot_sim/install.log'
[0.508s] Invoked command in '/home/tony/IntegracionRobotica/ros2_ws/src/puzzlebot_sim' returned '0': PYTHONPATH=/home/tony/IntegracionRobotica/ros2_ws/build/puzzlebot_sim/prefix_override:/usr/lib/python3/dist-packages/colcon_core/task/python/colcon_distutils_commands:/home/tony/IntegracionRobotica/ros2_ws/install/puzzlebot_sim/lib/python3.10/site-packages:${PYTHONPATH} /usr/bin/python3 -W ignore:setup.py install is deprecated -W ignore:easy_install command is deprecated setup.py egg_info --egg-base ../../build/puzzlebot_sim build --build-base /home/tony/IntegracionRobotica/ros2_ws/build/puzzlebot_sim/build install --record /home/tony/IntegracionRobotica/ros2_ws/build/puzzlebot_sim/install.log --single-version-externally-managed install_data
