running develop
Removing /home/tony/IntegracionRobotica/ros2_ws/install/tf_examples/lib/python3.10/site-packages/tf-examples.egg-link (link to .)
running egg_info
writing ../../build/tf_examples/tf_examples.egg-info/PKG-INFO
writing dependency_links to ../../build/tf_examples/tf_examples.egg-info/dependency_links.txt
writing entry points to ../../build/tf_examples/tf_examples.egg-info/entry_points.txt
writing requirements to ../../build/tf_examples/tf_examples.egg-info/requires.txt
writing top-level names to ../../build/tf_examples/tf_examples.egg-info/top_level.txt
reading manifest file '../../build/tf_examples/tf_examples.egg-info/SOURCES.txt'
adding license file 'LICENSE'
writing manifest file '../../build/tf_examples/tf_examples.egg-info/SOURCES.txt'
running build
running build_py
creating /home/tony/IntegracionRobotica/ros2_ws/build/tf_examples/build
creating /home/tony/IntegracionRobotica/ros2_ws/build/tf_examples/build/lib
creating /home/tony/IntegracionRobotica/ros2_ws/build/tf_examples/build/lib/tf_examples
copying tf_examples/__init__.py -> /home/tony/IntegracionRobotica/ros2_ws/build/tf_examples/build/lib/tf_examples
copying tf_examples/static_tf.py -> /home/tony/IntegracionRobotica/ros2_ws/build/tf_examples/build/lib/tf_examples
running install
running install_lib
creating /home/tony/IntegracionRobotica/ros2_ws/install/tf_examples/lib/python3.10/site-packages/tf_examples
copying /home/tony/IntegracionRobotica/ros2_ws/build/tf_examples/build/lib/tf_examples/__init__.py -> /home/tony/IntegracionRobotica/ros2_ws/install/tf_examples/lib/python3.10/site-packages/tf_examples
copying /home/tony/IntegracionRobotica/ros2_ws/build/tf_examples/build/lib/tf_examples/static_tf.py -> /home/tony/IntegracionRobotica/ros2_ws/install/tf_examples/lib/python3.10/site-packages/tf_examples
byte-compiling /home/tony/IntegracionRobotica/ros2_ws/install/tf_examples/lib/python3.10/site-packages/tf_examples/__init__.py to __init__.cpython-310.pyc
byte-compiling /home/tony/IntegracionRobotica/ros2_ws/install/tf_examples/lib/python3.10/site-packages/tf_examples/static_tf.py to static_tf.cpython-310.pyc
running install_data
copying resource/tf_examples -> /home/tony/IntegracionRobotica/ros2_ws/install/tf_examples/share/ament_index/resource_index/packages
copying package.xml -> /home/tony/IntegracionRobotica/ros2_ws/install/tf_examples/share/tf_examples
copying launch/static_tf_launch.py -> /home/tony/IntegracionRobotica/ros2_ws/install/tf_examples/share/tf_examples/launch
running install_egg_info
Copying ../../build/tf_examples/tf_examples.egg-info to /home/tony/IntegracionRobotica/ros2_ws/install/tf_examples/lib/python3.10/site-packages/tf_examples-0.0.0-py3.10.egg-info
running install_scripts
Installing static_tf script to /home/tony/IntegracionRobotica/ros2_ws/install/tf_examples/lib/tf_examples
writing list of installed files to '/home/tony/IntegracionRobotica/ros2_ws/build/tf_examples/install.log'
