[0.848s] Invoking command in '/home/tony/IntegracionRobotica/ros2_ws/build/tf_examples': PYTHONPATH=/home/tony/IntegracionRobotica/ros2_ws/build/tf_examples/prefix_override:/usr/lib/python3/dist-packages/colcon_core/task/python/colcon_distutils_commands:/home/tony/IntegracionRobotica/ros2_ws/install/tf_examples/lib/python3.10/site-packages:${PYTHONPATH} /usr/bin/python3 -W ignore:setup.py install is deprecated -W ignore:easy_install command is deprecated setup.py develop --uninstall --editable --build-directory /home/tony/IntegracionRobotica/ros2_ws/build/tf_examples/build
[1.010s] running develop
[1.113s] Removing /home/tony/IntegracionRobotica/ros2_ws/install/tf_examples/lib/python3.10/site-packages/tf-examples.egg-link (link to .)
[1.136s] Invoked command in '/home/tony/IntegracionRobotica/ros2_ws/build/tf_examples' returned '0': PYTHONPATH=/home/tony/IntegracionRobotica/ros2_ws/build/tf_examples/prefix_override:/usr/lib/python3/dist-packages/colcon_core/task/python/colcon_distutils_commands:/home/tony/IntegracionRobotica/ros2_ws/install/tf_examples/lib/python3.10/site-packages:${PYTHONPATH} /usr/bin/python3 -W ignore:setup.py install is deprecated -W ignore:easy_install command is deprecated setup.py develop --uninstall --editable --build-directory /home/tony/IntegracionRobotica/ros2_ws/build/tf_examples/build
[1.137s] Invoking command in '/home/tony/IntegracionRobotica/ros2_ws/src/tf_examples': PYTHONPATH=/home/tony/IntegracionRobotica/ros2_ws/build/tf_examples/prefix_override:/usr/lib/python3/dist-packages/colcon_core/task/python/colcon_distutils_commands:/home/tony/IntegracionRobotica/ros2_ws/install/tf_examples/lib/python3.10/site-packages:${PYTHONPATH} /usr/bin/python3 -W ignore:setup.py install is deprecated -W ignore:easy_install command is deprecated setup.py egg_info --egg-base ../../build/tf_examples build --build-base /home/tony/IntegracionRobotica/ros2_ws/build/tf_examples/build install --record /home/tony/IntegracionRobotica/ros2_ws/build/tf_examples/install.log --single-version-externally-managed install_data --force
[1.289s] running egg_info
[1.289s] writing ../../build/tf_examples/tf_examples.egg-info/PKG-INFO
[1.289s] writing dependency_links to ../../build/tf_examples/tf_examples.egg-info/dependency_links.txt
[1.289s] writing entry points to ../../build/tf_examples/tf_examples.egg-info/entry_points.txt
[1.289s] writing requirements to ../../build/tf_examples/tf_examples.egg-info/requires.txt
[1.289s] writing top-level names to ../../build/tf_examples/tf_examples.egg-info/top_level.txt
[1.291s] reading manifest file '../../build/tf_examples/tf_examples.egg-info/SOURCES.txt'
[1.291s] adding license file 'LICENSE'
[1.291s] writing manifest file '../../build/tf_examples/tf_examples.egg-info/SOURCES.txt'
[1.291s] running build
[1.291s] running build_py
[1.291s] creating /home/tony/IntegracionRobotica/ros2_ws/build/tf_examples/build
[1.291s] creating /home/tony/IntegracionRobotica/ros2_ws/build/tf_examples/build/lib
[1.291s] creating /home/tony/IntegracionRobotica/ros2_ws/build/tf_examples/build/lib/tf_examples
[1.291s] copying tf_examples/__init__.py -> /home/tony/IntegracionRobotica/ros2_ws/build/tf_examples/build/lib/tf_examples
[1.291s] copying tf_examples/static_tf.py -> /home/tony/IntegracionRobotica/ros2_ws/build/tf_examples/build/lib/tf_examples
[1.292s] running install
[1.293s] running install_lib
[1.293s] creating /home/tony/IntegracionRobotica/ros2_ws/install/tf_examples/lib/python3.10/site-packages/tf_examples
[1.294s] copying /home/tony/IntegracionRobotica/ros2_ws/build/tf_examples/build/lib/tf_examples/__init__.py -> /home/tony/IntegracionRobotica/ros2_ws/install/tf_examples/lib/python3.10/site-packages/tf_examples
[1.294s] copying /home/tony/IntegracionRobotica/ros2_ws/build/tf_examples/build/lib/tf_examples/static_tf.py -> /home/tony/IntegracionRobotica/ros2_ws/install/tf_examples/lib/python3.10/site-packages/tf_examples
[1.294s] byte-compiling /home/tony/IntegracionRobotica/ros2_ws/install/tf_examples/lib/python3.10/site-packages/tf_examples/__init__.py to __init__.cpython-310.pyc
[1.294s] byte-compiling /home/tony/IntegracionRobotica/ros2_ws/install/tf_examples/lib/python3.10/site-packages/tf_examples/static_tf.py to static_tf.cpython-310.pyc
[1.295s] running install_data
[1.295s] copying resource/tf_examples -> /home/tony/IntegracionRobotica/ros2_ws/install/tf_examples/share/ament_index/resource_index/packages
[1.295s] copying package.xml -> /home/tony/IntegracionRobotica/ros2_ws/install/tf_examples/share/tf_examples
[1.295s] copying launch/static_tf_launch.py -> /home/tony/IntegracionRobotica/ros2_ws/install/tf_examples/share/tf_examples/launch
[1.295s] running install_egg_info
[1.297s] Copying ../../build/tf_examples/tf_examples.egg-info to /home/tony/IntegracionRobotica/ros2_ws/install/tf_examples/lib/python3.10/site-packages/tf_examples-0.0.0-py3.10.egg-info
[1.298s] running install_scripts
[1.311s] Installing static_tf script to /home/tony/IntegracionRobotica/ros2_ws/install/tf_examples/lib/tf_examples
[1.312s] writing list of installed files to '/home/tony/IntegracionRobotica/ros2_ws/build/tf_examples/install.log'
[1.334s] Invoked command in '/home/tony/IntegracionRobotica/ros2_ws/src/tf_examples' returned '0': PYTHONPATH=/home/tony/IntegracionRobotica/ros2_ws/build/tf_examples/prefix_override:/usr/lib/python3/dist-packages/colcon_core/task/python/colcon_distutils_commands:/home/tony/IntegracionRobotica/ros2_ws/install/tf_examples/lib/python3.10/site-packages:${PYTHONPATH} /usr/bin/python3 -W ignore:setup.py install is deprecated -W ignore:easy_install command is deprecated setup.py egg_info --egg-base ../../build/tf_examples build --build-base /home/tony/IntegracionRobotica/ros2_ws/build/tf_examples/build install --record /home/tony/IntegracionRobotica/ros2_ws/build/tf_examples/install.log --single-version-externally-managed install_data --force
