running egg_info
creating ../../build/puzzlebot_sim/puzzlebot_sim.egg-info
writing ../../build/puzzlebot_sim/puzzlebot_sim.egg-info/PKG-INFO
writing dependency_links to ../../build/puzzlebot_sim/puzzlebot_sim.egg-info/dependency_links.txt
writing entry points to ../../build/puzzlebot_sim/puzzlebot_sim.egg-info/entry_points.txt
writing requirements to ../../build/puzzlebot_sim/puzzlebot_sim.egg-info/requires.txt
writing top-level names to ../../build/puzzlebot_sim/puzzlebot_sim.egg-info/top_level.txt
writing manifest file '../../build/puzzlebot_sim/puzzlebot_sim.egg-info/SOURCES.txt'
reading manifest file '../../build/puzzlebot_sim/puzzlebot_sim.egg-info/SOURCES.txt'
adding license file 'LICENSE'
writing manifest file '../../build/puzzlebot_sim/puzzlebot_sim.egg-info/SOURCES.txt'
running build
running build_py
creating /home/tony/IntegracionRobotica/ros2_ws/build/puzzlebot_sim/build
creating /home/tony/IntegracionRobotica/ros2_ws/build/puzzlebot_sim/build/lib
creating /home/tony/IntegracionRobotica/ros2_ws/build/puzzlebot_sim/build/lib/puzzlebot_sim
copying puzzlebot_sim/joint_state_publisher.py -> /home/tony/IntegracionRobotica/ros2_ws/build/puzzlebot_sim/build/lib/puzzlebot_sim
copying puzzlebot_sim/__init__.py -> /home/tony/IntegracionRobotica/ros2_ws/build/puzzlebot_sim/build/lib/puzzlebot_sim
copying puzzlebot_sim/puzzlebot_sim.py -> /home/tony/IntegracionRobotica/ros2_ws/build/puzzlebot_sim/build/lib/puzzlebot_sim
running install
running install_lib
running install_data
running install_egg_info
removing '/home/tony/IntegracionRobotica/ros2_ws/install/puzzlebot_sim/lib/python3.10/site-packages/puzzlebot_sim-0.0.0-py3.10.egg-info' (and everything under it)
Copying ../../build/puzzlebot_sim/puzzlebot_sim.egg-info to /home/tony/IntegracionRobotica/ros2_ws/install/puzzlebot_sim/lib/python3.10/site-packages/puzzlebot_sim-0.0.0-py3.10.egg-info
running install_scripts
Installing joint_state_publisher script to /home/tony/IntegracionRobotica/ros2_ws/install/puzzlebot_sim/lib/puzzlebot_sim
writing list of installed files to '/home/tony/IntegracionRobotica/ros2_ws/build/puzzlebot_sim/install.log'
