running egg_info
creating ../../build/puzzlebot2_sim/puzzlebot2_sim.egg-info
writing ../../build/puzzlebot2_sim/puzzlebot2_sim.egg-info/PKG-INFO
writing dependency_links to ../../build/puzzlebot2_sim/puzzlebot2_sim.egg-info/dependency_links.txt
writing entry points to ../../build/puzzlebot2_sim/puzzlebot2_sim.egg-info/entry_points.txt
writing requirements to ../../build/puzzlebot2_sim/puzzlebot2_sim.egg-info/requires.txt
writing top-level names to ../../build/puzzlebot2_sim/puzzlebot2_sim.egg-info/top_level.txt
writing manifest file '../../build/puzzlebot2_sim/puzzlebot2_sim.egg-info/SOURCES.txt'
reading manifest file '../../build/puzzlebot2_sim/puzzlebot2_sim.egg-info/SOURCES.txt'
adding license file 'LICENSE'
writing manifest file '../../build/puzzlebot2_sim/puzzlebot2_sim.egg-info/SOURCES.txt'
running build
running build_py
creating /home/tony/IntegracionRobotica/ros2_ws/build/puzzlebot2_sim/build
creating /home/tony/IntegracionRobotica/ros2_ws/build/puzzlebot2_sim/build/lib
creating /home/tony/IntegracionRobotica/ros2_ws/build/puzzlebot2_sim/build/lib/puzzlebot2_sim
copying puzzlebot2_sim/localisation.py -> /home/tony/IntegracionRobotica/ros2_ws/build/puzzlebot2_sim/build/lib/puzzlebot2_sim
copying puzzlebot2_sim/__init__.py -> /home/tony/IntegracionRobotica/ros2_ws/build/puzzlebot2_sim/build/lib/puzzlebot2_sim
copying puzzlebot2_sim/puzzlebot_sim.py -> /home/tony/IntegracionRobotica/ros2_ws/build/puzzlebot2_sim/build/lib/puzzlebot2_sim
copying puzzlebot2_sim/point_stabilisation_control.py -> /home/tony/IntegracionRobotica/ros2_ws/build/puzzlebot2_sim/build/lib/puzzlebot2_sim
copying puzzlebot2_sim/joint_state_pub.py -> /home/tony/IntegracionRobotica/ros2_ws/build/puzzlebot2_sim/build/lib/puzzlebot2_sim
running install
running install_lib
creating /home/tony/IntegracionRobotica/ros2_ws/install/puzzlebot2_sim/lib/python3.10/site-packages/puzzlebot2_sim
copying /home/tony/IntegracionRobotica/ros2_ws/build/puzzlebot2_sim/build/lib/puzzlebot2_sim/localisation.py -> /home/tony/IntegracionRobotica/ros2_ws/install/puzzlebot2_sim/lib/python3.10/site-packages/puzzlebot2_sim
copying /home/tony/IntegracionRobotica/ros2_ws/build/puzzlebot2_sim/build/lib/puzzlebot2_sim/__init__.py -> /home/tony/IntegracionRobotica/ros2_ws/install/puzzlebot2_sim/lib/python3.10/site-packages/puzzlebot2_sim
copying /home/tony/IntegracionRobotica/ros2_ws/build/puzzlebot2_sim/build/lib/puzzlebot2_sim/puzzlebot_sim.py -> /home/tony/IntegracionRobotica/ros2_ws/install/puzzlebot2_sim/lib/python3.10/site-packages/puzzlebot2_sim
copying /home/tony/IntegracionRobotica/ros2_ws/build/puzzlebot2_sim/build/lib/puzzlebot2_sim/point_stabilisation_control.py -> /home/tony/IntegracionRobotica/ros2_ws/install/puzzlebot2_sim/lib/python3.10/site-packages/puzzlebot2_sim
copying /home/tony/IntegracionRobotica/ros2_ws/build/puzzlebot2_sim/build/lib/puzzlebot2_sim/joint_state_pub.py -> /home/tony/IntegracionRobotica/ros2_ws/install/puzzlebot2_sim/lib/python3.10/site-packages/puzzlebot2_sim
byte-compiling /home/tony/IntegracionRobotica/ros2_ws/install/puzzlebot2_sim/lib/python3.10/site-packages/puzzlebot2_sim/localisation.py to localisation.cpython-310.pyc
byte-compiling /home/tony/IntegracionRobotica/ros2_ws/install/puzzlebot2_sim/lib/python3.10/site-packages/puzzlebot2_sim/__init__.py to __init__.cpython-310.pyc
byte-compiling /home/tony/IntegracionRobotica/ros2_ws/install/puzzlebot2_sim/lib/python3.10/site-packages/puzzlebot2_sim/puzzlebot_sim.py to puzzlebot_sim.cpython-310.pyc
byte-compiling /home/tony/IntegracionRobotica/ros2_ws/install/puzzlebot2_sim/lib/python3.10/site-packages/puzzlebot2_sim/point_stabilisation_control.py to point_stabilisation_control.cpython-310.pyc
byte-compiling /home/tony/IntegracionRobotica/ros2_ws/install/puzzlebot2_sim/lib/python3.10/site-packages/puzzlebot2_sim/joint_state_pub.py to joint_state_pub.cpython-310.pyc
running install_data
creating /home/tony/IntegracionRobotica/ros2_ws/install/puzzlebot2_sim/share/ament_index
creating /home/tony/IntegracionRobotica/ros2_ws/install/puzzlebot2_sim/share/ament_index/resource_index
creating /home/tony/IntegracionRobotica/ros2_ws/install/puzzlebot2_sim/share/ament_index/resource_index/packages
