[1.460s] Invoking command in '/home/tony/IntegracionRobotica/ros2_ws/src/puzzlebot2_sim': PYTHONPATH=/home/tony/IntegracionRobotica/ros2_ws/build/puzzlebot2_sim/prefix_override:/usr/lib/python3/dist-packages/colcon_core/task/python/colcon_distutils_commands:/home/tony/IntegracionRobotica/ros2_ws/install/puzzlebot2_sim/lib/python3.10/site-packages:${PYTHONPATH} /usr/bin/python3 -W ignore:setup.py install is deprecated -W ignore:easy_install command is deprecated setup.py egg_info --egg-base ../../build/puzzlebot2_sim build --build-base /home/tony/IntegracionRobotica/ros2_ws/build/puzzlebot2_sim/build install --record /home/tony/IntegracionRobotica/ros2_ws/build/puzzlebot2_sim/install.log --single-version-externally-managed install_data
[1.697s] running egg_info
[1.698s] creating ../../build/puzzlebot2_sim/puzzlebot2_sim.egg-info
[1.698s] writing ../../build/puzzlebot2_sim/puzzlebot2_sim.egg-info/PKG-INFO
[1.698s] writing dependency_links to ../../build/puzzlebot2_sim/puzzlebot2_sim.egg-info/dependency_links.txt
[1.698s] writing entry points to ../../build/puzzlebot2_sim/puzzlebot2_sim.egg-info/entry_points.txt
[1.698s] writing requirements to ../../build/puzzlebot2_sim/puzzlebot2_sim.egg-info/requires.txt
[1.698s] writing top-level names to ../../build/puzzlebot2_sim/puzzlebot2_sim.egg-info/top_level.txt
[1.699s] writing manifest file '../../build/puzzlebot2_sim/puzzlebot2_sim.egg-info/SOURCES.txt'
[1.700s] reading manifest file '../../build/puzzlebot2_sim/puzzlebot2_sim.egg-info/SOURCES.txt'
[1.700s] adding license file 'LICENSE'
[1.700s] writing manifest file '../../build/puzzlebot2_sim/puzzlebot2_sim.egg-info/SOURCES.txt'
[1.701s] running build
[1.701s] running build_py
[1.701s] creating /home/tony/IntegracionRobotica/ros2_ws/build/puzzlebot2_sim/build
[1.701s] creating /home/tony/IntegracionRobotica/ros2_ws/build/puzzlebot2_sim/build/lib
[1.701s] creating /home/tony/IntegracionRobotica/ros2_ws/build/puzzlebot2_sim/build/lib/puzzlebot2_sim
[1.701s] copying puzzlebot2_sim/localisation.py -> /home/tony/IntegracionRobotica/ros2_ws/build/puzzlebot2_sim/build/lib/puzzlebot2_sim
[1.701s] copying puzzlebot2_sim/__init__.py -> /home/tony/IntegracionRobotica/ros2_ws/build/puzzlebot2_sim/build/lib/puzzlebot2_sim
[1.702s] copying puzzlebot2_sim/puzzlebot_sim.py -> /home/tony/IntegracionRobotica/ros2_ws/build/puzzlebot2_sim/build/lib/puzzlebot2_sim
[1.702s] copying puzzlebot2_sim/point_stabilisation_control.py -> /home/tony/IntegracionRobotica/ros2_ws/build/puzzlebot2_sim/build/lib/puzzlebot2_sim
[1.702s] copying puzzlebot2_sim/joint_state_pub.py -> /home/tony/IntegracionRobotica/ros2_ws/build/puzzlebot2_sim/build/lib/puzzlebot2_sim
[1.702s] running install
[1.702s] running install_lib
[1.703s] creating /home/tony/IntegracionRobotica/ros2_ws/install/puzzlebot2_sim/lib/python3.10/site-packages/puzzlebot2_sim
[1.703s] copying /home/tony/IntegracionRobotica/ros2_ws/build/puzzlebot2_sim/build/lib/puzzlebot2_sim/localisation.py -> /home/tony/IntegracionRobotica/ros2_ws/install/puzzlebot2_sim/lib/python3.10/site-packages/puzzlebot2_sim
[1.703s] copying /home/tony/IntegracionRobotica/ros2_ws/build/puzzlebot2_sim/build/lib/puzzlebot2_sim/__init__.py -> /home/tony/IntegracionRobotica/ros2_ws/install/puzzlebot2_sim/lib/python3.10/site-packages/puzzlebot2_sim
[1.703s] copying /home/tony/IntegracionRobotica/ros2_ws/build/puzzlebot2_sim/build/lib/puzzlebot2_sim/puzzlebot_sim.py -> /home/tony/IntegracionRobotica/ros2_ws/install/puzzlebot2_sim/lib/python3.10/site-packages/puzzlebot2_sim
[1.703s] copying /home/tony/IntegracionRobotica/ros2_ws/build/puzzlebot2_sim/build/lib/puzzlebot2_sim/point_stabilisation_control.py -> /home/tony/IntegracionRobotica/ros2_ws/install/puzzlebot2_sim/lib/python3.10/site-packages/puzzlebot2_sim
[1.703s] copying /home/tony/IntegracionRobotica/ros2_ws/build/puzzlebot2_sim/build/lib/puzzlebot2_sim/joint_state_pub.py -> /home/tony/IntegracionRobotica/ros2_ws/install/puzzlebot2_sim/lib/python3.10/site-packages/puzzlebot2_sim
[1.703s] byte-compiling /home/tony/IntegracionRobotica/ros2_ws/install/puzzlebot2_sim/lib/python3.10/site-packages/puzzlebot2_sim/localisation.py to localisation.cpython-310.pyc
[1.704s] byte-compiling /home/tony/IntegracionRobotica/ros2_ws/install/puzzlebot2_sim/lib/python3.10/site-packages/puzzlebot2_sim/__init__.py to __init__.cpython-310.pyc
[1.704s] byte-compiling /home/tony/IntegracionRobotica/ros2_ws/install/puzzlebot2_sim/lib/python3.10/site-packages/puzzlebot2_sim/puzzlebot_sim.py to puzzlebot_sim.cpython-310.pyc
[1.704s] Sorry: IndentationError: expected an indented block after function definition on line 10 (puzzlebot_sim.py, line 14)
[1.704s] byte-compiling /home/tony/IntegracionRobotica/ros2_ws/install/puzzlebot2_sim/lib/python3.10/site-packages/puzzlebot2_sim/point_stabilisation_control.py to point_stabilisation_control.cpython-310.pyc
[1.704s] Sorry: IndentationError: expected an indented block after function definition on line 10 (point_stabilisation_control.py, line 14)
[1.705s] byte-compiling /home/tony/IntegracionRobotica/ros2_ws/install/puzzlebot2_sim/lib/python3.10/site-packages/puzzlebot2_sim/joint_state_pub.py to joint_state_pub.cpython-310.pyc
[1.705s] running install_data
[1.705s] error: can't copy 'resource/puzzlebot2_sim': doesn't exist or not a regular file
[1.705s] creating /home/tony/IntegracionRobotica/ros2_ws/install/puzzlebot2_sim/share/ament_index
[1.706s] creating /home/tony/IntegracionRobotica/ros2_ws/install/puzzlebot2_sim/share/ament_index/resource_index
[1.706s] creating /home/tony/IntegracionRobotica/ros2_ws/install/puzzlebot2_sim/share/ament_index/resource_index/packages
[1.737s] Invoked command in '/home/tony/IntegracionRobotica/ros2_ws/src/puzzlebot2_sim' returned '1': PYTHONPATH=/home/tony/IntegracionRobotica/ros2_ws/build/puzzlebot2_sim/prefix_override:/usr/lib/python3/dist-packages/colcon_core/task/python/colcon_distutils_commands:/home/tony/IntegracionRobotica/ros2_ws/install/puzzlebot2_sim/lib/python3.10/site-packages:${PYTHONPATH} /usr/bin/python3 -W ignore:setup.py install is deprecated -W ignore:easy_install command is deprecated setup.py egg_info --egg-base ../../build/puzzlebot2_sim build --build-base /home/tony/IntegracionRobotica/ros2_ws/build/puzzlebot2_sim/build install --record /home/tony/IntegracionRobotica/ros2_ws/build/puzzlebot2_sim/install.log --single-version-externally-managed install_data
