[0.374s] Invoking command in '/home/tony/IntegracionRobotica/ros2_ws/src/tf_examples': PYTHONPATH=/home/tony/IntegracionRobotica/ros2_ws/build/tf_examples/prefix_override:/usr/lib/python3/dist-packages/colcon_core/task/python/colcon_distutils_commands:/home/tony/IntegracionRobotica/ros2_ws/install/tf_examples/lib/python3.10/site-packages:${PYTHONPATH} /usr/bin/python3 -W ignore:setup.py install is deprecated -W ignore:easy_install command is deprecated setup.py egg_info --egg-base ../../build/tf_examples build --build-base /home/tony/IntegracionRobotica/ros2_ws/build/tf_examples/build install --record /home/tony/IntegracionRobotica/ros2_ws/build/tf_examples/install.log --single-version-externally-managed install_data
[0.490s] running egg_info
[0.490s] creating ../../build/tf_examples/tf_examples.egg-info
[0.490s] writing ../../build/tf_examples/tf_examples.egg-info/PKG-INFO
[0.490s] writing dependency_links to ../../build/tf_examples/tf_examples.egg-info/dependency_links.txt
[0.490s] writing entry points to ../../build/tf_examples/tf_examples.egg-info/entry_points.txt
[0.490s] writing requirements to ../../build/tf_examples/tf_examples.egg-info/requires.txt
[0.491s] writing top-level names to ../../build/tf_examples/tf_examples.egg-info/top_level.txt
[0.491s] writing manifest file '../../build/tf_examples/tf_examples.egg-info/SOURCES.txt'
[0.491s] reading manifest file '../../build/tf_examples/tf_examples.egg-info/SOURCES.txt'
[0.491s] adding license file 'LICENSE'
[0.492s] writing manifest file '../../build/tf_examples/tf_examples.egg-info/SOURCES.txt'
[0.492s] running build
[0.492s] running build_py
[0.492s] creating /home/tony/IntegracionRobotica/ros2_ws/build/tf_examples/build
[0.492s] creating /home/tony/IntegracionRobotica/ros2_ws/build/tf_examples/build/lib
[0.492s] creating /home/tony/IntegracionRobotica/ros2_ws/build/tf_examples/build/lib/tf_examples
[0.492s] copying tf_examples/__init__.py -> /home/tony/IntegracionRobotica/ros2_ws/build/tf_examples/build/lib/tf_examples
[0.492s] copying tf_examples/static_tf.py -> /home/tony/IntegracionRobotica/ros2_ws/build/tf_examples/build/lib/tf_examples
[0.492s] running install
[0.493s] running install_lib
[0.493s] creating /home/tony/IntegracionRobotica/ros2_ws/install/tf_examples/lib/python3.10/site-packages/tf_examples
[0.493s] copying /home/tony/IntegracionRobotica/ros2_ws/build/tf_examples/build/lib/tf_examples/__init__.py -> /home/tony/IntegracionRobotica/ros2_ws/install/tf_examples/lib/python3.10/site-packages/tf_examples
[0.493s] copying /home/tony/IntegracionRobotica/ros2_ws/build/tf_examples/build/lib/tf_examples/static_tf.py -> /home/tony/IntegracionRobotica/ros2_ws/install/tf_examples/lib/python3.10/site-packages/tf_examples
[0.493s] byte-compiling /home/tony/IntegracionRobotica/ros2_ws/install/tf_examples/lib/python3.10/site-packages/tf_examples/__init__.py to __init__.cpython-310.pyc
[0.493s] byte-compiling /home/tony/IntegracionRobotica/ros2_ws/install/tf_examples/lib/python3.10/site-packages/tf_examples/static_tf.py to static_tf.cpython-310.pyc
[0.493s] running install_data
[0.493s] creating /home/tony/IntegracionRobotica/ros2_ws/install/tf_examples/share/ament_index
[0.493s] creating /home/tony/IntegracionRobotica/ros2_ws/install/tf_examples/share/ament_index/resource_index
[0.493s] creating /home/tony/IntegracionRobotica/ros2_ws/install/tf_examples/share/ament_index/resource_index/packages
[0.493s] copying resource/tf_examples -> /home/tony/IntegracionRobotica/ros2_ws/install/tf_examples/share/ament_index/resource_index/packages
[0.493s] copying package.xml -> /home/tony/IntegracionRobotica/ros2_ws/install/tf_examples/share/tf_examples
[0.493s] creating /home/tony/IntegracionRobotica/ros2_ws/install/tf_examples/share/tf_examples/launch
[0.494s] copying launch/static_tf_launch.py -> /home/tony/IntegracionRobotica/ros2_ws/install/tf_examples/share/tf_examples/launch
[0.494s] running install_egg_info
[0.494s] Copying ../../build/tf_examples/tf_examples.egg-info to /home/tony/IntegracionRobotica/ros2_ws/install/tf_examples/lib/python3.10/site-packages/tf_examples-0.0.0-py3.10.egg-info
[0.494s] running install_scripts
[0.504s] Installing static_tf script to /home/tony/IntegracionRobotica/ros2_ws/install/tf_examples/lib/tf_examples
[0.504s] writing list of installed files to '/home/tony/IntegracionRobotica/ros2_ws/build/tf_examples/install.log'
[0.516s] Invoked command in '/home/tony/IntegracionRobotica/ros2_ws/src/tf_examples' returned '0': PYTHONPATH=/home/tony/IntegracionRobotica/ros2_ws/build/tf_examples/prefix_override:/usr/lib/python3/dist-packages/colcon_core/task/python/colcon_distutils_commands:/home/tony/IntegracionRobotica/ros2_ws/install/tf_examples/lib/python3.10/site-packages:${PYTHONPATH} /usr/bin/python3 -W ignore:setup.py install is deprecated -W ignore:easy_install command is deprecated setup.py egg_info --egg-base ../../build/tf_examples build --build-base /home/tony/IntegracionRobotica/ros2_ws/build/tf_examples/build install --record /home/tony/IntegracionRobotica/ros2_ws/build/tf_examples/install.log --single-version-externally-managed install_data
