[0.851s] Invoking command in '/home/tony/IntegracionRobotica/ros2_ws/build/puzzlebot2_sim': PYTHONPATH=/home/tony/IntegracionRobotica/ros2_ws/build/puzzlebot2_sim/prefix_override:/usr/lib/python3/dist-packages/colcon_core/task/python/colcon_distutils_commands:/home/tony/IntegracionRobotica/ros2_ws/install/puzzlebot2_sim/lib/python3.10/site-packages:${PYTHONPATH} /usr/bin/python3 -W ignore:setup.py install is deprecated -W ignore:easy_install command is deprecated setup.py develop --uninstall --editable --build-directory /home/tony/IntegracionRobotica/ros2_ws/build/puzzlebot2_sim/build
[1.015s] running develop
[1.117s] Removing /home/tony/IntegracionRobotica/ros2_ws/install/puzzlebot2_sim/lib/python3.10/site-packages/puzzlebot2-sim.egg-link (link to .)
[1.138s] Invoked command in '/home/tony/IntegracionRobotica/ros2_ws/build/puzzlebot2_sim' returned '0': PYTHONPATH=/home/tony/IntegracionRobotica/ros2_ws/build/puzzlebot2_sim/prefix_override:/usr/lib/python3/dist-packages/colcon_core/task/python/colcon_distutils_commands:/home/tony/IntegracionRobotica/ros2_ws/install/puzzlebot2_sim/lib/python3.10/site-packages:${PYTHONPATH} /usr/bin/python3 -W ignore:setup.py install is deprecated -W ignore:easy_install command is deprecated setup.py develop --uninstall --editable --build-directory /home/tony/IntegracionRobotica/ros2_ws/build/puzzlebot2_sim/build
[1.140s] Invoking command in '/home/tony/IntegracionRobotica/ros2_ws/src/puzzlebot2_sim': PYTHONPATH=/home/tony/IntegracionRobotica/ros2_ws/build/puzzlebot2_sim/prefix_override:/usr/lib/python3/dist-packages/colcon_core/task/python/colcon_distutils_commands:/home/tony/IntegracionRobotica/ros2_ws/install/puzzlebot2_sim/lib/python3.10/site-packages:${PYTHONPATH} /usr/bin/python3 -W ignore:setup.py install is deprecated -W ignore:easy_install command is deprecated setup.py egg_info --egg-base ../../build/puzzlebot2_sim build --build-base /home/tony/IntegracionRobotica/ros2_ws/build/puzzlebot2_sim/build install --record /home/tony/IntegracionRobotica/ros2_ws/build/puzzlebot2_sim/install.log --single-version-externally-managed install_data --force
[1.291s] running egg_info
[1.291s] writing ../../build/puzzlebot2_sim/puzzlebot2_sim.egg-info/PKG-INFO
[1.291s] writing dependency_links to ../../build/puzzlebot2_sim/puzzlebot2_sim.egg-info/dependency_links.txt
[1.292s] writing entry points to ../../build/puzzlebot2_sim/puzzlebot2_sim.egg-info/entry_points.txt
[1.292s] writing requirements to ../../build/puzzlebot2_sim/puzzlebot2_sim.egg-info/requires.txt
[1.292s] writing top-level names to ../../build/puzzlebot2_sim/puzzlebot2_sim.egg-info/top_level.txt
[1.293s] reading manifest file '../../build/puzzlebot2_sim/puzzlebot2_sim.egg-info/SOURCES.txt'
[1.293s] adding license file 'LICENSE'
[1.293s] writing manifest file '../../build/puzzlebot2_sim/puzzlebot2_sim.egg-info/SOURCES.txt'
[1.293s] running build
[1.293s] running build_py
[1.293s] creating /home/tony/IntegracionRobotica/ros2_ws/build/puzzlebot2_sim/build
[1.293s] creating /home/tony/IntegracionRobotica/ros2_ws/build/puzzlebot2_sim/build/lib
[1.293s] creating /home/tony/IntegracionRobotica/ros2_ws/build/puzzlebot2_sim/build/lib/puzzlebot2_sim
[1.293s] copying puzzlebot2_sim/localisation.py -> /home/tony/IntegracionRobotica/ros2_ws/build/puzzlebot2_sim/build/lib/puzzlebot2_sim
[1.294s] copying puzzlebot2_sim/__init__.py -> /home/tony/IntegracionRobotica/ros2_ws/build/puzzlebot2_sim/build/lib/puzzlebot2_sim
[1.294s] copying puzzlebot2_sim/puzzlebot_sim.py -> /home/tony/IntegracionRobotica/ros2_ws/build/puzzlebot2_sim/build/lib/puzzlebot2_sim
[1.294s] copying puzzlebot2_sim/point_stabilisation_control.py -> /home/tony/IntegracionRobotica/ros2_ws/build/puzzlebot2_sim/build/lib/puzzlebot2_sim
[1.294s] copying puzzlebot2_sim/joint_state_pub.py -> /home/tony/IntegracionRobotica/ros2_ws/build/puzzlebot2_sim/build/lib/puzzlebot2_sim
[1.295s] running install
[1.295s] running install_lib
[1.295s] creating /home/tony/IntegracionRobotica/ros2_ws/install/puzzlebot2_sim/lib/python3.10/site-packages/puzzlebot2_sim
[1.295s] copying /home/tony/IntegracionRobotica/ros2_ws/build/puzzlebot2_sim/build/lib/puzzlebot2_sim/localisation.py -> /home/tony/IntegracionRobotica/ros2_ws/install/puzzlebot2_sim/lib/python3.10/site-packages/puzzlebot2_sim
[1.295s] copying /home/tony/IntegracionRobotica/ros2_ws/build/puzzlebot2_sim/build/lib/puzzlebot2_sim/__init__.py -> /home/tony/IntegracionRobotica/ros2_ws/install/puzzlebot2_sim/lib/python3.10/site-packages/puzzlebot2_sim
[1.295s] copying /home/tony/IntegracionRobotica/ros2_ws/build/puzzlebot2_sim/build/lib/puzzlebot2_sim/puzzlebot_sim.py -> /home/tony/IntegracionRobotica/ros2_ws/install/puzzlebot2_sim/lib/python3.10/site-packages/puzzlebot2_sim
[1.295s] copying /home/tony/IntegracionRobotica/ros2_ws/build/puzzlebot2_sim/build/lib/puzzlebot2_sim/point_stabilisation_control.py -> /home/tony/IntegracionRobotica/ros2_ws/install/puzzlebot2_sim/lib/python3.10/site-packages/puzzlebot2_sim
[1.295s] copying /home/tony/IntegracionRobotica/ros2_ws/build/puzzlebot2_sim/build/lib/puzzlebot2_sim/joint_state_pub.py -> /home/tony/IntegracionRobotica/ros2_ws/install/puzzlebot2_sim/lib/python3.10/site-packages/puzzlebot2_sim
[1.296s] byte-compiling /home/tony/IntegracionRobotica/ros2_ws/install/puzzlebot2_sim/lib/python3.10/site-packages/puzzlebot2_sim/localisation.py to localisation.cpython-310.pyc
[1.296s] byte-compiling /home/tony/IntegracionRobotica/ros2_ws/install/puzzlebot2_sim/lib/python3.10/site-packages/puzzlebot2_sim/__init__.py to __init__.cpython-310.pyc
[1.296s] byte-compiling /home/tony/IntegracionRobotica/ros2_ws/install/puzzlebot2_sim/lib/python3.10/site-packages/puzzlebot2_sim/puzzlebot_sim.py to puzzlebot_sim.cpython-310.pyc
[1.296s] byte-compiling /home/tony/IntegracionRobotica/ros2_ws/install/puzzlebot2_sim/lib/python3.10/site-packages/puzzlebot2_sim/point_stabilisation_control.py to point_stabilisation_control.cpython-310.pyc
[1.296s] byte-compiling /home/tony/IntegracionRobotica/ros2_ws/install/puzzlebot2_sim/lib/python3.10/site-packages/puzzlebot2_sim/joint_state_pub.py to joint_state_pub.cpython-310.pyc
[1.297s] running install_data
[1.297s] copying resource/puzzlebot2_sim -> /home/tony/IntegracionRobotica/ros2_ws/install/puzzlebot2_sim/share/ament_index/resource_index/packages
[1.297s] copying package.xml -> /home/tony/IntegracionRobotica/ros2_ws/install/puzzlebot2_sim/share/puzzlebot2_sim
[1.297s] copying launch/puzzlebot_sim_launch.py -> /home/tony/IntegracionRobotica/ros2_ws/install/puzzlebot2_sim/share/puzzlebot2_sim/launch
[1.297s] copying rviz/simple_puzzlebot_rviz.rviz -> /home/tony/IntegracionRobotica/ros2_ws/install/puzzlebot2_sim/share/puzzlebot2_sim/rviz
[1.297s] copying rviz/multi_puzzlebot_rviz.rviz -> /home/tony/IntegracionRobotica/ros2_ws/install/puzzlebot2_sim/share/puzzlebot2_sim/rviz
[1.297s] copying rviz/puzzlebot_rviz.rviz -> /home/tony/IntegracionRobotica/ros2_ws/install/puzzlebot2_sim/share/puzzlebot2_sim/rviz
[1.298s] copying meshes/MCR2_puzzlebot_base.stl -> /home/tony/IntegracionRobotica/ros2_ws/install/puzzlebot2_sim/share/puzzlebot2_sim/meshes
[1.298s] copying meshes/MCR2_puzzlebot_jetson_lidar_base.stl -> /home/tony/IntegracionRobotica/ros2_ws/install/puzzlebot2_sim/share/puzzlebot2_sim/meshes
[1.299s] copying meshes/MCR2_caster_wheel.stl -> /home/tony/IntegracionRobotica/ros2_ws/install/puzzlebot2_sim/share/puzzlebot2_sim/meshes
[1.300s] copying meshes/MCR2_puzzlebot_jetson_base.stl -> /home/tony/IntegracionRobotica/ros2_ws/install/puzzlebot2_sim/share/puzzlebot2_sim/meshes
[1.301s] copying meshes/MCR2_wheel.stl -> /home/tony/IntegracionRobotica/ros2_ws/install/puzzlebot2_sim/share/puzzlebot2_sim/meshes
[1.302s] copying urdf/puzzlebot.urdf -> /home/tony/IntegracionRobotica/ros2_ws/install/puzzlebot2_sim/share/puzzlebot2_sim/urdf
[1.303s] running install_egg_info
[1.304s] Copying ../../build/puzzlebot2_sim/puzzlebot2_sim.egg-info to /home/tony/IntegracionRobotica/ros2_ws/install/puzzlebot2_sim/lib/python3.10/site-packages/puzzlebot2_sim-0.0.0-py3.10.egg-info
[1.304s] running install_scripts
[1.319s] Installing joint_state_pub script to /home/tony/IntegracionRobotica/ros2_ws/install/puzzlebot2_sim/lib/puzzlebot_sim
[1.319s] Installing localisation script to /home/tony/IntegracionRobotica/ros2_ws/install/puzzlebot2_sim/lib/puzzlebot_sim
[1.319s] Installing point_stabilisation_control script to /home/tony/IntegracionRobotica/ros2_ws/install/puzzlebot2_sim/lib/puzzlebot_sim
[1.319s] Installing puzzlebot_sim script to /home/tony/IntegracionRobotica/ros2_ws/install/puzzlebot2_sim/lib/puzzlebot_sim
[1.319s] writing list of installed files to '/home/tony/IntegracionRobotica/ros2_ws/build/puzzlebot2_sim/install.log'
[1.339s] Invoked command in '/home/tony/IntegracionRobotica/ros2_ws/src/puzzlebot2_sim' returned '0': PYTHONPATH=/home/tony/IntegracionRobotica/ros2_ws/build/puzzlebot2_sim/prefix_override:/usr/lib/python3/dist-packages/colcon_core/task/python/colcon_distutils_commands:/home/tony/IntegracionRobotica/ros2_ws/install/puzzlebot2_sim/lib/python3.10/site-packages:${PYTHONPATH} /usr/bin/python3 -W ignore:setup.py install is deprecated -W ignore:easy_install command is deprecated setup.py egg_info --egg-base ../../build/puzzlebot2_sim build --build-base /home/tony/IntegracionRobotica/ros2_ws/build/puzzlebot2_sim/build install --record /home/tony/IntegracionRobotica/ros2_ws/build/puzzlebot2_sim/install.log --single-version-externally-managed install_data --force
