running egg_info
creating ../../build/joints_act/joints_act.egg-info
writing ../../build/joints_act/joints_act.egg-info/PKG-INFO
writing dependency_links to ../../build/joints_act/joints_act.egg-info/dependency_links.txt
writing entry points to ../../build/joints_act/joints_act.egg-info/entry_points.txt
writing requirements to ../../build/joints_act/joints_act.egg-info/requires.txt
writing top-level names to ../../build/joints_act/joints_act.egg-info/top_level.txt
writing manifest file '../../build/joints_act/joints_act.egg-info/SOURCES.txt'
reading manifest file '../../build/joints_act/joints_act.egg-info/SOURCES.txt'
adding license file 'LICENSE'
writing manifest file '../../build/joints_act/joints_act.egg-info/SOURCES.txt'
running build
running build_py
creating /home/tony/IntegracionRobotica/ros2_ws/build/joints_act/build
creating /home/tony/IntegracionRobotica/ros2_ws/build/joints_act/build/lib
creating /home/tony/IntegracionRobotica/ros2_ws/build/joints_act/build/lib/joints_act
copying joints_act/joint_pub.py -> /home/tony/IntegracionRobotica/ros2_ws/build/joints_act/build/lib/joints_act
copying joints_act/__init__.py -> /home/tony/IntegracionRobotica/ros2_ws/build/joints_act/build/lib/joints_act
running install
running install_lib
creating /home/tony/IntegracionRobotica/ros2_ws/install/joints_act/lib/python3.10/site-packages/joints_act
copying /home/tony/IntegracionRobotica/ros2_ws/build/joints_act/build/lib/joints_act/joint_pub.py -> /home/tony/IntegracionRobotica/ros2_ws/install/joints_act/lib/python3.10/site-packages/joints_act
copying /home/tony/IntegracionRobotica/ros2_ws/build/joints_act/build/lib/joints_act/__init__.py -> /home/tony/IntegracionRobotica/ros2_ws/install/joints_act/lib/python3.10/site-packages/joints_act
byte-compiling /home/tony/IntegracionRobotica/ros2_ws/install/joints_act/lib/python3.10/site-packages/joints_act/joint_pub.py to joint_pub.cpython-310.pyc
byte-compiling /home/tony/IntegracionRobotica/ros2_ws/install/joints_act/lib/python3.10/site-packages/joints_act/__init__.py to __init__.cpython-310.pyc
running install_data
creating /home/tony/IntegracionRobotica/ros2_ws/install/joints_act/share/ament_index
creating /home/tony/IntegracionRobotica/ros2_ws/install/joints_act/share/ament_index/resource_index
creating /home/tony/IntegracionRobotica/ros2_ws/install/joints_act/share/ament_index/resource_index/packages
copying resource/joints_act -> /home/tony/IntegracionRobotica/ros2_ws/install/joints_act/share/ament_index/resource_index/packages
copying package.xml -> /home/tony/IntegracionRobotica/ros2_ws/install/joints_act/share/joints_act
creating /home/tony/IntegracionRobotica/ros2_ws/install/joints_act/share/joints_act/launch
copying launch/contiuos_launch.py -> /home/tony/IntegracionRobotica/ros2_ws/install/joints_act/share/joints_act/launch
copying launch/fixed_launch.py -> /home/tony/IntegracionRobotica/ros2_ws/install/joints_act/share/joints_act/launch
creating /home/tony/IntegracionRobotica/ros2_ws/install/joints_act/share/joints_act/config
creating /home/tony/IntegracionRobotica/ros2_ws/install/joints_act/share/joints_act/rviz
creating /home/tony/IntegracionRobotica/ros2_ws/install/joints_act/share/joints_act/meshes
creating /home/tony/IntegracionRobotica/ros2_ws/install/joints_act/share/joints_act/urdf
copying urdf/fixed_ex.urdf -> /home/tony/IntegracionRobotica/ros2_ws/install/joints_act/share/joints_act/urdf
copying urdf/continuos_ex.urdf -> /home/tony/IntegracionRobotica/ros2_ws/install/joints_act/share/joints_act/urdf
running install_egg_info
Copying ../../build/joints_act/joints_act.egg-info to /home/tony/IntegracionRobotica/ros2_ws/install/joints_act/lib/python3.10/site-packages/joints_act-0.0.0-py3.10.egg-info
running install_scripts
Installing joint_pub script to /home/tony/IntegracionRobotica/ros2_ws/install/joints_act/lib/joints_act
writing list of installed files to '/home/tony/IntegracionRobotica/ros2_ws/build/joints_act/install.log'
