[0.690s] Invoking command in '/home/tony/IntegracionRobotica/ros2_ws/src/joints_act': PYTHONPATH=/home/tony/IntegracionRobotica/ros2_ws/build/joints_act/prefix_override:/usr/lib/python3/dist-packages/colcon_core/task/python/colcon_distutils_commands:/home/tony/IntegracionRobotica/ros2_ws/install/joints_act/lib/python3.10/site-packages:${PYTHONPATH} /usr/bin/python3 -W ignore:setup.py install is deprecated -W ignore:easy_install command is deprecated setup.py egg_info --egg-base ../../build/joints_act build --build-base /home/tony/IntegracionRobotica/ros2_ws/build/joints_act/build install --record /home/tony/IntegracionRobotica/ros2_ws/build/joints_act/install.log --single-version-externally-managed install_data
[0.815s] running egg_info
[0.815s] creating ../../build/joints_act/joints_act.egg-info
[0.815s] writing ../../build/joints_act/joints_act.egg-info/PKG-INFO
[0.816s] writing dependency_links to ../../build/joints_act/joints_act.egg-info/dependency_links.txt
[0.816s] writing entry points to ../../build/joints_act/joints_act.egg-info/entry_points.txt
[0.816s] writing requirements to ../../build/joints_act/joints_act.egg-info/requires.txt
[0.816s] writing top-level names to ../../build/joints_act/joints_act.egg-info/top_level.txt
[0.816s] writing manifest file '../../build/joints_act/joints_act.egg-info/SOURCES.txt'
[0.817s] reading manifest file '../../build/joints_act/joints_act.egg-info/SOURCES.txt'
[0.817s] adding license file 'LICENSE'
[0.817s] writing manifest file '../../build/joints_act/joints_act.egg-info/SOURCES.txt'
[0.817s] running build
[0.817s] running build_py
[0.817s] creating /home/tony/IntegracionRobotica/ros2_ws/build/joints_act/build
[0.817s] creating /home/tony/IntegracionRobotica/ros2_ws/build/joints_act/build/lib
[0.817s] creating /home/tony/IntegracionRobotica/ros2_ws/build/joints_act/build/lib/joints_act
[0.817s] copying joints_act/joint_pub.py -> /home/tony/IntegracionRobotica/ros2_ws/build/joints_act/build/lib/joints_act
[0.817s] copying joints_act/__init__.py -> /home/tony/IntegracionRobotica/ros2_ws/build/joints_act/build/lib/joints_act
[0.817s] running install
[0.817s] running install_lib
[0.818s] creating /home/tony/IntegracionRobotica/ros2_ws/install/joints_act/lib/python3.10/site-packages/joints_act
[0.818s] copying /home/tony/IntegracionRobotica/ros2_ws/build/joints_act/build/lib/joints_act/joint_pub.py -> /home/tony/IntegracionRobotica/ros2_ws/install/joints_act/lib/python3.10/site-packages/joints_act
[0.818s] copying /home/tony/IntegracionRobotica/ros2_ws/build/joints_act/build/lib/joints_act/__init__.py -> /home/tony/IntegracionRobotica/ros2_ws/install/joints_act/lib/python3.10/site-packages/joints_act
[0.818s] byte-compiling /home/tony/IntegracionRobotica/ros2_ws/install/joints_act/lib/python3.10/site-packages/joints_act/joint_pub.py to joint_pub.cpython-310.pyc
[0.818s] byte-compiling /home/tony/IntegracionRobotica/ros2_ws/install/joints_act/lib/python3.10/site-packages/joints_act/__init__.py to __init__.cpython-310.pyc
[0.818s] running install_data
[0.818s] creating /home/tony/IntegracionRobotica/ros2_ws/install/joints_act/share/ament_index
[0.818s] creating /home/tony/IntegracionRobotica/ros2_ws/install/joints_act/share/ament_index/resource_index
[0.818s] creating /home/tony/IntegracionRobotica/ros2_ws/install/joints_act/share/ament_index/resource_index/packages
[0.819s] copying resource/joints_act -> /home/tony/IntegracionRobotica/ros2_ws/install/joints_act/share/ament_index/resource_index/packages
[0.819s] copying package.xml -> /home/tony/IntegracionRobotica/ros2_ws/install/joints_act/share/joints_act
[0.819s] creating /home/tony/IntegracionRobotica/ros2_ws/install/joints_act/share/joints_act/launch
[0.819s] copying launch/contiuos_launch.py -> /home/tony/IntegracionRobotica/ros2_ws/install/joints_act/share/joints_act/launch
[0.819s] copying launch/fixed_launch.py -> /home/tony/IntegracionRobotica/ros2_ws/install/joints_act/share/joints_act/launch
[0.819s] creating /home/tony/IntegracionRobotica/ros2_ws/install/joints_act/share/joints_act/config
[0.819s] creating /home/tony/IntegracionRobotica/ros2_ws/install/joints_act/share/joints_act/rviz
[0.819s] creating /home/tony/IntegracionRobotica/ros2_ws/install/joints_act/share/joints_act/meshes
[0.819s] creating /home/tony/IntegracionRobotica/ros2_ws/install/joints_act/share/joints_act/urdf
[0.819s] copying urdf/fixed_ex.urdf -> /home/tony/IntegracionRobotica/ros2_ws/install/joints_act/share/joints_act/urdf
[0.819s] copying urdf/continuos_ex.urdf -> /home/tony/IntegracionRobotica/ros2_ws/install/joints_act/share/joints_act/urdf
[0.820s] running install_egg_info
[0.820s] Copying ../../build/joints_act/joints_act.egg-info to /home/tony/IntegracionRobotica/ros2_ws/install/joints_act/lib/python3.10/site-packages/joints_act-0.0.0-py3.10.egg-info
[0.820s] running install_scripts
[0.831s] Installing joint_pub script to /home/tony/IntegracionRobotica/ros2_ws/install/joints_act/lib/joints_act
[0.831s] writing list of installed files to '/home/tony/IntegracionRobotica/ros2_ws/build/joints_act/install.log'
[0.849s] Invoked command in '/home/tony/IntegracionRobotica/ros2_ws/src/joints_act' returned '0': PYTHONPATH=/home/tony/IntegracionRobotica/ros2_ws/build/joints_act/prefix_override:/usr/lib/python3/dist-packages/colcon_core/task/python/colcon_distutils_commands:/home/tony/IntegracionRobotica/ros2_ws/install/joints_act/lib/python3.10/site-packages:${PYTHONPATH} /usr/bin/python3 -W ignore:setup.py install is deprecated -W ignore:easy_install command is deprecated setup.py egg_info --egg-base ../../build/joints_act build --build-base /home/tony/IntegracionRobotica/ros2_ws/build/joints_act/build install --record /home/tony/IntegracionRobotica/ros2_ws/build/joints_act/install.log --single-version-externally-managed install_data
