[0.854s] Invoking command in '/home/tony/IntegracionRobotica/ros2_ws/build/puzzlebot_sim': PYTHONPATH=/home/tony/IntegracionRobotica/ros2_ws/build/puzzlebot_sim/prefix_override:/usr/lib/python3/dist-packages/colcon_core/task/python/colcon_distutils_commands:/home/tony/IntegracionRobotica/ros2_ws/install/puzzlebot_sim/lib/python3.10/site-packages:${PYTHONPATH} /usr/bin/python3 -W ignore:setup.py install is deprecated -W ignore:easy_install command is deprecated setup.py develop --uninstall --editable --build-directory /home/tony/IntegracionRobotica/ros2_ws/build/puzzlebot_sim/build
[1.002s] running develop
[1.111s] Removing /home/tony/IntegracionRobotica/ros2_ws/install/puzzlebot_sim/lib/python3.10/site-packages/puzzlebot-sim.egg-link (link to .)
[1.135s] Invoked command in '/home/tony/IntegracionRobotica/ros2_ws/build/puzzlebot_sim' returned '0': PYTHONPATH=/home/tony/IntegracionRobotica/ros2_ws/build/puzzlebot_sim/prefix_override:/usr/lib/python3/dist-packages/colcon_core/task/python/colcon_distutils_commands:/home/tony/IntegracionRobotica/ros2_ws/install/puzzlebot_sim/lib/python3.10/site-packages:${PYTHONPATH} /usr/bin/python3 -W ignore:setup.py install is deprecated -W ignore:easy_install command is deprecated setup.py develop --uninstall --editable --build-directory /home/tony/IntegracionRobotica/ros2_ws/build/puzzlebot_sim/build
[1.136s] Invoking command in '/home/tony/IntegracionRobotica/ros2_ws/src/puzzlebot_sim': PYTHONPATH=/home/tony/IntegracionRobotica/ros2_ws/build/puzzlebot_sim/prefix_override:/usr/lib/python3/dist-packages/colcon_core/task/python/colcon_distutils_commands:/home/tony/IntegracionRobotica/ros2_ws/install/puzzlebot_sim/lib/python3.10/site-packages:${PYTHONPATH} /usr/bin/python3 -W ignore:setup.py install is deprecated -W ignore:easy_install command is deprecated setup.py egg_info --egg-base ../../build/puzzlebot_sim build --build-base /home/tony/IntegracionRobotica/ros2_ws/build/puzzlebot_sim/build install --record /home/tony/IntegracionRobotica/ros2_ws/build/puzzlebot_sim/install.log --single-version-externally-managed install_data --force
[1.283s] running egg_info
[1.283s] writing ../../build/puzzlebot_sim/puzzlebot_sim.egg-info/PKG-INFO
[1.283s] writing dependency_links to ../../build/puzzlebot_sim/puzzlebot_sim.egg-info/dependency_links.txt
[1.283s] writing entry points to ../../build/puzzlebot_sim/puzzlebot_sim.egg-info/entry_points.txt
[1.284s] writing requirements to ../../build/puzzlebot_sim/puzzlebot_sim.egg-info/requires.txt
[1.284s] writing top-level names to ../../build/puzzlebot_sim/puzzlebot_sim.egg-info/top_level.txt
[1.285s] reading manifest file '../../build/puzzlebot_sim/puzzlebot_sim.egg-info/SOURCES.txt'
[1.285s] adding license file 'LICENSE'
[1.285s] writing manifest file '../../build/puzzlebot_sim/puzzlebot_sim.egg-info/SOURCES.txt'
[1.285s] running build
[1.285s] running build_py
[1.285s] creating /home/tony/IntegracionRobotica/ros2_ws/build/puzzlebot_sim/build
[1.286s] creating /home/tony/IntegracionRobotica/ros2_ws/build/puzzlebot_sim/build/lib
[1.286s] creating /home/tony/IntegracionRobotica/ros2_ws/build/puzzlebot_sim/build/lib/puzzlebot_sim
[1.286s] copying puzzlebot_sim/shapeDrawer.py -> /home/tony/IntegracionRobotica/ros2_ws/build/puzzlebot_sim/build/lib/puzzlebot_sim
[1.286s] copying puzzlebot_sim/moveFoward.py -> /home/tony/IntegracionRobotica/ros2_ws/build/puzzlebot_sim/build/lib/puzzlebot_sim
[1.286s] copying puzzlebot_sim/localisation.py -> /home/tony/IntegracionRobotica/ros2_ws/build/puzzlebot_sim/build/lib/puzzlebot_sim
[1.286s] copying puzzlebot_sim/joint_state_publisher.py -> /home/tony/IntegracionRobotica/ros2_ws/build/puzzlebot_sim/build/lib/puzzlebot_sim
[1.286s] copying puzzlebot_sim/__init__.py -> /home/tony/IntegracionRobotica/ros2_ws/build/puzzlebot_sim/build/lib/puzzlebot_sim
[1.286s] copying puzzlebot_sim/kinematic_model_node.py -> /home/tony/IntegracionRobotica/ros2_ws/build/puzzlebot_sim/build/lib/puzzlebot_sim
[1.286s] copying puzzlebot_sim/puzzlebot_sim.py -> /home/tony/IntegracionRobotica/ros2_ws/build/puzzlebot_sim/build/lib/puzzlebot_sim
[1.286s] copying puzzlebot_sim/point_stabilisation_controller.py -> /home/tony/IntegracionRobotica/ros2_ws/build/puzzlebot_sim/build/lib/puzzlebot_sim
[1.286s] running install
[1.286s] running install_lib
[1.286s] creating /home/tony/IntegracionRobotica/ros2_ws/install/puzzlebot_sim/lib/python3.10/site-packages/puzzlebot_sim
[1.287s] copying /home/tony/IntegracionRobotica/ros2_ws/build/puzzlebot_sim/build/lib/puzzlebot_sim/shapeDrawer.py -> /home/tony/IntegracionRobotica/ros2_ws/install/puzzlebot_sim/lib/python3.10/site-packages/puzzlebot_sim
[1.287s] copying /home/tony/IntegracionRobotica/ros2_ws/build/puzzlebot_sim/build/lib/puzzlebot_sim/moveFoward.py -> /home/tony/IntegracionRobotica/ros2_ws/install/puzzlebot_sim/lib/python3.10/site-packages/puzzlebot_sim
[1.287s] copying /home/tony/IntegracionRobotica/ros2_ws/build/puzzlebot_sim/build/lib/puzzlebot_sim/localisation.py -> /home/tony/IntegracionRobotica/ros2_ws/install/puzzlebot_sim/lib/python3.10/site-packages/puzzlebot_sim
[1.287s] copying /home/tony/IntegracionRobotica/ros2_ws/build/puzzlebot_sim/build/lib/puzzlebot_sim/joint_state_publisher.py -> /home/tony/IntegracionRobotica/ros2_ws/install/puzzlebot_sim/lib/python3.10/site-packages/puzzlebot_sim
[1.287s] copying /home/tony/IntegracionRobotica/ros2_ws/build/puzzlebot_sim/build/lib/puzzlebot_sim/__init__.py -> /home/tony/IntegracionRobotica/ros2_ws/install/puzzlebot_sim/lib/python3.10/site-packages/puzzlebot_sim
[1.287s] copying /home/tony/IntegracionRobotica/ros2_ws/build/puzzlebot_sim/build/lib/puzzlebot_sim/kinematic_model_node.py -> /home/tony/IntegracionRobotica/ros2_ws/install/puzzlebot_sim/lib/python3.10/site-packages/puzzlebot_sim
[1.287s] copying /home/tony/IntegracionRobotica/ros2_ws/build/puzzlebot_sim/build/lib/puzzlebot_sim/puzzlebot_sim.py -> /home/tony/IntegracionRobotica/ros2_ws/install/puzzlebot_sim/lib/python3.10/site-packages/puzzlebot_sim
[1.287s] copying /home/tony/IntegracionRobotica/ros2_ws/build/puzzlebot_sim/build/lib/puzzlebot_sim/point_stabilisation_controller.py -> /home/tony/IntegracionRobotica/ros2_ws/install/puzzlebot_sim/lib/python3.10/site-packages/puzzlebot_sim
[1.287s] byte-compiling /home/tony/IntegracionRobotica/ros2_ws/install/puzzlebot_sim/lib/python3.10/site-packages/puzzlebot_sim/shapeDrawer.py to shapeDrawer.cpython-310.pyc
[1.288s] byte-compiling /home/tony/IntegracionRobotica/ros2_ws/install/puzzlebot_sim/lib/python3.10/site-packages/puzzlebot_sim/moveFoward.py to moveFoward.cpython-310.pyc
[1.288s] byte-compiling /home/tony/IntegracionRobotica/ros2_ws/install/puzzlebot_sim/lib/python3.10/site-packages/puzzlebot_sim/localisation.py to localisation.cpython-310.pyc
[1.288s] byte-compiling /home/tony/IntegracionRobotica/ros2_ws/install/puzzlebot_sim/lib/python3.10/site-packages/puzzlebot_sim/joint_state_publisher.py to joint_state_publisher.cpython-310.pyc
[1.289s] byte-compiling /home/tony/IntegracionRobotica/ros2_ws/install/puzzlebot_sim/lib/python3.10/site-packages/puzzlebot_sim/__init__.py to __init__.cpython-310.pyc
[1.289s] byte-compiling /home/tony/IntegracionRobotica/ros2_ws/install/puzzlebot_sim/lib/python3.10/site-packages/puzzlebot_sim/kinematic_model_node.py to kinematic_model_node.cpython-310.pyc
[1.289s] byte-compiling /home/tony/IntegracionRobotica/ros2_ws/install/puzzlebot_sim/lib/python3.10/site-packages/puzzlebot_sim/puzzlebot_sim.py to puzzlebot_sim.cpython-310.pyc
[1.290s] byte-compiling /home/tony/IntegracionRobotica/ros2_ws/install/puzzlebot_sim/lib/python3.10/site-packages/puzzlebot_sim/point_stabilisation_controller.py to point_stabilisation_controller.cpython-310.pyc
[1.290s] running install_data
[1.290s] copying resource/puzzlebot_sim -> /home/tony/IntegracionRobotica/ros2_ws/install/puzzlebot_sim/share/ament_index/resource_index/packages
[1.290s] copying package.xml -> /home/tony/IntegracionRobotica/ros2_ws/install/puzzlebot_sim/share/puzzlebot_sim
[1.290s] copying launch/puzzlebot_launch.py -> /home/tony/IntegracionRobotica/ros2_ws/install/puzzlebot_sim/share/puzzlebot_sim/launch
[1.290s] copying rviz/puzzlebot_rviz.rviz -> /home/tony/IntegracionRobotica/ros2_ws/install/puzzlebot_sim/share/puzzlebot_sim/rviz
[1.290s] copying meshes/Puzzlebot_Wheel.stl -> /home/tony/IntegracionRobotica/ros2_ws/install/puzzlebot_sim/share/puzzlebot_sim/meshes
[1.291s] copying meshes/Puzzlebot_Jetson_Lidar_Edition_Base.stl -> /home/tony/IntegracionRobotica/ros2_ws/install/puzzlebot_sim/share/puzzlebot_sim/meshes
[1.291s] copying meshes/Puzzlebot_Caster_Wheel.stl -> /home/tony/IntegracionRobotica/ros2_ws/install/puzzlebot_sim/share/puzzlebot_sim/meshes
[1.292s] copying urdf/puzzlebot.urdf -> /home/tony/IntegracionRobotica/ros2_ws/install/puzzlebot_sim/share/puzzlebot_sim/urdf
[1.292s] running install_egg_info
[1.293s] Copying ../../build/puzzlebot_sim/puzzlebot_sim.egg-info to /home/tony/IntegracionRobotica/ros2_ws/install/puzzlebot_sim/lib/python3.10/site-packages/puzzlebot_sim-0.0.0-py3.10.egg-info
[1.293s] running install_scripts
[1.306s] Installing joint_state_publisher script to /home/tony/IntegracionRobotica/ros2_ws/install/puzzlebot_sim/lib/puzzlebot_sim
[1.306s] Installing localisation script to /home/tony/IntegracionRobotica/ros2_ws/install/puzzlebot_sim/lib/puzzlebot_sim
[1.306s] Installing moveFoward script to /home/tony/IntegracionRobotica/ros2_ws/install/puzzlebot_sim/lib/puzzlebot_sim
[1.306s] Installing point_stabilisation_controller script to /home/tony/IntegracionRobotica/ros2_ws/install/puzzlebot_sim/lib/puzzlebot_sim
[1.306s] Installing puzzlebot_kinematic_model script to /home/tony/IntegracionRobotica/ros2_ws/install/puzzlebot_sim/lib/puzzlebot_sim
[1.306s] Installing puzzlebot_sim script to /home/tony/IntegracionRobotica/ros2_ws/install/puzzlebot_sim/lib/puzzlebot_sim
[1.306s] Installing shapeDrawer script to /home/tony/IntegracionRobotica/ros2_ws/install/puzzlebot_sim/lib/puzzlebot_sim
[1.306s] writing list of installed files to '/home/tony/IntegracionRobotica/ros2_ws/build/puzzlebot_sim/install.log'
[1.342s] Invoked command in '/home/tony/IntegracionRobotica/ros2_ws/src/puzzlebot_sim' returned '0': PYTHONPATH=/home/tony/IntegracionRobotica/ros2_ws/build/puzzlebot_sim/prefix_override:/usr/lib/python3/dist-packages/colcon_core/task/python/colcon_distutils_commands:/home/tony/IntegracionRobotica/ros2_ws/install/puzzlebot_sim/lib/python3.10/site-packages:${PYTHONPATH} /usr/bin/python3 -W ignore:setup.py install is deprecated -W ignore:easy_install command is deprecated setup.py egg_info --egg-base ../../build/puzzlebot_sim build --build-base /home/tony/IntegracionRobotica/ros2_ws/build/puzzlebot_sim/build install --record /home/tony/IntegracionRobotica/ros2_ws/build/puzzlebot_sim/install.log --single-version-externally-managed install_data --force
