/home/tony/IntegracionRobotica/ros2_ws/install/link_act/lib/python3.10/site-packages/link_act/__init__.py
/home/tony/IntegracionRobotica/ros2_ws/install/link_act/lib/python3.10/site-packages/link_act/puzzle_drone.py
/home/tony/IntegracionRobotica/ros2_ws/install/link_act/lib/python3.10/site-packages/link_act/__pycache__/__init__.cpython-310.pyc
/home/tony/IntegracionRobotica/ros2_ws/install/link_act/lib/python3.10/site-packages/link_act/__pycache__/puzzle_drone.cpython-310.pyc
/home/tony/IntegracionRobotica/ros2_ws/install/link_act/share/ament_index/resource_index/packages/link_act
/home/tony/IntegracionRobotica/ros2_ws/install/link_act/share/link_act/package.xml
/home/tony/IntegracionRobotica/ros2_ws/install/link_act/share/link_act/launch/cylinder_launch.py
/home/tony/IntegracionRobotica/ros2_ws/install/link_act/share/link_act/launch/puzzledrone_launch.py
/home/tony/IntegracionRobotica/ros2_ws/install/link_act/share/link_act/config
/home/tony/IntegracionRobotica/ros2_ws/install/link_act/share/link_act/rviz/puzzledrone.rviz
/home/tony/IntegracionRobotica/ros2_ws/install/link_act/share/link_act/meshes/base_210mm.stl
/home/tony/IntegracionRobotica/ros2_ws/install/link_act/share/link_act/meshes/propeller_ccw_puller_5in.stl
/home/tony/IntegracionRobotica/ros2_ws/install/link_act/share/link_act/meshes/propeller_cw_puller_5in.stl
/home/tony/IntegracionRobotica/ros2_ws/install/link_act/share/link_act/urdf/cylinder.urdf
/home/tony/IntegracionRobotica/ros2_ws/install/link_act/share/link_act/urdf/puzzle_drone.urdf
/home/tony/IntegracionRobotica/ros2_ws/install/link_act/lib/python3.10/site-packages/link_act-0.0.0-py3.10.egg-info/dependency_links.txt
/home/tony/IntegracionRobotica/ros2_ws/install/link_act/lib/python3.10/site-packages/link_act-0.0.0-py3.10.egg-info/entry_points.txt
/home/tony/IntegracionRobotica/ros2_ws/install/link_act/lib/python3.10/site-packages/link_act-0.0.0-py3.10.egg-info/zip-safe
/home/tony/IntegracionRobotica/ros2_ws/install/link_act/lib/python3.10/site-packages/link_act-0.0.0-py3.10.egg-info/PKG-INFO
/home/tony/IntegracionRobotica/ros2_ws/install/link_act/lib/python3.10/site-packages/link_act-0.0.0-py3.10.egg-info/SOURCES.txt
/home/tony/IntegracionRobotica/ros2_ws/install/link_act/lib/python3.10/site-packages/link_act-0.0.0-py3.10.egg-info/top_level.txt
/home/tony/IntegracionRobotica/ros2_ws/install/link_act/lib/python3.10/site-packages/link_act-0.0.0-py3.10.egg-info/requires.txt
/home/tony/IntegracionRobotica/ros2_ws/install/link_act/lib/link_act/puzzle_drone
