[0.498s] Invoking command in '/home/tony/IntegracionRobotica/ros2_ws/src/puzzlebot_sim': PYTHONPATH=/home/tony/IntegracionRobotica/ros2_ws/build/puzzlebot_sim/prefix_override:/usr/lib/python3/dist-packages/colcon_core/task/python/colcon_distutils_commands:/home/tony/IntegracionRobotica/ros2_ws/install/puzzlebot_sim/lib/python3.10/site-packages:${PYTHONPATH} /usr/bin/python3 -W ignore:setup.py install is deprecated -W ignore:easy_install command is deprecated setup.py egg_info --egg-base ../../build/puzzlebot_sim build --build-base /home/tony/IntegracionRobotica/ros2_ws/build/puzzlebot_sim/build install --record /home/tony/IntegracionRobotica/ros2_ws/build/puzzlebot_sim/install.log --single-version-externally-managed install_data
[0.623s] running egg_info
[0.623s] creating ../../build/puzzlebot_sim/puzzlebot_sim.egg-info
[0.623s] writing ../../build/puzzlebot_sim/puzzlebot_sim.egg-info/PKG-INFO
[0.623s] writing dependency_links to ../../build/puzzlebot_sim/puzzlebot_sim.egg-info/dependency_links.txt
[0.623s] writing entry points to ../../build/puzzlebot_sim/puzzlebot_sim.egg-info/entry_points.txt
[0.623s] writing requirements to ../../build/puzzlebot_sim/puzzlebot_sim.egg-info/requires.txt
[0.623s] writing top-level names to ../../build/puzzlebot_sim/puzzlebot_sim.egg-info/top_level.txt
[0.623s] writing manifest file '../../build/puzzlebot_sim/puzzlebot_sim.egg-info/SOURCES.txt'
[0.624s] reading manifest file '../../build/puzzlebot_sim/puzzlebot_sim.egg-info/SOURCES.txt'
[0.624s] adding license file 'LICENSE'
[0.624s] writing manifest file '../../build/puzzlebot_sim/puzzlebot_sim.egg-info/SOURCES.txt'
[0.624s] running build
[0.624s] running build_py
[0.625s] creating /home/tony/IntegracionRobotica/ros2_ws/build/puzzlebot_sim/build
[0.625s] creating /home/tony/IntegracionRobotica/ros2_ws/build/puzzlebot_sim/build/lib
[0.625s] creating /home/tony/IntegracionRobotica/ros2_ws/build/puzzlebot_sim/build/lib/puzzlebot_sim
[0.625s] copying puzzlebot_sim/joint_state_publisher.py -> /home/tony/IntegracionRobotica/ros2_ws/build/puzzlebot_sim/build/lib/puzzlebot_sim
[0.625s] copying puzzlebot_sim/__init__.py -> /home/tony/IntegracionRobotica/ros2_ws/build/puzzlebot_sim/build/lib/puzzlebot_sim
[0.625s] copying puzzlebot_sim/puzzlebot_sim.py -> /home/tony/IntegracionRobotica/ros2_ws/build/puzzlebot_sim/build/lib/puzzlebot_sim
[0.625s] running install
[0.625s] running install_lib
[0.625s] creating /home/tony/IntegracionRobotica/ros2_ws/install/puzzlebot_sim/lib/python3.10/site-packages/puzzlebot_sim
[0.625s] copying /home/tony/IntegracionRobotica/ros2_ws/build/puzzlebot_sim/build/lib/puzzlebot_sim/joint_state_publisher.py -> /home/tony/IntegracionRobotica/ros2_ws/install/puzzlebot_sim/lib/python3.10/site-packages/puzzlebot_sim
[0.625s] copying /home/tony/IntegracionRobotica/ros2_ws/build/puzzlebot_sim/build/lib/puzzlebot_sim/__init__.py -> /home/tony/IntegracionRobotica/ros2_ws/install/puzzlebot_sim/lib/python3.10/site-packages/puzzlebot_sim
[0.625s] copying /home/tony/IntegracionRobotica/ros2_ws/build/puzzlebot_sim/build/lib/puzzlebot_sim/puzzlebot_sim.py -> /home/tony/IntegracionRobotica/ros2_ws/install/puzzlebot_sim/lib/python3.10/site-packages/puzzlebot_sim
[0.625s] byte-compiling /home/tony/IntegracionRobotica/ros2_ws/install/puzzlebot_sim/lib/python3.10/site-packages/puzzlebot_sim/joint_state_publisher.py to joint_state_publisher.cpython-310.pyc
[0.626s] byte-compiling /home/tony/IntegracionRobotica/ros2_ws/install/puzzlebot_sim/lib/python3.10/site-packages/puzzlebot_sim/__init__.py to __init__.cpython-310.pyc
[0.626s] byte-compiling /home/tony/IntegracionRobotica/ros2_ws/install/puzzlebot_sim/lib/python3.10/site-packages/puzzlebot_sim/puzzlebot_sim.py to puzzlebot_sim.cpython-310.pyc
[0.626s] running install_data
[0.626s] creating /home/tony/IntegracionRobotica/ros2_ws/install/puzzlebot_sim/share/ament_index
[0.626s] creating /home/tony/IntegracionRobotica/ros2_ws/install/puzzlebot_sim/share/ament_index/resource_index
[0.626s] creating /home/tony/IntegracionRobotica/ros2_ws/install/puzzlebot_sim/share/ament_index/resource_index/packages
[0.626s] copying resource/puzzlebot_sim -> /home/tony/IntegracionRobotica/ros2_ws/install/puzzlebot_sim/share/ament_index/resource_index/packages
[0.626s] copying package.xml -> /home/tony/IntegracionRobotica/ros2_ws/install/puzzlebot_sim/share/puzzlebot_sim
[0.627s] creating /home/tony/IntegracionRobotica/ros2_ws/install/puzzlebot_sim/share/puzzlebot_sim/launch
[0.627s] copying launch/puzzlebot_launch.py -> /home/tony/IntegracionRobotica/ros2_ws/install/puzzlebot_sim/share/puzzlebot_sim/launch
[0.627s] creating /home/tony/IntegracionRobotica/ros2_ws/install/puzzlebot_sim/share/puzzlebot_sim/config
[0.627s] creating /home/tony/IntegracionRobotica/ros2_ws/install/puzzlebot_sim/share/puzzlebot_sim/rviz
[0.627s] copying rviz/puzzlebot_rviz.rviz -> /home/tony/IntegracionRobotica/ros2_ws/install/puzzlebot_sim/share/puzzlebot_sim/rviz
[0.627s] creating /home/tony/IntegracionRobotica/ros2_ws/install/puzzlebot_sim/share/puzzlebot_sim/meshes
[0.627s] copying meshes/Puzzlebot_Wheel.stl -> /home/tony/IntegracionRobotica/ros2_ws/install/puzzlebot_sim/share/puzzlebot_sim/meshes
[0.627s] copying meshes/Puzzlebot_Jetson_Lidar_Edition_Base.stl -> /home/tony/IntegracionRobotica/ros2_ws/install/puzzlebot_sim/share/puzzlebot_sim/meshes
[0.627s] copying meshes/Puzzlebot_Caster_Wheel.stl -> /home/tony/IntegracionRobotica/ros2_ws/install/puzzlebot_sim/share/puzzlebot_sim/meshes
[0.627s] creating /home/tony/IntegracionRobotica/ros2_ws/install/puzzlebot_sim/share/puzzlebot_sim/urdf
[0.627s] copying urdf/puzzlebot.urdf -> /home/tony/IntegracionRobotica/ros2_ws/install/puzzlebot_sim/share/puzzlebot_sim/urdf
[0.627s] running install_egg_info
[0.628s] Copying ../../build/puzzlebot_sim/puzzlebot_sim.egg-info to /home/tony/IntegracionRobotica/ros2_ws/install/puzzlebot_sim/lib/python3.10/site-packages/puzzlebot_sim-0.0.0-py3.10.egg-info
[0.629s] running install_scripts
[0.639s] Installing joint_state_publisher script to /home/tony/IntegracionRobotica/ros2_ws/install/puzzlebot_sim/lib/puzzlebot_sim
[0.639s] writing list of installed files to '/home/tony/IntegracionRobotica/ros2_ws/build/puzzlebot_sim/install.log'
[0.654s] Invoked command in '/home/tony/IntegracionRobotica/ros2_ws/src/puzzlebot_sim' returned '0': PYTHONPATH=/home/tony/IntegracionRobotica/ros2_ws/build/puzzlebot_sim/prefix_override:/usr/lib/python3/dist-packages/colcon_core/task/python/colcon_distutils_commands:/home/tony/IntegracionRobotica/ros2_ws/install/puzzlebot_sim/lib/python3.10/site-packages:${PYTHONPATH} /usr/bin/python3 -W ignore:setup.py install is deprecated -W ignore:easy_install command is deprecated setup.py egg_info --egg-base ../../build/puzzlebot_sim build --build-base /home/tony/IntegracionRobotica/ros2_ws/build/puzzlebot_sim/build install --record /home/tony/IntegracionRobotica/ros2_ws/build/puzzlebot_sim/install.log --single-version-externally-managed install_data
