/home/tony/IntegracionRobotica/ros2_ws/install/joints_act/lib/python3.10/site-packages/joints_act/joint_pub.py
/home/tony/IntegracionRobotica/ros2_ws/install/joints_act/lib/python3.10/site-packages/joints_act/__init__.py
/home/tony/IntegracionRobotica/ros2_ws/install/joints_act/lib/python3.10/site-packages/joints_act/__pycache__/joint_pub.cpython-310.pyc
/home/tony/IntegracionRobotica/ros2_ws/install/joints_act/lib/python3.10/site-packages/joints_act/__pycache__/__init__.cpython-310.pyc
/home/tony/IntegracionRobotica/ros2_ws/install/joints_act/share/ament_index/resource_index/packages/joints_act
/home/tony/IntegracionRobotica/ros2_ws/install/joints_act/share/joints_act/package.xml
/home/tony/IntegracionRobotica/ros2_ws/install/joints_act/share/joints_act/launch/contiuos_launch.py
/home/tony/IntegracionRobotica/ros2_ws/install/joints_act/share/joints_act/launch/fixed_launch.py
/home/tony/IntegracionRobotica/ros2_ws/install/joints_act/share/joints_act/config
/home/tony/IntegracionRobotica/ros2_ws/install/joints_act/share/joints_act/rviz
/home/tony/IntegracionRobotica/ros2_ws/install/joints_act/share/joints_act/meshes
/home/tony/IntegracionRobotica/ros2_ws/install/joints_act/share/joints_act/urdf/fixed_ex.urdf
/home/tony/IntegracionRobotica/ros2_ws/install/joints_act/share/joints_act/urdf/continuos_ex.urdf
/home/tony/IntegracionRobotica/ros2_ws/install/joints_act/lib/python3.10/site-packages/joints_act-0.0.0-py3.10.egg-info/dependency_links.txt
/home/tony/IntegracionRobotica/ros2_ws/install/joints_act/lib/python3.10/site-packages/joints_act-0.0.0-py3.10.egg-info/entry_points.txt
/home/tony/IntegracionRobotica/ros2_ws/install/joints_act/lib/python3.10/site-packages/joints_act-0.0.0-py3.10.egg-info/zip-safe
/home/tony/IntegracionRobotica/ros2_ws/install/joints_act/lib/python3.10/site-packages/joints_act-0.0.0-py3.10.egg-info/PKG-INFO
/home/tony/IntegracionRobotica/ros2_ws/install/joints_act/lib/python3.10/site-packages/joints_act-0.0.0-py3.10.egg-info/SOURCES.txt
/home/tony/IntegracionRobotica/ros2_ws/install/joints_act/lib/python3.10/site-packages/joints_act-0.0.0-py3.10.egg-info/top_level.txt
/home/tony/IntegracionRobotica/ros2_ws/install/joints_act/lib/python3.10/site-packages/joints_act-0.0.0-py3.10.egg-info/requires.txt
/home/tony/IntegracionRobotica/ros2_ws/install/joints_act/lib/joints_act/joint_pub
