/home/tony/IntegracionRobotica/ros2_ws/install/puzzlebot2_sim/lib/python3.10/site-packages/puzzlebot2_sim/localisation.py
/home/tony/IntegracionRobotica/ros2_ws/install/puzzlebot2_sim/lib/python3.10/site-packages/puzzlebot2_sim/__init__.py
/home/tony/IntegracionRobotica/ros2_ws/install/puzzlebot2_sim/lib/python3.10/site-packages/puzzlebot2_sim/puzzlebot_sim.py
/home/tony/IntegracionRobotica/ros2_ws/install/puzzlebot2_sim/lib/python3.10/site-packages/puzzlebot2_sim/point_stabilisation_control.py
/home/tony/IntegracionRobotica/ros2_ws/install/puzzlebot2_sim/lib/python3.10/site-packages/puzzlebot2_sim/joint_state_pub.py
/home/tony/IntegracionRobotica/ros2_ws/install/puzzlebot2_sim/lib/python3.10/site-packages/puzzlebot2_sim/__pycache__/localisation.cpython-310.pyc
/home/tony/IntegracionRobotica/ros2_ws/install/puzzlebot2_sim/lib/python3.10/site-packages/puzzlebot2_sim/__pycache__/__init__.cpython-310.pyc
/home/tony/IntegracionRobotica/ros2_ws/install/puzzlebot2_sim/lib/python3.10/site-packages/puzzlebot2_sim/__pycache__/puzzlebot_sim.cpython-310.pyc
/home/tony/IntegracionRobotica/ros2_ws/install/puzzlebot2_sim/lib/python3.10/site-packages/puzzlebot2_sim/__pycache__/point_stabilisation_control.cpython-310.pyc
/home/tony/IntegracionRobotica/ros2_ws/install/puzzlebot2_sim/lib/python3.10/site-packages/puzzlebot2_sim/__pycache__/joint_state_pub.cpython-310.pyc
/home/tony/IntegracionRobotica/ros2_ws/install/puzzlebot2_sim/share/ament_index/resource_index/packages/puzzlebot2_sim
/home/tony/IntegracionRobotica/ros2_ws/install/puzzlebot2_sim/share/puzzlebot2_sim/package.xml
/home/tony/IntegracionRobotica/ros2_ws/install/puzzlebot2_sim/share/puzzlebot2_sim/launch/puzzlebot_sim_launch.py
/home/tony/IntegracionRobotica/ros2_ws/install/puzzlebot2_sim/share/puzzlebot2_sim/config
/home/tony/IntegracionRobotica/ros2_ws/install/puzzlebot2_sim/share/puzzlebot2_sim/rviz/simple_puzzlebot_rviz.rviz
/home/tony/IntegracionRobotica/ros2_ws/install/puzzlebot2_sim/share/puzzlebot2_sim/rviz/multi_puzzlebot_rviz.rviz
/home/tony/IntegracionRobotica/ros2_ws/install/puzzlebot2_sim/share/puzzlebot2_sim/rviz/puzzlebot_rviz.rviz
/home/tony/IntegracionRobotica/ros2_ws/install/puzzlebot2_sim/share/puzzlebot2_sim/meshes/MCR2_puzzlebot_base.stl
/home/tony/IntegracionRobotica/ros2_ws/install/puzzlebot2_sim/share/puzzlebot2_sim/meshes/MCR2_puzzlebot_jetson_lidar_base.stl
/home/tony/IntegracionRobotica/ros2_ws/install/puzzlebot2_sim/share/puzzlebot2_sim/meshes/MCR2_caster_wheel.stl
/home/tony/IntegracionRobotica/ros2_ws/install/puzzlebot2_sim/share/puzzlebot2_sim/meshes/MCR2_puzzlebot_jetson_base.stl
/home/tony/IntegracionRobotica/ros2_ws/install/puzzlebot2_sim/share/puzzlebot2_sim/meshes/MCR2_wheel.stl
/home/tony/IntegracionRobotica/ros2_ws/install/puzzlebot2_sim/share/puzzlebot2_sim/urdf/puzzlebot.urdf
/home/tony/IntegracionRobotica/ros2_ws/install/puzzlebot2_sim/lib/python3.10/site-packages/puzzlebot2_sim-0.0.0-py3.10.egg-info/dependency_links.txt
/home/tony/IntegracionRobotica/ros2_ws/install/puzzlebot2_sim/lib/python3.10/site-packages/puzzlebot2_sim-0.0.0-py3.10.egg-info/entry_points.txt
/home/tony/IntegracionRobotica/ros2_ws/install/puzzlebot2_sim/lib/python3.10/site-packages/puzzlebot2_sim-0.0.0-py3.10.egg-info/zip-safe
/home/tony/IntegracionRobotica/ros2_ws/install/puzzlebot2_sim/lib/python3.10/site-packages/puzzlebot2_sim-0.0.0-py3.10.egg-info/PKG-INFO
/home/tony/IntegracionRobotica/ros2_ws/install/puzzlebot2_sim/lib/python3.10/site-packages/puzzlebot2_sim-0.0.0-py3.10.egg-info/SOURCES.txt
/home/tony/IntegracionRobotica/ros2_ws/install/puzzlebot2_sim/lib/python3.10/site-packages/puzzlebot2_sim-0.0.0-py3.10.egg-info/top_level.txt
/home/tony/IntegracionRobotica/ros2_ws/install/puzzlebot2_sim/lib/python3.10/site-packages/puzzlebot2_sim-0.0.0-py3.10.egg-info/requires.txt
/home/tony/IntegracionRobotica/ros2_ws/install/puzzlebot2_sim/lib/puzzlebot_sim/joint_state_pub
/home/tony/IntegracionRobotica/ros2_ws/install/puzzlebot2_sim/lib/puzzlebot_sim/localisation
/home/tony/IntegracionRobotica/ros2_ws/install/puzzlebot2_sim/lib/puzzlebot_sim/point_stabilisation_control
/home/tony/IntegracionRobotica/ros2_ws/install/puzzlebot2_sim/lib/puzzlebot_sim/puzzlebot_sim
