running develop
running egg_info
creating puzzlebot_sim.egg-info
writing puzzlebot_sim.egg-info/PKG-INFO
writing dependency_links to puzzlebot_sim.egg-info/dependency_links.txt
writing entry points to puzzlebot_sim.egg-info/entry_points.txt
writing requirements to puzzlebot_sim.egg-info/requires.txt
writing top-level names to puzzlebot_sim.egg-info/top_level.txt
writing manifest file 'puzzlebot_sim.egg-info/SOURCES.txt'
reading manifest file 'puzzlebot_sim.egg-info/SOURCES.txt'
writing manifest file 'puzzlebot_sim.egg-info/SOURCES.txt'
running build_ext
Creating /home/tony/IntegracionRobotica/ros2_ws/install/puzzlebot_sim/lib/python3.10/site-packages/puzzlebot-sim.egg-link (link to .)
Installing joint_state_publisher script to /home/tony/IntegracionRobotica/ros2_ws/install/puzzlebot_sim/lib/puzzlebot_sim
Installing localisation script to /home/tony/IntegracionRobotica/ros2_ws/install/puzzlebot_sim/lib/puzzlebot_sim
Installing moveFoward script to /home/tony/IntegracionRobotica/ros2_ws/install/puzzlebot_sim/lib/puzzlebot_sim
Installing point_stabilisation_controller script to /home/tony/IntegracionRobotica/ros2_ws/install/puzzlebot_sim/lib/puzzlebot_sim
Installing puzzlebot_kinematic_model script to /home/tony/IntegracionRobotica/ros2_ws/install/puzzlebot_sim/lib/puzzlebot_sim
Installing puzzlebot_sim script to /home/tony/IntegracionRobotica/ros2_ws/install/puzzlebot_sim/lib/puzzlebot_sim
Installing shapeDrawer script to /home/tony/IntegracionRobotica/ros2_ws/install/puzzlebot_sim/lib/puzzlebot_sim

Installed /home/tony/IntegracionRobotica/ros2_ws/build/puzzlebot_sim
running symlink_data
creating /home/tony/IntegracionRobotica/ros2_ws/install/puzzlebot_sim/share/ament_index
creating /home/tony/IntegracionRobotica/ros2_ws/install/puzzlebot_sim/share/ament_index/resource_index
creating /home/tony/IntegracionRobotica/ros2_ws/install/puzzlebot_sim/share/ament_index/resource_index/packages
symbolically linking /home/tony/IntegracionRobotica/ros2_ws/build/puzzlebot_sim/resource/puzzlebot_sim -> /home/tony/IntegracionRobotica/ros2_ws/install/puzzlebot_sim/share/ament_index/resource_index/packages
symbolically linking /home/tony/IntegracionRobotica/ros2_ws/build/puzzlebot_sim/package.xml -> /home/tony/IntegracionRobotica/ros2_ws/install/puzzlebot_sim/share/puzzlebot_sim
creating /home/tony/IntegracionRobotica/ros2_ws/install/puzzlebot_sim/share/puzzlebot_sim/launch
symbolically linking /home/tony/IntegracionRobotica/ros2_ws/build/puzzlebot_sim/launch/puzzlebot_launch.py -> /home/tony/IntegracionRobotica/ros2_ws/install/puzzlebot_sim/share/puzzlebot_sim/launch
creating /home/tony/IntegracionRobotica/ros2_ws/install/puzzlebot_sim/share/puzzlebot_sim/config
creating /home/tony/IntegracionRobotica/ros2_ws/install/puzzlebot_sim/share/puzzlebot_sim/rviz
symbolically linking /home/tony/IntegracionRobotica/ros2_ws/build/puzzlebot_sim/rviz/puzzlebot_rviz.rviz -> /home/tony/IntegracionRobotica/ros2_ws/install/puzzlebot_sim/share/puzzlebot_sim/rviz
creating /home/tony/IntegracionRobotica/ros2_ws/install/puzzlebot_sim/share/puzzlebot_sim/meshes
symbolically linking /home/tony/IntegracionRobotica/ros2_ws/build/puzzlebot_sim/meshes/Puzzlebot_Wheel.stl -> /home/tony/IntegracionRobotica/ros2_ws/install/puzzlebot_sim/share/puzzlebot_sim/meshes
symbolically linking /home/tony/IntegracionRobotica/ros2_ws/build/puzzlebot_sim/meshes/Puzzlebot_Jetson_Lidar_Edition_Base.stl -> /home/tony/IntegracionRobotica/ros2_ws/install/puzzlebot_sim/share/puzzlebot_sim/meshes
symbolically linking /home/tony/IntegracionRobotica/ros2_ws/build/puzzlebot_sim/meshes/Puzzlebot_Caster_Wheel.stl -> /home/tony/IntegracionRobotica/ros2_ws/install/puzzlebot_sim/share/puzzlebot_sim/meshes
creating /home/tony/IntegracionRobotica/ros2_ws/install/puzzlebot_sim/share/puzzlebot_sim/urdf
symbolically linking /home/tony/IntegracionRobotica/ros2_ws/build/puzzlebot_sim/urdf/puzzlebot.urdf -> /home/tony/IntegracionRobotica/ros2_ws/install/puzzlebot_sim/share/puzzlebot_sim/urdf
