[0.817s] Invoking command in '/home/tony/IntegracionRobotica/ros2_ws/build/puzzlebot_sim': PYTHONPATH=/home/tony/IntegracionRobotica/ros2_ws/build/puzzlebot_sim/prefix_override:/usr/lib/python3/dist-packages/colcon_core/task/python/colcon_distutils_commands:/home/tony/IntegracionRobotica/ros2_ws/install/puzzlebot_sim/lib/python3.10/site-packages:${PYTHONPATH} /usr/bin/python3 -W ignore:setup.py install is deprecated -W ignore:easy_install command is deprecated setup.py develop --editable --build-directory /home/tony/IntegracionRobotica/ros2_ws/build/puzzlebot_sim/build --no-deps symlink_data
[0.970s] running develop
[1.060s] running egg_info
[1.060s] creating puzzlebot_sim.egg-info
[1.060s] writing puzzlebot_sim.egg-info/PKG-INFO
[1.060s] writing dependency_links to puzzlebot_sim.egg-info/dependency_links.txt
[1.060s] writing entry points to puzzlebot_sim.egg-info/entry_points.txt
[1.060s] writing requirements to puzzlebot_sim.egg-info/requires.txt
[1.060s] writing top-level names to puzzlebot_sim.egg-info/top_level.txt
[1.060s] writing manifest file 'puzzlebot_sim.egg-info/SOURCES.txt'
[1.062s] reading manifest file 'puzzlebot_sim.egg-info/SOURCES.txt'
[1.062s] writing manifest file 'puzzlebot_sim.egg-info/SOURCES.txt'
[1.063s] running build_ext
[1.063s] Creating /home/tony/IntegracionRobotica/ros2_ws/install/puzzlebot_sim/lib/python3.10/site-packages/puzzlebot-sim.egg-link (link to .)
[1.063s] Installing joint_state_publisher script to /home/tony/IntegracionRobotica/ros2_ws/install/puzzlebot_sim/lib/puzzlebot_sim
[1.063s] Installing localisation script to /home/tony/IntegracionRobotica/ros2_ws/install/puzzlebot_sim/lib/puzzlebot_sim
[1.063s] Installing moveFoward script to /home/tony/IntegracionRobotica/ros2_ws/install/puzzlebot_sim/lib/puzzlebot_sim
[1.063s] Installing point_stabilisation_controller script to /home/tony/IntegracionRobotica/ros2_ws/install/puzzlebot_sim/lib/puzzlebot_sim
[1.063s] Installing puzzlebot_kinematic_model script to /home/tony/IntegracionRobotica/ros2_ws/install/puzzlebot_sim/lib/puzzlebot_sim
[1.064s] Installing puzzlebot_sim script to /home/tony/IntegracionRobotica/ros2_ws/install/puzzlebot_sim/lib/puzzlebot_sim
[1.064s] Installing shapeDrawer script to /home/tony/IntegracionRobotica/ros2_ws/install/puzzlebot_sim/lib/puzzlebot_sim
[1.064s] 
[1.064s] Installed /home/tony/IntegracionRobotica/ros2_ws/build/puzzlebot_sim
[1.064s] running symlink_data
[1.064s] creating /home/tony/IntegracionRobotica/ros2_ws/install/puzzlebot_sim/share/ament_index
[1.064s] creating /home/tony/IntegracionRobotica/ros2_ws/install/puzzlebot_sim/share/ament_index/resource_index
[1.064s] creating /home/tony/IntegracionRobotica/ros2_ws/install/puzzlebot_sim/share/ament_index/resource_index/packages
[1.064s] symbolically linking /home/tony/IntegracionRobotica/ros2_ws/build/puzzlebot_sim/resource/puzzlebot_sim -> /home/tony/IntegracionRobotica/ros2_ws/install/puzzlebot_sim/share/ament_index/resource_index/packages
[1.064s] symbolically linking /home/tony/IntegracionRobotica/ros2_ws/build/puzzlebot_sim/package.xml -> /home/tony/IntegracionRobotica/ros2_ws/install/puzzlebot_sim/share/puzzlebot_sim
[1.064s] creating /home/tony/IntegracionRobotica/ros2_ws/install/puzzlebot_sim/share/puzzlebot_sim/launch
[1.064s] symbolically linking /home/tony/IntegracionRobotica/ros2_ws/build/puzzlebot_sim/launch/puzzlebot_launch.py -> /home/tony/IntegracionRobotica/ros2_ws/install/puzzlebot_sim/share/puzzlebot_sim/launch
[1.064s] creating /home/tony/IntegracionRobotica/ros2_ws/install/puzzlebot_sim/share/puzzlebot_sim/config
[1.064s] creating /home/tony/IntegracionRobotica/ros2_ws/install/puzzlebot_sim/share/puzzlebot_sim/rviz
[1.064s] symbolically linking /home/tony/IntegracionRobotica/ros2_ws/build/puzzlebot_sim/rviz/puzzlebot_rviz.rviz -> /home/tony/IntegracionRobotica/ros2_ws/install/puzzlebot_sim/share/puzzlebot_sim/rviz
[1.064s] creating /home/tony/IntegracionRobotica/ros2_ws/install/puzzlebot_sim/share/puzzlebot_sim/meshes
[1.064s] symbolically linking /home/tony/IntegracionRobotica/ros2_ws/build/puzzlebot_sim/meshes/Puzzlebot_Wheel.stl -> /home/tony/IntegracionRobotica/ros2_ws/install/puzzlebot_sim/share/puzzlebot_sim/meshes
[1.064s] symbolically linking /home/tony/IntegracionRobotica/ros2_ws/build/puzzlebot_sim/meshes/Puzzlebot_Jetson_Lidar_Edition_Base.stl -> /home/tony/IntegracionRobotica/ros2_ws/install/puzzlebot_sim/share/puzzlebot_sim/meshes
[1.064s] symbolically linking /home/tony/IntegracionRobotica/ros2_ws/build/puzzlebot_sim/meshes/Puzzlebot_Caster_Wheel.stl -> /home/tony/IntegracionRobotica/ros2_ws/install/puzzlebot_sim/share/puzzlebot_sim/meshes
[1.065s] creating /home/tony/IntegracionRobotica/ros2_ws/install/puzzlebot_sim/share/puzzlebot_sim/urdf
[1.065s] symbolically linking /home/tony/IntegracionRobotica/ros2_ws/build/puzzlebot_sim/urdf/puzzlebot.urdf -> /home/tony/IntegracionRobotica/ros2_ws/install/puzzlebot_sim/share/puzzlebot_sim/urdf
[1.087s] Invoked command in '/home/tony/IntegracionRobotica/ros2_ws/build/puzzlebot_sim' returned '0': PYTHONPATH=/home/tony/IntegracionRobotica/ros2_ws/build/puzzlebot_sim/prefix_override:/usr/lib/python3/dist-packages/colcon_core/task/python/colcon_distutils_commands:/home/tony/IntegracionRobotica/ros2_ws/install/puzzlebot_sim/lib/python3.10/site-packages:${PYTHONPATH} /usr/bin/python3 -W ignore:setup.py install is deprecated -W ignore:easy_install command is deprecated setup.py develop --editable --build-directory /home/tony/IntegracionRobotica/ros2_ws/build/puzzlebot_sim/build --no-deps symlink_data
